<?xml version="1.0" encoding="UTF-8"?>
<robot generator="Robot 4.1.3 (Python 3.10.2 on win32)" generated="20220224 20:55:10.515" rpa="false" schemaversion="2">
<suite id="s1" name="Tests" source="C:\Development\robot-scripts\spriteCloud\tests">
<suite id="s1-s1" name="API Tests" source="C:\Development\robot-scripts\spriteCloud\tests\API_Tests.robot">
<test id="s1-s1-t1" name="Add a new user to the Petstore system">
<kw name="Add User" library="Petstore">
<kw name="Create Dictionary" library="BuiltIn">
<var>${body}</var>
<arg>username=1</arg>
<arg>firstName=DYLAN</arg>
<doc>Creates and returns a dictionary based on the given ``items``.</doc>
<msg timestamp="20220224 20:55:13.495" level="INFO">${body} = {'username': '1', 'firstName': 'DYLAN'}</msg>
<status status="PASS" starttime="20220224 20:55:13.495" endtime="20220224 20:55:13.495"/>
</kw>
<kw name="POST" library="RequestsLibrary">
<var>${resp}</var>
<arg>url=${url}/user</arg>
<arg>json=${body}</arg>
<doc>Sends a POST request.</doc>
<msg timestamp="20220224 20:55:14.675" level="INFO">POST Request : url=https://petstore.swagger.io/v2/user 
 path_url=/v2/user 
 headers={'User-Agent': 'python-requests/2.27.1', 'Accept-Encoding': 'gzip, deflate', 'Accept': '*/*', 'Connection': 'keep-alive', 'Content-Length': '39', 'Content-Type': 'application/json'} 
 body=b'{"username": "1", "firstName": "DYLAN"}' 
 </msg>
<msg timestamp="20220224 20:55:14.675" level="INFO">POST Response : url=https://petstore.swagger.io/v2/user 
 status=200, reason=OK 
 headers={'Date': 'Thu, 24 Feb 2022 18:54:58 GMT', 'Content-Type': 'application/json', 'Transfer-Encoding': 'chunked', 'Connection': 'keep-alive', 'Access-Control-Allow-Origin': '*', 'Access-Control-Allow-Methods': 'GET, POST, DELETE, PUT', 'Access-Control-Allow-Headers': 'Content-Type, api_key, Authorization', 'Server': 'Jetty(9.2.9.v20150224)'} 
 body={"code":200,"type":"unknown","message":"99516927"} 
 </msg>
<msg timestamp="20220224 20:55:14.675" level="INFO">${resp} = &lt;Response [200]&gt;</msg>
<status status="PASS" starttime="20220224 20:55:13.496" endtime="20220224 20:55:14.675"/>
</kw>
<kw name="Set Variable" library="BuiltIn">
<var>${json}</var>
<arg>${resp.json()}</arg>
<doc>Returns the given values which can then be assigned to a variables.</doc>
<msg timestamp="20220224 20:55:14.676" level="INFO">${json} = {'code': 200, 'type': 'unknown', 'message': '99516927'}</msg>
<status status="PASS" starttime="20220224 20:55:14.675" endtime="20220224 20:55:14.676"/>
</kw>
<kw name="Status Should Be" library="RequestsLibrary">
<arg>200</arg>
<doc>Fails if response status code is different than the expected.</doc>
<status status="PASS" starttime="20220224 20:55:14.676" endtime="20220224 20:55:14.676"/>
</kw>
<kw name="Log" library="BuiltIn">
<arg>${json}</arg>
<doc>Logs the given message with the given level.</doc>
<msg timestamp="20220224 20:55:14.676" level="INFO">{'code': 200, 'type': 'unknown', 'message': '99516927'}</msg>
<status status="PASS" starttime="20220224 20:55:14.676" endtime="20220224 20:55:14.676"/>
</kw>
<status status="PASS" starttime="20220224 20:55:13.495" endtime="20220224 20:55:14.677"/>
</kw>
<tag>API</tag>
<status status="PASS" starttime="20220224 20:55:13.495" endtime="20220224 20:55:14.677"/>
</test>
<test id="s1-s1-t2" name="Get all available pets in the Petstore">
<kw name="Available Pets" library="Petstore">
<kw name="GET" library="RequestsLibrary">
<var>${resp}</var>
<arg>url=${url}/pet/findByStatus?status=available</arg>
<doc>Sends a GET request.</doc>
<msg timestamp="20220224 20:55:16.088" level="INFO">GET Request : url=https://petstore.swagger.io/v2/pet/findByStatus?status=available 
 path_url=/v2/pet/findByStatus?status=available 
 headers={'User-Agent': 'python-requests/2.27.1', 'Accept-Encoding': 'gzip, deflate', 'Accept': '*/*', 'Connection': 'keep-alive'} 
 body=None 
 </msg>
<msg timestamp="20220224 20:55:16.088" level="INFO">GET Response : url=https://petstore.swagger.io/v2/pet/findByStatus?status=available 
 status=200, reason=OK 
 headers={'Date': 'Thu, 24 Feb 2022 18:54:59 GMT', 'Content-Type': 'application/json', 'Transfer-Encoding': 'chunked', 'Connection': 'keep-alive', 'Access-Control-Allow-Origin': '*', 'Access-Control-Allow-Methods': 'GET, POST, DELETE, PUT', 'Access-Control-Allow-Headers': 'Content-Type, api_key, Authorization', 'Server': 'Jetty(9.2.9.v20150224)'} 
 body=[{"id":9223372016854966941,"category":{"id":0,"name":"string"},"name":"fish","photoUrls":["string"],"tags":[{"id":0,"name":"string"}],"status":"available"},{"id":9223372016854966945,"category":{"id":0,"name":"string"},"name":"fish","photoUrls":["string"],"tags":[{"id":0,"name":"string"}],"status":"available"},{"id":9223372016854966950,"category":{"id":0,"name":"string"},"name":"doggie","photoUrls":["string"],"tags":[{"id":0,"name":"string"}],"status":"available"},{"id":9223372016854966952,"category":{"id":0,"name":"string"},"name":"fish","photoUrls":["string"],"tags":[{"id":0,"name":"string"}],"status":"available"},{"id":9223372016854966953,"category":{"id":0,"name":"string"},"name":"fish","photoUrls":["string"],"tags":[{"id":0,"name":"string"}],"status":"available"},{"id":14152,"name":"Pluto","photoUrls":[],"tags":[],"status":"available"},{"id":9223372016854966954,"category":{"id":0,"name":"string"},"name":"doggie","photoUrls":["string"],"tags":[{"id":0,"name":"string"}],"status":"available"},{"id":9223372016854966955,"category":{"id":0,"name":"string"},"name":"test","photoUrls":["string"],"tags":[{"id":0,"name":"string"}],"status":"available"},{"id":9223372016854966956,"category":{"id":0,"name":"string"},"name":"test","photoUrls":["string"],"tags":[{"id":0,"name":"string"}],"status":"available"},{"id":9223372016854966959,"category":{"id":0,"name":"string"},"name":"doggie","photoUrls":["string"],"tags":[{"id":0,"name":"string"}],"status":"available"},{"id":9223372016854966960,"category":{"id":0,"name":"string"},"name":"doggie","photoUrls":["string"],"tags":[{"id":0,"name":"string"}],"status":"available"},{"id":9223372016854966961,"category":{"id":0,"name":"string"},"name":"doggie","photoUrls":["string"],"tags":[{"id":0,"name":"string"}],"status":"available"},{"id":9223372016854966963,"category":{"id":0,"name":"string"},"name":"fish","photoUrls":["string"],"tags":[{"id":0,"name":"string"}],"status":"available"},{"id":9223372016854966964,"category":{"id":0,"name":"string"},"name":"doggie","photoUrls":["string"],"tags":[{"id":0,"name":"string"}],"status":"available"},{"id":9223372016854966965,"category":{"id":0,"name":"string"},"name":"doggie","photoUrls":["string"],"tags":[{"id":0,"name":"string"}],"status":"available"},{"id":9223372016854966966,"category":{"id":0,"name":"string"},"name":"fish","photoUrls":["string"],"tags":[{"id":0,"name":"string"}],"status":"available"},{"id":9223372016854966970,"category":{"id":0,"name":"string"},"name":"Puff","photoUrls":["string"],"tags":[{"id":0,"name":"string"}],"status":"available"},{"id":9223372016854966984,"category":{"id":0,"name":"string"},"name":"doggie","photoUrls":["string"],"tags":[{"id":0,"name":"string"}],"status":"available"},{"id":36799,"category":{"id":1,"name":"string"},"name":"cat","photoUrls":["string"],"tags":[{"id":1,"name":"Ricky89"}],"status":"available"},{"id":9223372016854966994,"category":{"id":0,"name":"string"},"name":"doggie","photoUrls":["string"],"tags":[{"id":0,"name":"string"}],"status":"available"},{"id":9223372016854966995,"category":{"id":0,"name":"string"},"name":"doggie","photoUrls":["string"],"tags":[{"id":0,"name":"string"}],"status":"available"},{"id":9223372016854966996,"category":{"id":0,"name":"string"},"name":"doggie","photoUrls":["string"],"tags":[{"id":0,"name":"string"}],"status":"available"},{"id":9223372016854966997,"category":{"id":0,"name":"string"},"name":"doggie","photoUrls":["string"],"tags":[{"id":0,"name":"string"}],"status":"available"},{"id":9223372016854966998,"category":{"id":0,"name":"string"},"name":"doggie","photoUrls":["string"],"tags":[{"id":0,"name":"string"}],"status":"available"},{"id":9223372016854966999,"category":{"id":0,"name":"string"},"name":"doggie","photoUrls":["string"],"tags":[{"id":0,"name":"string"}],"status":"available"},{"id":9223372016854967001,"category":{"id":0,"name":"string"},"name":"doggie","photoUrls":["string"],"tags":[{"id":0,"name":"string"}],"status":"available"},{"id":9223372016854967002,"category":{"id":0,"name":"string"},"name":"doggie","photoUrls":["string"],"tags":[{"id":0,"name":"string"}],"status":"available"},{"id":9223372016854967003,"category":{"id":0,"name":"string"},"name":"Puff","photoUrls":["string"],"tags":[{"id":0,"name":"string"}],"status":"available"},{"id":9223372016854967012,"category":{"id":0,"name":"string"},"name":"doggie","photoUrls":["string"],"tags":[{"id":0,"name":"string"}],"status":"available"},{"id":9223372016854967013,"category":{"id":0,"name":"string"},"name":"fish","photoUrls":["string"],"tags":[{"id":0,"name":"string"}],"status":"available"},{"id":9223372016854967014,"category":{"id":-3647201,"name":"aliqua dolore"},"name":"doggie","photoUrls":["commodo id Lorem dolor","laborum anim non sunt"],"tags":[{"id":-70487179,"name":"magna non"},{"id":-97224183,"name":"aliquip enim"}],"status":"available"},{"id":9223372016854967015,"category":{"id":0,"name":"string"},"name":"lpkxl","photoUrls":["string"],"tags":[{"id":0,"name":"string"}],"status":"available"},{"id":4,"category":{"id":0,"name":"string"},"name":"pandora","photoUrls":["string"],"tags":[{"id":0,"name":"string"}],"status":"available"},{"id":9223372016854967016,"category":{"id":0,"name":"string"},"name":"doggie","photoUrls":["string"],"tags":[{"id":0,"name":"string"}],"status":"available"},{"id":9223372016854967017,"category":{"id":0,"name":"string"},"name":"doggie","photoUrls":["string"],"tags":[{"id":0,"name":"string"}],"status":"available"},{"id":9223372016854967018,"category":{"id":0,"name":"string"},"name":"doggie","photoUrls":["string"],"tags":[{"id":0,"name":"string"}],"status":"available"},{"id":9223372016854967019,"category":{"id":0,"name":"string"},"name":"doggie","photoUrls":["string"],"tags":[{"id":0,"name":"string"}],"status":"available"},{"id":9223372016854967020,"category":{"id":0,"name":"string"},"name":"doggie","photoUrls":["string"],"tags":[{"id":0,"name":"string"}],"status":"available"},{"id":9223372016854967021,"category":{"id":0,"name":"string"},"name":"doggie","photoUrls":["string"],"tags":[{"id":0,"name":"string"}],"status":"available"},{"id":9223372016854967022,"category":{"id":0,"name":"string"},"name":"doggie","photoUrls":["string"],"tags":[{"id":0,"name":"string"}],"status":"available"},{"id":9223372016854967023,"category":{"id":0,"name":"string"},"name":"doggie","photoUrls":["string"],"tags":[{"id":0,"name":"string"}],"status":"available"},{"id":9223372016854967024,"category":{"id":0,"name":"string"},"name":"doggie","photoUrls":["string"],"tags":[{"id":0,"name":"string"}],"status":"available"},{"id":9223372016854967025,"category":{"id":0,"name":"string"},"name":"fish","photoUrls":["string"],"tags":[{"id":0,"name":"string"}],"status":"available"},{"id":9223372016854967026,"category":{"id":0,"name":"string"},"name":"fish","photoUrls":["string"],"tags":[{"id":0,"name":"string"}],"status":"available"},{"id":4947,"category":{"id":0,"name":"2012"},"name":"doggie","photoUrls":["string"],"tags":[{"id":0,"name":"string"}],"status":"available"},{"id":9223372016854967030,"category":{"id":0,"name":"string"},"name":"fish","photoUrls":["string"],"tags":[{"id":0,"name":"string"}],"status":"available"},{"id":9223372016854967031,"category":{"id":0,"name":"string"},"name":"doggie","photoUrls":["amancio"],"tags":[{"id":0,"name":"string"}],"status":"available"},{"id":9908,"category":{"id":0,"name":"string"},"name":"pandora","photoUrls":["string"],"tags":[{"id":0,"name":"string"}],"status":"available"},{"id":9223372016854967037,"category":{"id":0,"name":"string"},"name":"doggie","photoUrls":["string"],"tags":[{"id":0,"name":"string"}],"status":"available"},{"id":9223372016854967038,"category":{"id":0,"name":"string"},"name":"doggie","photoUrls":["string"],"tags":[{"id":0,"name":"string"}],"status":"available"},{"id":9223372016854967039,"category":{"id":0,"name":"string"},"name":"doggie","photoUrls":["string"],"tags":[{"id":0,"name":"string"}],"status":"available"},{"id":9223372016854967040,"category":{"id":0,"name":"string"},"name":"doggie","photoUrls":["string"],"tags":[{"id":0,"name":"string"}],"status":"available"},{"id":9223372016854967041,"category":{"id":0,"name":"string"},"name":"doggie","photoUrls":["string"],"tags":[{"id":0,"name":"string"}],"status":"available"},{"id":9223372016854967042,"category":{"id":0,"name":"string"},"name":"fish","photoUrls":["string"],"tags":[{"id":0,"name":"string"}],"status":"available"},{"id":9223372016854967043,"category":{"id":0,"name":"string"},"name":"doggie","photoUrls":["string"],"tags":[{"id":0,"name":"string"}],"status":"available"},{"id":9223372016854967044,"category":{"id":0,"name":"string"},"name":"doggie","photoUrls":["string"],"tags":[{"id":0,"name":"string"}],"status":"available"},{"id":9223372016854967047,"category":{"id":0,"name":"string"},"name":"fish","photoUrls":["string"],"tags":[{"id":0,"name":"string"}],"status":"available"},{"id":9223372016854967066,"category":{"id":0,"name":"string"},"name":"Puff","photoUrls":["string"],"tags":[{"id":0,"name":"string"}],"status":"available"},{"id":2852,"category":{"id":0,"name":""},"name":"doggie","photoUrls":["string"],"tags":[{"id":0,"name":"string"}],"status":"available"},{"id":9223372016854967067,"category":{"id":0,"name":"string"},"name":"doggie","photoUrls":["string"],"tags":[{"id":0,"name":"string"}],"status":"available"},{"id":9223372016854967074,"name":"doggie","photoUrls":[],"tags":[],"status":"available"},{"id":9223372016854967077,"category":{"id":0,"name":"tommy"},"name":"doggie","photoUrls":["none"],"tags":[{"id":1,"name":"doggy"}],"status":"available"},{"id":9223372016854967078,"category":{"id":0,"name":"finch"},"name":"doggie","photoUrls":["string"],"tags":[{"id":0,"name":"string"}],"status":"available"},{"id":9223372016854967079,"category":{"id":0,"name":"string"},"name":"doggie","photoUrls":["string"],"tags":[{"id":0,"name":"string"}],"status":"available"},{"id":9223372016854967080,"category":{"id":0,"name":"string"},"name":"doggie","photoUrls":["string"],"tags":[{"id":0,"name... (set the log level to DEBUG or TRACE to see the full content) 
 </msg>
<msg timestamp="20220224 20:55:16.089" level="INFO">${resp} = &lt;Response [200]&gt;</msg>
<status status="PASS" starttime="20220224 20:55:14.696" endtime="20220224 20:55:16.089"/>
</kw>
<kw name="Set Variable" library="BuiltIn">
<var>${json}</var>
<arg>${resp.json()}</arg>
<doc>Returns the given values which can then be assigned to a variables.</doc>
<msg timestamp="20220224 20:55:16.093" level="INFO">${json} = [{'id': 9223372016854966941, 'category': {'id': 0, 'name': 'string'}, 'name': 'fish', 'photoUrls': ['string'], 'tags': [{'id': 0, 'name': 'string'}], 'status': 'available'}, {'id': 9223372016854966945...</msg>
<status status="PASS" starttime="20220224 20:55:16.089" endtime="20220224 20:55:16.093"/>
</kw>
<kw name="Status Should Be" library="RequestsLibrary">
<arg>200</arg>
<doc>Fails if response status code is different than the expected.</doc>
<status status="PASS" starttime="20220224 20:55:16.093" endtime="20220224 20:55:16.093"/>
</kw>
<kw name="Log" library="BuiltIn">
<arg>${json}</arg>
<doc>Logs the given message with the given level.</doc>
<msg timestamp="20220224 20:55:16.095" level="INFO">[{'id': 9223372016854966941, 'category': {'id': 0, 'name': 'string'}, 'name': 'fish', 'photoUrls': ['string'], 'tags': [{'id': 0, 'name': 'string'}], 'status': 'available'}, {'id': 9223372016854966945, 'category': {'id': 0, 'name': 'string'}, 'name': 'fish', 'photoUrls': ['string'], 'tags': [{'id': 0, 'name': 'string'}], 'status': 'available'}, {'id': 9223372016854966950, 'category': {'id': 0, 'name': 'string'}, 'name': 'doggie', 'photoUrls': ['string'], 'tags': [{'id': 0, 'name': 'string'}], 'status': 'available'}, {'id': 9223372016854966952, 'category': {'id': 0, 'name': 'string'}, 'name': 'fish', 'photoUrls': ['string'], 'tags': [{'id': 0, 'name': 'string'}], 'status': 'available'}, {'id': 9223372016854966953, 'category': {'id': 0, 'name': 'string'}, 'name': 'fish', 'photoUrls': ['string'], 'tags': [{'id': 0, 'name': 'string'}], 'status': 'available'}, {'id': 14152, 'name': 'Pluto', 'photoUrls': [], 'tags': [], 'status': 'available'}, {'id': 9223372016854966954, 'category': {'id': 0, 'name': 'string'}, 'name': 'doggie', 'photoUrls': ['string'], 'tags': [{'id': 0, 'name': 'string'}], 'status': 'available'}, {'id': 9223372016854966955, 'category': {'id': 0, 'name': 'string'}, 'name': 'test', 'photoUrls': ['string'], 'tags': [{'id': 0, 'name': 'string'}], 'status': 'available'}, {'id': 9223372016854966956, 'category': {'id': 0, 'name': 'string'}, 'name': 'test', 'photoUrls': ['string'], 'tags': [{'id': 0, 'name': 'string'}], 'status': 'available'}, {'id': 9223372016854966959, 'category': {'id': 0, 'name': 'string'}, 'name': 'doggie', 'photoUrls': ['string'], 'tags': [{'id': 0, 'name': 'string'}], 'status': 'available'}, {'id': 9223372016854966960, 'category': {'id': 0, 'name': 'string'}, 'name': 'doggie', 'photoUrls': ['string'], 'tags': [{'id': 0, 'name': 'string'}], 'status': 'available'}, {'id': 9223372016854966961, 'category': {'id': 0, 'name': 'string'}, 'name': 'doggie', 'photoUrls': ['string'], 'tags': [{'id': 0, 'name': 'string'}], 'status': 'available'}, {'id': 9223372016854966963, 'category': {'id': 0, 'name': 'string'}, 'name': 'fish', 'photoUrls': ['string'], 'tags': [{'id': 0, 'name': 'string'}], 'status': 'available'}, {'id': 9223372016854966964, 'category': {'id': 0, 'name': 'string'}, 'name': 'doggie', 'photoUrls': ['string'], 'tags': [{'id': 0, 'name': 'string'}], 'status': 'available'}, {'id': 9223372016854966965, 'category': {'id': 0, 'name': 'string'}, 'name': 'doggie', 'photoUrls': ['string'], 'tags': [{'id': 0, 'name': 'string'}], 'status': 'available'}, {'id': 9223372016854966966, 'category': {'id': 0, 'name': 'string'}, 'name': 'fish', 'photoUrls': ['string'], 'tags': [{'id': 0, 'name': 'string'}], 'status': 'available'}, {'id': 9223372016854966970, 'category': {'id': 0, 'name': 'string'}, 'name': 'Puff', 'photoUrls': ['string'], 'tags': [{'id': 0, 'name': 'string'}], 'status': 'available'}, {'id': 9223372016854966984, 'category': {'id': 0, 'name': 'string'}, 'name': 'doggie', 'photoUrls': ['string'], 'tags': [{'id': 0, 'name': 'string'}], 'status': 'available'}, {'id': 36799, 'category': {'id': 1, 'name': 'string'}, 'name': 'cat', 'photoUrls': ['string'], 'tags': [{'id': 1, 'name': 'Ricky89'}], 'status': 'available'}, {'id': 9223372016854966994, 'category': {'id': 0, 'name': 'string'}, 'name': 'doggie', 'photoUrls': ['string'], 'tags': [{'id': 0, 'name': 'string'}], 'status': 'available'}, {'id': 9223372016854966995, 'category': {'id': 0, 'name': 'string'}, 'name': 'doggie', 'photoUrls': ['string'], 'tags': [{'id': 0, 'name': 'string'}], 'status': 'available'}, {'id': 9223372016854966996, 'category': {'id': 0, 'name': 'string'}, 'name': 'doggie', 'photoUrls': ['string'], 'tags': [{'id': 0, 'name': 'string'}], 'status': 'available'}, {'id': 9223372016854966997, 'category': {'id': 0, 'name': 'string'}, 'name': 'doggie', 'photoUrls': ['string'], 'tags': [{'id': 0, 'name': 'string'}], 'status': 'available'}, {'id': 9223372016854966998, 'category': {'id': 0, 'name': 'string'}, 'name': 'doggie', 'photoUrls': ['string'], 'tags': [{'id': 0, 'name': 'string'}], 'status': 'available'}, {'id': 9223372016854966999, 'category': {'id': 0, 'name': 'string'}, 'name': 'doggie', 'photoUrls': ['string'], 'tags': [{'id': 0, 'name': 'string'}], 'status': 'available'}, {'id': 9223372016854967001, 'category': {'id': 0, 'name': 'string'}, 'name': 'doggie', 'photoUrls': ['string'], 'tags': [{'id': 0, 'name': 'string'}], 'status': 'available'}, {'id': 9223372016854967002, 'category': {'id': 0, 'name': 'string'}, 'name': 'doggie', 'photoUrls': ['string'], 'tags': [{'id': 0, 'name': 'string'}], 'status': 'available'}, {'id': 9223372016854967003, 'category': {'id': 0, 'name': 'string'}, 'name': 'Puff', 'photoUrls': ['string'], 'tags': [{'id': 0, 'name': 'string'}], 'status': 'available'}, {'id': 9223372016854967012, 'category': {'id': 0, 'name': 'string'}, 'name': 'doggie', 'photoUrls': ['string'], 'tags': [{'id': 0, 'name': 'string'}], 'status': 'available'}, {'id': 9223372016854967013, 'category': {'id': 0, 'name': 'string'}, 'name': 'fish', 'photoUrls': ['string'], 'tags': [{'id': 0, 'name': 'string'}], 'status': 'available'}, {'id': 9223372016854967014, 'category': {'id': -3647201, 'name': 'aliqua dolore'}, 'name': 'doggie', 'photoUrls': ['commodo id Lorem dolor', 'laborum anim non sunt'], 'tags': [{'id': -70487179, 'name': 'magna non'}, {'id': -97224183, 'name': 'aliquip enim'}], 'status': 'available'}, {'id': 9223372016854967015, 'category': {'id': 0, 'name': 'string'}, 'name': 'lpkxl', 'photoUrls': ['string'], 'tags': [{'id': 0, 'name': 'string'}], 'status': 'available'}, {'id': 4, 'category': {'id': 0, 'name': 'string'}, 'name': 'pandora', 'photoUrls': ['string'], 'tags': [{'id': 0, 'name': 'string'}], 'status': 'available'}, {'id': 9223372016854967016, 'category': {'id': 0, 'name': 'string'}, 'name': 'doggie', 'photoUrls': ['string'], 'tags': [{'id': 0, 'name': 'string'}], 'status': 'available'}, {'id': 9223372016854967017, 'category': {'id': 0, 'name': 'string'}, 'name': 'doggie', 'photoUrls': ['string'], 'tags': [{'id': 0, 'name': 'string'}], 'status': 'available'}, {'id': 9223372016854967018, 'category': {'id': 0, 'name': 'string'}, 'name': 'doggie', 'photoUrls': ['string'], 'tags': [{'id': 0, 'name': 'string'}], 'status': 'available'}, {'id': 9223372016854967019, 'category': {'id': 0, 'name': 'string'}, 'name': 'doggie', 'photoUrls': ['string'], 'tags': [{'id': 0, 'name': 'string'}], 'status': 'available'}, {'id': 9223372016854967020, 'category': {'id': 0, 'name': 'string'}, 'name': 'doggie', 'photoUrls': ['string'], 'tags': [{'id': 0, 'name': 'string'}], 'status': 'available'}, {'id': 9223372016854967021, 'category': {'id': 0, 'name': 'string'}, 'name': 'doggie', 'photoUrls': ['string'], 'tags': [{'id': 0, 'name': 'string'}], 'status': 'available'}, {'id': 9223372016854967022, 'category': {'id': 0, 'name': 'string'}, 'name': 'doggie', 'photoUrls': ['string'], 'tags': [{'id': 0, 'name': 'string'}], 'status': 'available'}, {'id': 9223372016854967023, 'category': {'id': 0, 'name': 'string'}, 'name': 'doggie', 'photoUrls': ['string'], 'tags': [{'id': 0, 'name': 'string'}], 'status': 'available'}, {'id': 9223372016854967024, 'category': {'id': 0, 'name': 'string'}, 'name': 'doggie', 'photoUrls': ['string'], 'tags': [{'id': 0, 'name': 'string'}], 'status': 'available'}, {'id': 9223372016854967025, 'category': {'id': 0, 'name': 'string'}, 'name': 'fish', 'photoUrls': ['string'], 'tags': [{'id': 0, 'name': 'string'}], 'status': 'available'}, {'id': 9223372016854967026, 'category': {'id': 0, 'name': 'string'}, 'name': 'fish', 'photoUrls': ['string'], 'tags': [{'id': 0, 'name': 'string'}], 'status': 'available'}, {'id': 4947, 'category': {'id': 0, 'name': '2012'}, 'name': 'doggie', 'photoUrls': ['string'], 'tags': [{'id': 0, 'name': 'string'}], 'status': 'available'}, {'id': 9223372016854967030, 'category': {'id': 0, 'name': 'string'}, 'name': 'fish', 'photoUrls': ['string'], 'tags': [{'id': 0, 'name': 'string'}], 'status': 'available'}, {'id': 9223372016854967031, 'category': {'id': 0, 'name': 'string'}, 'name': 'doggie', 'photoUrls': ['amancio'], 'tags': [{'id': 0, 'name': 'string'}], 'status': 'available'}, {'id': 9908, 'category': {'id': 0, 'name': 'string'}, 'name': 'pandora', 'photoUrls': ['string'], 'tags': [{'id': 0, 'name': 'string'}], 'status': 'available'}, {'id': 9223372016854967037, 'category': {'id': 0, 'name': 'string'}, 'name': 'doggie', 'photoUrls': ['string'], 'tags': [{'id': 0, 'name': 'string'}], 'status': 'available'}, {'id': 9223372016854967038, 'category': {'id': 0, 'name': 'string'}, 'name': 'doggie', 'photoUrls': ['string'], 'tags': [{'id': 0, 'name': 'string'}], 'status': 'available'}, {'id': 9223372016854967039, 'category': {'id': 0, 'name': 'string'}, 'name': 'doggie', 'photoUrls': ['string'], 'tags': [{'id': 0, 'name': 'string'}], 'status': 'available'}, {'id': 9223372016854967040, 'category': {'id': 0, 'name': 'string'}, 'name': 'doggie', 'photoUrls': ['string'], 'tags': [{'id': 0, 'name': 'string'}], 'status': 'available'}, {'id': 9223372016854967041, 'category': {'id': 0, 'name': 'string'}, 'name': 'doggie', 'photoUrls': ['string'], 'tags': [{'id': 0, 'name': 'string'}], 'status': 'available'}, {'id': 9223372016854967042, 'category': {'id': 0, 'name': 'string'}, 'name': 'fish', 'photoUrls': ['string'], 'tags': [{'id': 0, 'name': 'string'}], 'status': 'available'}, {'id': 9223372016854967043, 'category': {'id': 0, 'name': 'string'}, 'name': 'doggie', 'photoUrls': ['string'], 'tags': [{'id': 0, 'name': 'string'}], 'status': 'available'}, {'id': 9223372016854967044, 'category': {'id': 0, 'name': 'string'}, 'name': 'doggie', 'photoUrls': ['string'], 'tags': [{'id': 0, 'name': 'string'}], 'status': 'available'}, {'id': 9223372016854967047, 'category': {'id': 0, 'name': 'string'}, 'name': 'fish', 'photoUrls': ['string'], 'tags': [{'id': 0, 'name': 'string'}], 'status': 'available'}, {'id': 9223372016854967066, 'category': {'id': 0, 'name': 'string'}, 'name': 'Puff', 'photoUrls': ['string'], 'tags': [{'id': 0, 'name': 'string'}], 'status': 'available'}, {'id': 2852, 'category': {'id': 0, 'name': ''}, 'name': 'doggie', 'photoUrls': ['string'], 'tags': [{'id': 0, 'name': 'string'}], 'status': 'available'}, {'id': 9223372016854967067, 'category': {'id': 0, 'name': 'string'}, 'name': 'doggie', 'photoUrls': ['string'], 'tags': [{'id': 0, 'name': 'string'}], 'status': 'available'}, {'id': 9223372016854967074, 'name': 'doggie', 'photoUrls': [], 'tags': [], 'status': 'available'}, {'id': 9223372016854967077, 'category': {'id': 0, 'name': 'tommy'}, 'name': 'doggie', 'photoUrls': ['none'], 'tags': [{'id': 1, 'name': 'doggy'}], 'status': 'available'}, {'id': 9223372016854967078, 'category': {'id': 0, 'name': 'finch'}, 'name': 'doggie', 'photoUrls': ['string'], 'tags': [{'id': 0, 'name': 'string'}], 'status': 'available'}, {'id': 9223372016854967079, 'category': {'id': 0, 'name': 'string'}, 'name': 'doggie', 'photoUrls': ['string'], 'tags': [{'id': 0, 'name': 'string'}], 'status': 'available'}, {'id': 9223372016854967080, 'category': {'id': 0, 'name': 'string'}, 'name': 'doggie', 'photoUrls': ['string'], 'tags': [{'id': 0, 'name': 'string'}], 'status': 'available'}, {'id': 9223372016854967081, 'category': {'id': 0, 'name': 'string'}, 'name': 'doggie', 'photoUrls': ['string'], 'tags': [{'id': 0, 'name': 'string'}], 'status': 'available'}, {'id': 9223372016854967082, 'category': {'id': 0, 'name': 'string'}, 'name': 'doggie', 'photoUrls': ['string'], 'tags': [{'id': 0, 'name': 'string'}], 'status': 'available'}, {'id': 9223372016854967083, 'category': {'id': 0, 'name': 'string'}, 'name': 'doggie', 'photoUrls': ['string'], 'tags': [{'id': 0, 'name': 'string'}], 'status': 'available'}, {'id': 9223372016854967084, 'category': {'id': 0, 'name': 'string'}, 'name': 'doggie', 'photoUrls': ['string'], 'tags': [{'id': 0, 'name': 'string'}], 'status': 'available'}, {'id': 9223372016854967085, 'category': {'id': 0, 'name': 'string'}, 'name': 'fish', 'photoUrls': ['string'], 'tags': [{'id': 0, 'name': 'string'}], 'status': 'available'}, {'id': 9223372016854967086, 'category': {'id': 0, 'name': 'string'}, 'name': 'doggie', 'photoUrls': ['string'], 'tags': [{'id': 0, 'name': 'string'}], 'status': 'available'}, {'id': 9223372016854967087, 'category': {'id': 0, 'name': 'string'}, 'name': 'doggie', 'photoUrls': ['string'], 'tags': [{'id': 0, 'name': 'string'}], 'status': 'available'}, {'id': 9223372016854967088, 'category': {'id': 0, 'name': 'string'}, 'name': 'fish', 'photoUrls': ['string'], 'tags': [{'id': 0, 'name': 'string'}], 'status': 'available'}, {'id': 9223372016854967089, 'category': {'id': 0, 'name': 'string'}, 'name': 'fish', 'photoUrls': ['string'], 'tags': [{'id': 0, 'name': 'string'}], 'status': 'available'}, {'id': 9223372016854967091, 'category': {'id': 0, 'name': 'string'}, 'name': 'doggie', 'photoUrls': ['string'], 'tags': [{'id': 0, 'name': 'string'}], 'status': 'available'}, {'id': 9223372016854967099, 'category': {'id': 0, 'name': 'string'}, 'name': 'fish', 'photoUrls': ['string'], 'tags': [{'id': 0, 'name': 'string'}], 'status': 'available'}, {'id': 9223372016854967100, 'category': {'id': 0, 'name': 'string'}, 'name': 'doggie', 'photoUrls': ['string'], 'tags': [{'id': 0, 'name': 'string'}], 'status': 'available'}, {'id': 9223372016854967101, 'category': {'id': 0, 'name': 'string'}, 'name': 'doggie', 'photoUrls': ['string'], 'tags': [{'id': 0, 'name': 'string'}], 'status': 'available'}, {'id': 9223372016854967102, 'category': {'id': 0, 'name': 'string'}, 'name': 'doggie', 'photoUrls': ['string'], 'tags': [{'id': 0, 'name': 'string'}], 'status': 'available'}, {'id': 9223372016854967103, 'category': {'id': 0, 'name': 'string'}, 'name': 'doggie', 'photoUrls': ['string'], 'tags': [{'id': 0, 'name': 'string'}], 'status': 'available'}, {'id': 9223372016854967104, 'category': {'id': 0, 'name': 'string'}, 'name': 'doggie', 'photoUrls': ['string'], 'tags': [{'id': 0, 'name': 'string'}], 'status': 'available'}, {'id': 9223372016854967106, 'category': {'id': 0, 'name': 'string'}, 'name': 'doggie', 'photoUrls': ['string'], 'tags': [{'id': 0, 'name': 'string'}], 'status': 'available'}, {'id': 9223372016854967107, 'category': {'id': 0, 'name': 'string'}, 'name': 'doggie', 'photoUrls': ['string'], 'tags': [{'id': 0, 'name': 'string'}], 'status': 'available'}, {'id': 9223372016854967108, 'category': {'id': 0, 'name': 'string'}, 'name': 'doggie', 'photoUrls': ['string'], 'tags': [{'id': 0, 'name': 'string'}], 'status': 'available'}, {'id': 9223372016854967110, 'category': {'id': 0, 'name': 'string'}, 'name': 'fish', 'photoUrls': ['string'], 'tags': [{'id': 0, 'name': 'string'}], 'status': 'available'}, {'id': 9223372016854967112, 'category': {'id': 0, 'name': 'string'}, 'name': 'Puff', 'photoUrls': ['string'], 'tags': [{'id': 0, 'name': 'string'}], 'status': 'available'}, {'id': 9223372016854967122, 'category': {'id': 203, 'name': 'Dog'}, 'name': 'Ditto2', 'photoUrls': ['string'], 'tags': [{'id': 0, 'name': 'string'}], 'status': 'available'}, {'id': 9223372016854967123, 'category': {'id': 0, 'name': 'string'}, 'name': 'doggie', 'photoUrls': ['string'], 'tags': [{'id': 0, 'name': 'string'}], 'status': 'available'}, {'id': 9223372016854967124, 'category': {'id': 203, 'name': 'Dog'}, 'name': 'Ditto2', 'photoUrls': ['string'], 'tags': [{'id': 0, 'name': 'string'}], 'status': 'available'}, {'id': 9223372016854967125, 'category': {'id': 0, 'name': 'string'}, 'name': 'doggie', 'photoUrls': ['string'], 'tags': [{'id': 0, 'name': 'string'}], 'status': 'available'}, {'id': 9223372016854967126, 'category': {'id': 0, 'name': 'string'}, 'name': 'doggie', 'photoUrls': ['string'], 'tags': [{'id': 0, 'name': 'string'}], 'status': 'available'}, {'id': 9223372016854967127, 'category': {'id': 0, 'name': 'string'}, 'name': 'doggie', 'photoUrls': ['string'], 'tags': [{'id': 0, 'name': 'string'}], 'status': 'available'}, {'id': 9223372016854967128, 'category': {'id': 0, 'name': 'string'}, 'name': 'doggie', 'photoUrls': ['string'], 'tags': [{'id': 0, 'name': 'string'}], 'status': 'available'}, {'id': 9223372016854967129, 'category': {'id': 0, 'name': 'string'}, 'name': 'doggie', 'photoUrls': ['string'], 'tags': [{'id': 0, 'name': 'string'}], 'status': 'available'}, {'id': 9223372016854967131, 'category': {'id': 0, 'name': 'string'}, 'name': 'doggie', 'photoUrls': ['string'], 'tags': [{'id': 0, 'name': 'string'}], 'status': 'available'}, {'id': 9223372016854967132, 'category': {'id': 0, 'name': 'string'}, 'name': 'doggie', 'photoUrls': ['string'], 'tags': [{'id': 0, 'name': 'string'}], 'status': 'available'}, {'id': 9223372016854967133, 'category': {'id': 0, 'name': 'string'}, 'name': 'doggie', 'photoUrls': ['string'], 'tags': [{'id': 0, 'name': 'string'}], 'status': 'available'}, {'id': 9223372016854967141, 'category': {'id': 0, 'name': 'string'}, 'name': 'Puff', 'photoUrls': ['string'], 'tags': [{'id': 0, 'name': 'string'}], 'status': 'available'}, {'id': 9223372016854967142, 'category': {'id': 203, 'name': 'Dog'}, 'name': 'Ditto2', 'photoUrls': ['string'], 'tags': [{'id': 0, 'name': 'string'}], 'status': 'available'}, {'id': 9223372016854967144, 'category': {'id': 203, 'name': 'Dog'}, 'name': 'Ditto2', 'photoUrls': ['string'], 'tags': [{'id': 0, 'name': 'string'}], 'status': 'available'}, {'id': 9223372016854967150, 'category': {'id': 0, 'name': 'string'}, 'name': 'fish', 'photoUrls': ['string'], 'tags': [{'id': 0, 'name': 'string'}], 'status': 'available'}, {'id': 39850, 'category': {'id': 608, 'name': 'string'}, 'name': 'cat', 'photoUrls': ['string'], 'tags': [{'id': 1, 'name': 'Angelica.Gusikowski'}], 'status': 'available'}, {'id': 9223372016854967151, 'category': {'id': 0, 'name': 'string'}, 'name': 'doggie', 'photoUrls': ['string'], 'tags': [{'id': 0, 'name': 'string'}], 'status': 'available'}, {'id': 9223372016854967152, 'category': {'id': 0, 'name': 'string'}, 'name': 'doggie', 'photoUrls': ['string'], 'tags': [{'id': 0, 'name': 'string'}], 'status': 'available'}, {'id': 9223372016854967153, 'category': {'id': 0, 'name': 'string'}, 'name': 'doggie', 'photoUrls': ['string'], 'tags': [{'id': 0, 'name': 'string'}], 'status': 'available'}, {'id': 9223372016854967154, 'category': {'id': 0, 'name': 'string'}, 'name': 'doggie', 'photoUrls': ['string'], 'tags': [{'id': 0, 'name': 'string'}], 'status': 'available'}, {'id': 9223372016854967155, 'category': {'id': 0, 'name': 'string'}, 'name': 'doggie', 'photoUrls': ['string'], 'tags': [{'id': 0, 'name': 'string'}], 'status': 'available'}, {'id': 9223372016854967156, 'category': {'id': 0, 'name': 'string'}, 'name': 'doggie', 'photoUrls': ['string'], 'tags': [{'id': 0, 'name': 'string'}], 'status': 'available'}, {'id': 9223372016854967157, 'category': {'id': 0, 'name': 'string'}, 'name': 'doggie', 'photoUrls': ['string'], 'tags': [{'id': 0, 'name': 'string'}], 'status': 'available'}, {'id': 9223372016854967158, 'category': {'id': 0, 'name': 'string'}, 'name': 'fish', 'photoUrls': ['string'], 'tags': [{'id': 0, 'name': 'string'}], 'status': 'available'}, {'id': 9223372016854967159, 'category': {'id': 0, 'name': 'string'}, 'name': 'doggie', 'photoUrls': ['string'], 'tags': [{'id': 0, 'name': 'string'}], 'status': 'available'}, {'id': 9223372016854967160, 'category': {'id': 0, 'name': 'string'}, 'name': 'Puff', 'photoUrls': ['string'], 'tags': [{'id': 0, 'name': 'string'}], 'status': 'available'}, {'id': 9223372016854967161, 'category': {'id': 0, 'name': 'string'}, 'name': 'doggie', 'photoUrls': ['string'], 'tags': [{'id': 0, 'name': 'string'}], 'status': 'available'}, {'id': 9223372016854967164, 'category': {'id': 0, 'name': 'string'}, 'name': 'fish', 'photoUrls': ['string'], 'tags': [{'id': 0, 'name': 'string'}], 'status': 'available'}, {'id': 9223372016854967165, 'category': {'id': 0, 'name': 'string'}, 'name': 'fish', 'photoUrls': ['string'], 'tags': [{'id': 0, 'name': 'string'}], 'status': 'available'}, {'id': 9223372016854967167, 'category': {'id': 0, 'name': 'string'}, 'name': 'doggie', 'photoUrls': ['string'], 'tags': [{'id': 0, 'name': 'string'}], 'status': 'available'}, {'id': 9223372016854967176, 'category': {'id': 0, 'name': 'string'}, 'name': 'fish', 'photoUrls': ['string'], 'tags': [{'id': 0, 'name': 'string'}], 'status': 'available'}, {'id': 9223372016854967177, 'category': {'id': 0, 'name': 'string'}, 'name': 'fish', 'photoUrls': ['string'], 'tags': [{'id': 0, 'name': 'string'}], 'status': 'available'}, {'id': 9223372016854967179, 'category': {'id': 203, 'name': 'Dog'}, 'name': 'Ditto2', 'photoUrls': ['string'], 'tags': [{'id': 0, 'name': 'string'}], 'status': 'available'}, {'id': 9223372016854967180, 'category': {'id': 0, 'name': 'string'}, 'name': 'fish', 'photoUrls': ['string'], 'tags': [{'id': 0, 'name': 'string'}], 'status': 'available'}, {'id': 9223372016854967181, 'category': {'id': 0, 'name': 'string'}, 'name': 'doggie', 'photoUrls': ['string'], 'tags': [{'id': 0, 'name': 'string'}], 'status': 'available'}, {'id': 9223372016854967182, 'category': {'id': 0, 'name': 'string'}, 'name': 'doggie', 'photoUrls': ['string'], 'tags': [{'id': 0, 'name': 'string'}], 'status': 'available'}, {'id': 9223372016854967183, 'category': {'id': 0, 'name': 'string'}, 'name': 'doggie', 'photoUrls': ['string'], 'tags': [{'id': 0, 'name': 'string'}], 'status': 'available'}, {'id': 9223372016854967184, 'category': {'id': 0, 'name': 'string'}, 'name': 'doggie', 'photoUrls': ['string'], 'tags': [{'id': 0, 'name': 'string'}], 'status': 'available'}, {'id': 9223372016854967185, 'category': {'id': 0, 'name': 'string'}, 'name': 'doggie', 'photoUrls': ['string'], 'tags': [{'id': 0, 'name': 'string'}], 'status': 'available'}, {'id': 9223372016854967186, 'category': {'id': 0, 'name': 'string'}, 'name': 'doggie', 'photoUrls': ['string'], 'tags': [{'id': 0, 'name': 'string'}], 'status': 'available'}, {'id': 9223372016854967187, 'category': {'id': 0, 'name': 'string'}, 'name': 'doggie', 'photoUrls': ['string'], 'tags': [{'id': 0, 'name': 'string'}], 'status': 'available'}, {'id': 9223372016854967188, 'category': {'id': 0, 'name': 'string'}, 'name': 'doggie', 'photoUrls': ['string'], 'tags': [{'id': 0, 'name': 'string'}], 'status': 'available'}, {'id': 9223372016854967189, 'category': {'id': 0, 'name': 'string'}, 'name': 'fish', 'photoUrls': ['string'], 'tags': [{'id': 0, 'name': 'string'}], 'status': 'available'}, {'id': 9223372016854967190, 'category': {'id': 0, 'name': 'string'}, 'name': 'dogg', 'photoUrls': ['string'], 'tags': [{'id': 0, 'name': 'string'}], 'status': 'available'}, {'id': 9223372016854967194, 'category': {'id': 0, 'name': 'string'}, 'name': 'Puff', 'photoUrls': ['string'], 'tags': [{'id': 0, 'name': 'string'}], 'status': 'available'}, {'id': 9223372016854967204, 'category': {'id': 203, 'name': 'Dog'}, 'name': 'Ditto2', 'photoUrls': ['string'], 'tags': [{'id': 0, 'name': 'string'}], 'status': 'available'}, {'id': 9223372016854967205, 'category': {'id': 0, 'name': 'string'}, 'name': 'fish', 'photoUrls': ['string'], 'tags': [{'id': 0, 'name': 'string'}], 'status': 'available'}, {'id': 9223372016854967207, 'category': {'id': 203, 'name': 'Dog'}, 'name': 'Ditto2', 'photoUrls': ['string'], 'tags': [{'id': 0, 'name': 'string'}], 'status': 'available'}, {'id': 9223372016854967208, 'category': {'id': 0, 'name': 'string'}, 'name': 'doggie', 'photoUrls': ['string'], 'tags': [{'id': 0, 'name': 'string'}], 'status': 'available'}, {'id': 9223372016854967209, 'category': {'id': 0, 'name': 'string'}, 'name': 'doggie', 'photoUrls': ['string'], 'tags': [{'id': 0, 'name': 'string'}], 'status': 'available'}, {'id': 9223372016854967210, 'category': {'id': 0, 'name': 'string'}, 'name': 'doggie', 'photoUrls': ['string'], 'tags': [{'id': 0, 'name': 'string'}], 'status': 'available'}, {'id': 9223372016854967211, 'category': {'id': 0, 'name': 'string'}, 'name': 'doggie', 'photoUrls': ['string'], 'tags': [{'id': 0, 'name': 'string'}], 'status': 'available'}, {'id': 9223372016854967212, 'category': {'id': 0, 'name': 'string'}, 'name': 'doggie', 'photoUrls': ['string'], 'tags': [{'id': 0, 'name': 'string'}], 'status': 'available'}, {'id': 9223372016854967213, 'category': {'id': 0, 'name': 'string'}, 'name': 'doggie', 'photoUrls': ['string'], 'tags': [{'id': 0, 'name': 'string'}], 'status': 'available'}, {'id': 9223372016854967214, 'category': {'id': 203, 'name': 'Dog'}, 'name': 'Ditto2', 'photoUrls': ['string'], 'tags': [{'id': 0, 'name': 'string'}], 'status': 'available'}, {'id': 9223372016854967215, 'category': {'id': 203, 'name': 'Dog'}, 'name': 'Ditto2', 'photoUrls': ['string'], 'tags': [{'id': 0, 'name': 'string'}], 'status': 'available'}, {'id': 9223372016854967216, 'category': {'id': 0, 'name': 'string'}, 'name': 'doggie', 'photoUrls': ['string'], 'tags': [{'id': 0, 'name': 'string'}], 'status': 'available'}, {'id': 9223372016854967217, 'category': {'id': 0, 'name': 'string'}, 'name': 'doggie', 'photoUrls': ['string'], 'tags': [{'id': 0, 'name': 'string'}], 'status': 'available'}, {'id': 9223372016854967218, 'category': {'id': 0, 'name': 'string'}, 'name': 'doggie', 'photoUrls': ['string'], 'tags': [{'id': 0, 'name': 'string'}], 'status': 'available'}, {'id': 9223372016854967226, 'category': {'id': 0, 'name': 'string'}, 'name': 'Puff', 'photoUrls': ['string'], 'tags': [{'id': 0, 'name': 'string'}], 'status': 'available'}, {'id': 9223372016854967234, 'category': {'id': 203, 'name': 'Dog'}, 'name': 'Ditto2', 'photoUrls': ['string'], 'tags': [{'id': 0, 'name': 'string'}], 'status': 'available'}, {'id': 9223372016854967235, 'category': {'id': 203, 'name': 'Dog'}, 'name': 'Ditto2', 'photoUrls': ['string'], 'tags': [{'id': 0, 'name': 'string'}], 'status': 'available'}, {'id': 9223372016854967237, 'category': {'id': 203, 'name': 'Dog'}, 'name': 'Ditto2', 'photoUrls': ['string'], 'tags': [{'id': 0, 'name': 'string'}], 'status': 'available'}, {'id': 9223372016854967241, 'category': {'id': 0, 'name': 'string'}, 'name': 'fish', 'photoUrls': ['string'], 'tags': [{'id': 0, 'name': 'string'}], 'status': 'available'}, {'id': 9223372016854967242, 'category': {'id': 0, 'name': 'string'}, 'name': 'doggie', 'photoUrls': ['string'], 'tags': [{'id': 0, 'name': 'string'}], 'status': 'available'}, {'id': 3114, 'category': {'id': 3114, 'name': 'string'}, 'name': 'doggie', 'photoUrls': ['abc', 'def'], 'tags': [{'id': 0, 'name': 'test0'}, {'id': 1, 'name': 'test1'}], 'status': 'available'}, {'id': 9223372016854967243, 'category': {'id': 0, 'name': 'string'}, 'name': 'doggie', 'photoUrls': ['string'], 'tags': [{'id': 0, 'name': 'string'}], 'status': 'available'}, {'id': 9223372016854967244, 'category': {'id': 203, 'name': 'Dog'}, 'name': 'Ditto2', 'photoUrls': ['string'], 'tags': [{'id': 0, 'name': 'string'}], 'status': 'available'}, {'id': 9223372016854967245, 'category': {'id': 0, 'name': 'string'}, 'name': 'doggie', 'photoUrls': ['string'], 'tags': [{'id': 0, 'name': 'string'}], 'status': 'available'}, {'id': 9223372016854967246, 'category': {'id': 0, 'name': 'string'}, 'name': 'doggie', 'photoUrls': ['string'], 'tags': [{'id': 0, 'name': 'string'}], 'status': 'available'}, {'id': 9223372016854967247, 'category': {'id': 0, 'name': 'string'}, 'name': 'doggie', 'photoUrls': ['string'], 'tags': [{'id': 0, 'name': 'string'}], 'status': 'available'}, {'id': 9223372016854967248, 'category': {'id': 0, 'name': 'string'}, 'name': 'doggie', 'photoUrls': ['string'], 'tags': [{'id': 0, 'name': 'string'}], 'status': 'available'}, {'id': 9223372016854967249, 'category': {'id': 0, 'name': 'string'}, 'name': 'doggie', 'photoUrls': ['string'], 'tags': [{'id': 0, 'name': 'string'}], 'status': 'available'}, {'id': 9223372016854967250, 'category': {'id': 0, 'name': 'string'}, 'name': 'doggie', 'photoUrls': ['string'], 'tags': [{'id': 0, 'name': 'string'}], 'status': 'available'}, {'id': 9223372016854967251, 'category': {'id': 0, 'name': 'string'}, 'name': 'doggie', 'photoUrls': ['string'], 'tags': [{'id': 0, 'name': 'string'}], 'status': 'available'}, {'id': 9223372016854967252, 'category': {'id': 0, 'name': 'string'}, 'name': 'doggie', 'photoUrls': ['string'], 'tags': [{'id': 0, 'name': 'string'}], 'status': 'available'}, {'id': 9223372016854967253, 'category': {'id': 0, 'name': 'string'}, 'name': 'doggie', 'photoUrls': ['string'], 'tags': [{'id': 0, 'name': 'string'}], 'status': 'available'}, {'id': 9223372016854967254, 'category': {'id': 203, 'name': 'Dog'}, 'name': 'Ditto2', 'photoUrls': ['string'], 'tags': [{'id': 0, 'name': 'string'}], 'status': 'available'}, {'id': 9223372016854967255, 'category': {'id': 0, 'name': 'string'}, 'name': 'doggie', 'photoUrls': ['string'], 'tags': [{'id': 0, 'name': 'string'}], 'status': 'available'}, {'id': 9223372016854967256, 'category': {'id': 0, 'name': 'string'}, 'name': 'fish', 'photoUrls': ['string'], 'tags': [{'id': 0, 'name': 'string'}], 'status': 'available'}, {'id': 9223372016854967257, 'category': {'id': 0, 'name': 'string'}, 'name': 'fish', 'photoUrls': ['string'], 'tags': [{'id': 0, 'name': 'string'}], 'status': 'available'}, {'id': 9223372016854967262, 'category': {'id': 0, 'name': 'string'}, 'name': 'fish', 'photoUrls': ['string'], 'tags': [{'id': 0, 'name': 'string'}], 'status': 'available'}, {'id': 9223372016854967263, 'category': {'id': 0, 'name': 'string'}, 'name': 'Doggie', 'photoUrls': ['string'], 'tags': [{'id': 0, 'name': 'string'}], 'status': 'available'}, {'id': 9223372016854967264, 'category': {'id': 0, 'name': 'string'}, 'name': 'fish', 'photoUrls': ['string'], 'tags': [{'id': 0, 'name': 'string'}], 'status': 'available'}, {'id': 9223372016854967265, 'category': {'id': 0, 'name': 'string'}, 'name': 'doggie', 'photoUrls': ['string'], 'tags': [{'id': 0, 'name': 'string'}], 'status': 'available'}, {'id': 9223372016854967266, 'category': {'id': 0, 'name': 'string'}, 'name': 'doggie', 'photoUrls': ['string'], 'tags': [{'id': 0, 'name': 'string'}], 'status': 'available'}, {'id': 9223372016854967267, 'category': {'id': 0, 'name': 'string'}, 'name': 'doggie', 'photoUrls': ['string'], 'tags': [{'id': 0, 'name': 'string'}], 'status': 'available'}, {'id': 9223372016854967268, 'category': {'id': 0, 'name': 'string'}, 'name': 'doggie', 'photoUrls': ['string'], 'tags': [{'id': 0, 'name': 'string'}], 'status': 'available'}, {'id': 9223372016854967269, 'category': {'id': 0, 'name': 'string'}, 'name': 'doggie', 'photoUrls': ['string'], 'tags': [{'id': 0, 'name': 'string'}], 'status': 'available'}, {'id': 9223372016854967270, 'category': {'id': 0, 'name': 'string'}, 'name': 'doggie', 'photoUrls': ['string'], 'tags': [{'id': 0, 'name': 'string'}], 'status': 'available'}, {'id': 9223372016854967271, 'category': {'id': 0, 'name': 'string'}, 'name': 'fish', 'photoUrls': ['string'], 'tags': [{'id': 0, 'name': 'string'}], 'status': 'available'}, {'id': 9223372016854967272, 'category': {'id': 0, 'name': 'string'}, 'name': 'doggie', 'photoUrls': ['string'], 'tags': [{'id': 0, 'name': 'string'}], 'status': 'available'}, {'id': 9223372016854967273, 'category': {'id': 0, 'name': 'string'}, 'name': 'doggie', 'photoUrls': ['string'], 'tags': [{'id': 0, 'name': 'string'}], 'status': 'available'}, {'id': 9223372016854967274, 'category': {'id': 0, 'name': 'string'}, 'name': 'doggie', 'photoUrls': ['string'], 'tags': [{'id': 0, 'name': 'string'}], 'status': 'available'}, {'id': 9223372016854967275, 'category': {'id': 0, 'name': 'string'}, 'name': 'fish', 'photoUrls': ['string'], 'tags': [{'id': 0, 'name': 'string'}], 'status': 'available'}, {'id': 9223372016854967292, 'category': {'id': 0, 'name': 'string'}, 'name': 'doggie', 'photoUrls': ['string'], 'tags': [{'id': 0, 'name': 'string'}], 'status': 'available'}, {'id': 9223372016854967293, 'category': {'id': 0, 'name': 'string'}, 'name': 'doggie', 'photoUrls': ['string'], 'tags': [{'id': 0, 'name': 'string'}], 'status': 'available'}, {'id': 9223372016854967294, 'category': {'id': 0, 'name': 'string'}, 'name': 'doggie', 'photoUrls': ['string'], 'tags': [{'id': 0, 'name': 'string'}], 'status': 'available'}, {'id': 9223372016854967295, 'category': {'id': 0, 'name': 'string'}, 'name': 'doggie', 'photoUrls': ['string'], 'tags': [{'id': 0, 'name': 'string'}], 'status': 'available'}, {'id': 9223372016854967296, 'category': {'id': 0, 'name': 'string'}, 'name': 'doggie', 'photoUrls': ['string'], 'tags': [{'id': 0, 'name': 'string'}], 'status': 'available'}, {'id': 9223372016854967297, 'category': {'id': 0, 'name': 'string'}, 'name': 'doggie', 'photoUrls': ['string'], 'tags': [{'id': 0, 'name': 'string'}], 'status': 'available'}, {'id': 9223372016854967298, 'category': {'id': 0, 'name': 'string'}, 'name': 'doggie', 'photoUrls': ['string'], 'tags': [{'id': 0, 'name': 'string'}], 'status': 'available'}, {'id': 9223372016854967299, 'category': {'id': 0, 'name': 'string'}, 'name': 'fish', 'photoUrls': ['string'], 'tags': [{'id': 0, 'name': 'string'}], 'status': 'available'}, {'id': 9223372016854967300, 'category': {'id': 0, 'name': 'string'}, 'name': 'doggie', 'photoUrls': ['string'], 'tags': [{'id': 0, 'name': 'string'}], 'status': 'available'}, {'id': 9223372016854967301, 'category': {'id': 0, 'name': 'string'}, 'name': 'doggie', 'photoUrls': ['string'], 'tags': [{'id': 0, 'name': 'string'}], 'status': 'available'}, {'id': 9223372016854967302, 'category': {'id': 0, 'name': 'string'}, 'name': 'fish', 'photoUrls': ['string'], 'tags': [{'id': 0, 'name': 'string'}], 'status': 'available'}, {'id': 9223372016854967304, 'category': {'id': 0, 'name': 'string'}, 'name': 'Puff', 'photoUrls': ['string'], 'tags': [{'id': 0, 'name': 'string'}], 'status': 'available'}, {'id': 9223372016854967310, 'category': {'id': 0, 'name': 'string'}, 'name': 'doggie', 'photoUrls': ['string'], 'tags': [{'id': 0, 'name': 'string'}], 'status': 'available'}, {'id': 27984, 'category': {'id': 122, 'name': 'string'}, 'name': 'cat', 'photoUrls': ['string'], 'tags': [{'id': 1, 'name': 'Cordia96'}], 'status': 'available'}, {'id': 9223372016854967312, 'category': {'id': 0, 'name': 'string'}, 'name': 'doggie', 'photoUrls': ['string'], 'tags': [{'id': 0, 'name': 'string'}], 'status': 'available'}, {'id': 9223372016854967313, 'category': {'id': 0, 'name': 'string'}, 'name': 'doggie', 'photoUrls': ['string'], 'tags': [{'id': 0, 'name': 'string'}], 'status': 'available'}, {'id': 9223372016854967314, 'category': {'id': 0, 'name': 'string'}, 'name': 'doggie', 'photoUrls': ['string'], 'tags': [{'id': 0, 'name': 'string'}], 'status': 'available'}, {'id': 9223372016854967315, 'category': {'id': 0, 'name': 'string'}, 'name': 'doggie', 'photoUrls': ['string'], 'tags': [{'id': 0, 'name': 'string'}], 'status': 'available'}, {'id': 9223372016854967316, 'category': {'id': 0, 'name': 'string'}, 'name': 'fish', 'photoUrls': ['string'], 'tags': [{'id': 0, 'name': 'string'}], 'status': 'available'}, {'id': 9223372016854967317, 'category': {'id': 0, 'name': 'string'}, 'name': 'doggie', 'photoUrls': ['string'], 'tags': [{'id': 0, 'name': 'string'}], 'status': 'available'}, {'id': 9223372016854967318, 'category': {'id': 0, 'name': 'string'}, 'name': 'doggie', 'photoUrls': ['string'], 'tags': [{'id': 0, 'name': 'string'}], 'status': 'available'}, {'id': 9223372016854967319, 'category': {'id': 0, 'name': 'string'}, 'name': 'doggie', 'photoUrls': ['string'], 'tags': [{'id': 0, 'name': 'string'}], 'status': 'available'}, {'id': 9223372016854967320, 'category': {'id': 0, 'name': 'string'}, 'name': 'doggie', 'photoUrls': ['string'], 'tags': [{'id': 0, 'name': 'string'}], 'status': 'available'}, {'id': 9223372016854967321, 'category': {'id': 0, 'name': 'string'}, 'name': 'fish', 'photoUrls': ['string'], 'tags': [{'id': 0, 'name': 'string'}], 'status': 'available'}, {'id': 9223372016854967322, 'category': {'id': 0, 'name': 'string'}, 'name': 'doggie', 'photoUrls': ['string'], 'tags': [{'id': 0, 'name': 'string'}], 'status': 'available'}, {'id': 9223372016854967323, 'category': {'id': 0, 'name': 'string'}, 'name': 'fish', 'photoUrls': ['string'], 'tags': [{'id': 0, 'name': 'string'}], 'status': 'available'}, {'id': 9223372016854967324, 'category': {'id': 0, 'name': 'string'}, 'name': 'doggie', 'photoUrls': ['string'], 'tags': [{'id': 0, 'name': 'string'}], 'status': 'available'}, {'id': 888, 'category': {'id': 1, 'name': 'Bus'}, 'name': "Gareth's Greyhound Bus", 'photoUrls': ['http://busesrus.com/bus.jpg'], 'tags': [{'id': 0, 'name': 'This Bus will take you out!'}], 'status': 'available'}, {'id': 9223372016854967339, 'category': {'id': 0, 'name': 'string'}, 'name': 'doggie', 'photoUrls': ['string'], 'tags': [{'id': 0, 'name': 'string'}], 'status': 'available'}, {'id': 9223372016854967340, 'category': {'id': 0, 'name': 'string'}, 'name': 'doggie', 'photoUrls': ['string'], 'tags': [{'id': 0, 'name': 'string'}], 'status': 'available'}, {'id': 9223372016854967341, 'category': {'id': 0, 'name': 'string'}, 'name': 'fish', 'photoUrls': ['string'], 'tags': [{'id': 0, 'name': 'string'}], 'status': 'available'}, {'id': 9223372016854967342, 'category': {'id': 0, 'name': 'string'}, 'name': 'doggie', 'photoUrls': ['string'], 'tags': [{'id': 0, 'name': 'string'}], 'status': 'available'}, {'id': 9223372016854967343, 'category': {'id': 0, 'name': 'string'}, 'name': 'doggie', 'photoUrls': ['string'], 'tags': [{'id': 0, 'name': 'string'}], 'status': 'available'}, {'id': 9223372016854967344, 'category': {'id': 0, 'name': 'string'}, 'name': 'doggie', 'photoUrls': ['string'], 'tags': [{'id': 0, 'name': 'string'}], 'status': 'available'}, {'id': 9223372016854967345, 'category': {'id': 0, 'name': 'string'}, 'name': 'doggie', 'photoUrls': ['string'], 'tags': [{'id': 0, 'name': 'string'}], 'status': 'available'}, {'id': 9223372016854967346, 'category': {'id': 0, 'name': 'string'}, 'name': 'doggie', 'photoUrls': ['string'], 'tags': [{'id': 0, 'name': 'string'}], 'status': 'available'}, {'id': 9223372016854967347, 'category': {'id': 0, 'name': 'string'}, 'name': 'doggie', 'photoUrls': ['string'], 'tags': [{'id': 0, 'name': 'string'}], 'status': 'available'}, {'id': 9223372016854967348, 'category': {'id': 0, 'name': 'string'}, 'name': 'doggie', 'photoUrls': ['string'], 'tags': [{'id': 0, 'name': 'string'}], 'status': 'available'}, {'id': 9223372016854967349, 'category': {'id': 0, 'name': 'string'}, 'name': 'doggie', 'photoUrls': ['string'], 'tags': [{'id': 0, 'name': 'string'}], 'status': 'available'}, {'id': 9223372016854967350, 'category': {'id': 0, 'name': 'string'}, 'name': 'doggie', 'photoUrls': ['string'], 'tags': [{'id': 0, 'name': 'string'}], 'status': 'available'}, {'id': 9223372016854967351, 'category': {'id': 0, 'name': 'string'}, 'name': 'doggie', 'photoUrls': ['string'], 'tags': [{'id': 0, 'name': 'string'}], 'status': 'available'}, {'id': 9223372016854967352, 'category': {'id': 0, 'name': 'string'}, 'name': 'fish', 'photoUrls': ['string'], 'tags': [{'id': 0, 'name': 'string'}], 'status': 'available'}, {'id': 9223372016854967353, 'category': {'id': 0, 'name': 'string'}, 'name': 'fish', 'photoUrls': ['string'], 'tags': [{'id': 0, 'name': 'string'}], 'status': 'available'}, {'id': 9223372016854967358, 'category': {'id': 0, 'name': 'string'}, 'name': 'Puff', 'photoUrls': ['string'], 'tags': [{'id': 0, 'name': 'string'}], 'status': 'available'}, {'id': 9223372016854967359, 'category': {'id': 29279529, 'name': 'in ipsum enim'}, 'name': 'doggie', 'photoUrls': ['nulla id minim in', 'commodo'], 'tags': [{'id': 98642183, 'name': 'et ullamco quis commodo'}, {'id': 55922225, 'name': 'ut aute incididunt'}], 'status': 'available'}, {'id': 9223372016854967360, 'category': {'id': 24337318, 'name': 'irure culpa nostrud proident'}, 'name': 'doggie', 'photoUrls': ['reprehenderit in velit', 'cu'], 'tags': [{'id': 49740867, 'name': 'ex ut Duis in'}, {'id': -14070169, 'name': 'non ad id ex'}], 'status': 'available'}, {'id': 9223372016854967362, 'category': {'id': 0, 'name': 'tommy'}, 'name': 'doggie', 'photoUrls': ['none'], 'tags': [{'id': 1, 'name': 'doggy'}], 'status': 'available'}, {'id': 1, 'category': {'id': 1, 'name': 'asd'}, 'name': 'asd', 'photoUrls': [], 'tags': [], 'status': 'available'}, {'id': 9223372016854967367, 'category': {'id': 0, 'name': 'string'}, 'name': 'doggie', 'photoUrls': ['string'], 'tags': [{'id': 0, 'name': 'string'}], 'status': 'available'}, {'id': 9223372016854967368, 'category': {'id': 0, 'name': 'string'}, 'name': 'doggie', 'photoUrls': ['string'], 'tags': [{'id': 0, 'name': 'string'}], 'status': 'available'}, {'id': 9223372016854967369, 'category': {'id': 0, 'name': 'string'}, 'name': 'doggie', 'photoUrls': ['string'], 'tags': [{'id': 0, 'name': 'string'}], 'status': 'available'}, {'id': 9223372016854967370, 'category': {'id': 0, 'name': 'string'}, 'name': 'doggie', 'photoUrls': ['string'], 'tags': [{'id': 0, 'name': 'string'}], 'status': 'available'}, {'id': 9223372016854967371, 'category': {'id': 0, 'name': 'string'}, 'name': 'doggie', 'photoUrls': ['string'], 'tags': [{'id': 0, 'name': 'string'}], 'status': 'available'}, {'id': 9223372016854967372, 'category': {'id': 0, 'name': 'string'}, 'name': 'doggie', 'photoUrls': ['string'], 'tags': [{'id': 0, 'name': 'string'}], 'status': 'available'}, {'id': 9223372016854967373, 'category': {'id': 0, 'name': 'string'}, 'name': 'doggie', 'photoUrls': ['string'], 'tags': [{'id': 0, 'name': 'string'}], 'status': 'available'}, {'id': 9223372016854967374, 'category': {'id': 0, 'name': 'string'}, 'name': 'doggie', 'photoUrls': ['string'], 'tags': [{'id': 0, 'name': 'string'}], 'status': 'available'}, {'id': 9223372016854967375, 'category': {'id': 0, 'name': 'string'}, 'name': 'doggie', 'photoUrls': ['string'], 'tags': [{'id': 0, 'name': 'string'}], 'status': 'available'}, {'id': 9223372016854967376, 'category': {'id': 0, 'name': 'string'}, 'name': 'doggie', 'photoUrls': ['string'], 'tags': [{'id': 0, 'name': 'string'}], 'status': 'available'}, {'id': 9223372016854967377, 'category': {'id': 0, 'name': 'string'}, 'name': 'fish', 'photoUrls': ['string'], 'tags': [{'id': 0, 'name': 'string'}], 'status': 'available'}, {'id': 9223372016854967382, 'category': {'id': 0, 'name': 'string'}, 'name': 'Puff', 'photoUrls': ['string'], 'tags': [{'id': 0, 'name': 'string'}], 'status': 'available'}, {'id': 9223372016854967393, 'category': {'id': 0, 'name': 'string'}, 'name': 'fish', 'photoUrls': ['string'], 'tags': [{'id': 0, 'name': 'string'}], 'status': 'available'}, {'id': 26155, 'category': {'id': 543, 'name': 'string'}, 'name': 'cat', 'photoUrls': ['string'], 'tags': [{'id': 1, 'name': 'Nora_Schultz85'}], 'status': 'available'}, {'id': 9223372016854967394, 'category': {'id': 0, 'name': 'string'}, 'name': 'doggie', 'photoUrls': ['string'], 'tags': [{'id': 0, 'name': 'string'}], 'status': 'available'}, {'id': 9223372016854967395, 'category': {'id': 0, 'name': 'string'}, 'name': 'doggie', 'photoUrls': ['string'], 'tags': [{'id': 0, 'name': 'string'}], 'status': 'available'}, {'id': 9223372016854967396, 'category': {'id': 0, 'name': 'string'}, 'name': 'doggie', 'photoUrls': ['string'], 'tags': [{'id': 0, 'name': 'string'}], 'status': 'available'}, {'id': 9223372016854967397, 'category': {'id': 0, 'name': 'string'}, 'name': 'doggie', 'photoUrls': ['string'], 'tags': [{'id': 0, 'name': 'string'}], 'status': 'available'}, {'id': 9223372016854967398, 'category': {'id': 0, 'name': 'string'}, 'name': 'doggie', 'photoUrls': ['string'], 'tags': [{'id': 0, 'name': 'string'}], 'status': 'available'}, {'id': 9223372016854967399, 'category': {'id': 0, 'name': 'string'}, 'name': 'doggie', 'photoUrls': ['string'], 'tags': [{'id': 0, 'name': 'string'}], 'status': 'available'}, {'id': 9223372016854967400, 'category': {'id': 0, 'name': 'string'}, 'name': 'doggie', 'photoUrls': ['string'], 'tags': [{'id': 0, 'name': 'string'}], 'status': 'available'}, {'id': 9223372016854967401, 'category': {'id': 0, 'name': 'string'}, 'name': 'doggie', 'photoUrls': ['string'], 'tags': [{'id': 0, 'name': 'string'}], 'status': 'available'}, {'id': 9223372016854967402, 'category': {'id': 0, 'name': 'string'}, 'name': 'doggie', 'photoUrls': ['string'], 'tags': [{'id': 0, 'name': 'string'}], 'status': 'available'}, {'id': 9223372016854967403, 'category': {'id': 0, 'name': 'string'}, 'name': 'fish', 'photoUrls': ['string'], 'tags': [{'id': 0, 'name': 'string'}], 'status': 'available'}, {'id': 9223372016854967404, 'category': {'id': 0, 'name': 'finch'}, 'name': 'doggie', 'photoUrls': ['string'], 'tags': [{'id': 0, 'name': 'string'}], 'status': 'available'}, {'id': 9223372016854967405, 'category': {'id': 0, 'name': 'string'}, 'name': 'fish', 'photoUrls': ['string'], 'tags': [{'id': 0, 'name': 'string'}], 'status': 'available'}, {'id': 3769, 'category': {'id': 0, 'name': 'string'}, 'name': 'eagle', 'photoUrls': ['string'], 'tags': [{'id': 0, 'name': 'string'}], 'status': 'available'}, {'id': 9223372016854967413, 'category': {'id': 0, 'name': 'string'}, 'name': 'fish', 'photoUrls': ['string'], 'tags': [{'id': 0, 'name': 'string'}], 'status': 'available'}, {'id': 9223372016854967414, 'category': {'id': 0, 'name': 'string'}, 'name': 'fish', 'photoUrls': ['string'], 'tags': [{'id': 0, 'name': 'string'}], 'status': 'available'}, {'id': 9223372016854967415, 'category': {'id': 0, 'name': 'string'}, 'name': 'doggie', 'photoUrls': ['string'], 'tags': [{'id': 0, 'name': 'string'}], 'status': 'available'}, {'id': 9223372016854967416, 'category': {'id': 0, 'name': 'string'}, 'name': 'doggie', 'photoUrls': ['string'], 'tags': [{'id': 0, 'name': 'string'}], 'status': 'available'}, {'id': 9223372016854967417, 'category': {'id': 0, 'name': 'string'}, 'name': 'doggie', 'photoUrls': ['string'], 'tags': [{'id': 0, 'name': 'string'}], 'status': 'available'}, {'id': 9223372016854967418, 'category': {'id': 0, 'name': 'string'}, 'name': 'doggie', 'photoUrls': ['string'], 'tags': [{'id': 0, 'name': 'string'}], 'status': 'available'}, {'id': 9223372016854967419, 'category': {'id': 0, 'name': 'string'}, 'name': 'doggie', 'photoUrls': ['string'], 'tags': [{'id': 0, 'name': 'string'}], 'status': 'available'}, {'id': 9223372016854967420, 'category': {'id': 0, 'name': 'string'}, 'name': 'doggie', 'photoUrls': ['string'], 'tags': [{'id': 0, 'name': 'string'}], 'status': 'available'}, {'id': 9223372016854967421, 'category': {'id': 0, 'name': 'string'}, 'name': 'doggie', 'photoUrls': ['string'], 'tags': [{'id': 0, 'name': 'string'}], 'status': 'available'}, {'id': 9223372016854967422, 'category': {'id': 0, 'name': 'string'}, 'name': 'doggie', 'photoUrls': ['string'], 'tags': [{'id': 0, 'name': 'string'}], 'status': 'available'}, {'id': 9223372016854967423, 'category': {'id': 0, 'name': 'string'}, 'name': 'doggie', 'photoUrls': ['string'], 'tags': [{'id': 0, 'name': 'string'}], 'status': 'available'}, {'id': 9223372016854967424, 'category': {'id': 0, 'name': 'string'}, 'name': 'fish', 'photoUrls': ['string'], 'tags': [{'id': 0, 'name': 'string'}], 'status': 'available'}, {'id': 9223372016854967425, 'category': {'id': 0, 'name': 'string'}, 'name': 'fish', 'photoUrls': ['string'], 'tags': [{'id': 0, 'name': 'string'}], 'status': 'available'}, {'id': 9223372016854967426, 'category': {'id': 0, 'name': 'string'}, 'name': 'fish', 'photoUrls': ['string'], 'tags': [{'id': 0, 'name': 'string'}], 'status': 'available'}, {'id': 9223372016854967427, 'name': 'doggie', 'photoUrls': [], 'tags': [], 'status': 'available'}, {'id': 9223372016854967428, 'name': 'doggie', 'photoUrls': [], 'tags': [], 'status': 'available'}, {'id': 9223372016854967439, 'category': {'id': 0, 'name': 'string'}, 'name': 'doggie', 'photoUrls': ['string'], 'tags': [{'id': 0, 'name': 'string'}], 'status': 'available'}, {'id': 9223372016854967441, 'category': {'id': 0, 'name': 'string'}, 'name': 'fish', 'photoUrls': ['string'], 'tags': [{'id': 0, 'name': 'string'}], 'status': 'available'}, {'id': 9223372016854967442, 'category': {'id': 0, 'name': 'string'}, 'name': 'fish', 'photoUrls': ['string'], 'tags': [{'id': 0, 'name': 'string'}], 'status': 'available'}, {'id': 9223372016854967443, 'name': 'doggie', 'photoUrls': [], 'tags': [], 'status': 'available'}, {'id': 9223372016854967444, 'name': 'doggie', 'photoUrls': [], 'tags': [], 'status': 'available'}, {'id': 9223372016854967445, 'name': 'doggie', 'photoUrls': [], 'tags': [], 'status': 'available'}, {'id': 9223372016854967446, 'name': 'doggie', 'photoUrls': [], 'tags': [], 'status': 'available'}, {'id': 9223372016854967447, 'name': 'doggie', 'photoUrls': [], 'tags': [], 'status': 'available'}, {'id': 9223372016854967448, 'name': 'doggie', 'photoUrls': [], 'tags': [], 'status': 'available'}, {'id': 9223372016854967449, 'name': 'doggie', 'photoUrls': [], 'tags': [], 'status': 'available'}, {'id': 9223372016854967450, 'category': {'id': 0, 'name': 'string'}, 'name': 'doggie', 'photoUrls': ['string'], 'tags': [{'id': 0, 'name': 'string'}], 'status': 'available'}, {'id': 9223372016854967451, 'category': {'id': 0, 'name': 'string'}, 'name': 'doggie', 'photoUrls': ['string'], 'tags': [{'id': 0, 'name': 'string'}], 'status': 'available'}, {'id': 9223372016854967452, 'name': 'doggie', 'photoUrls': [], 'tags': [], 'status': 'available'}, {'id': 9223372016854967453, 'name': 'doggie', 'photoUrls': [], 'tags': [], 'status': 'available'}, {'id': 9223372016854967454, 'name': 'doggie', 'photoUrls': [], 'tags': [], 'status': 'available'}, {'id': 9223372016854967455, 'name': 'doggie', 'photoUrls': [], 'tags': [], 'status': 'available'}, {'id': 9223372016854967456, 'name': 'doggie', 'photoUrls': [], 'tags': [], 'status': 'available'}, {'id': 9223372016854967457, 'category': {'id': 0, 'name': 'string'}, 'name': 'doggie', 'photoUrls': ['string'], 'tags': [{'id': 0, 'name': 'string'}], 'status': 'available'}, {'id': 9223372016854967458, 'category': {'id': 0, 'name': 'string'}, 'name': 'doggie', 'photoUrls': ['string'], 'tags': [{'id': 0, 'name': 'string'}], 'status': 'available'}, {'id': 9223372016854967459, 'name': 'doggie', 'photoUrls': [], 'tags': [], 'status': 'available'}, {'id': 9223372016854967460, 'name': 'doggie', 'photoUrls': [], 'tags': [], 'status': 'available'}, {'id': 9223372016854967461, 'name': 'doggie', 'photoUrls': [], 'tags': [], 'status': 'available'}, {'id': 9223372016854967462, 'category': {'id': 0, 'name': 'string'}, 'name': 'fish', 'photoUrls': ['string'], 'tags': [{'id': 0, 'name': 'string'}], 'status': 'available'}, {'id': 9223372016854967463, 'name': 'doggie', 'photoUrls': [], 'tags': [], 'status': 'available'}, {'id': 9223372016854967464, 'name': 'doggie', 'photoUrls': [], 'tags': [], 'status': 'available'}, {'id': 9223372016854967465, 'name': 'doggie', 'photoUrls': [], 'tags': [], 'status': 'available'}, {'id': 9223372016854967466, 'category': {'id': 0, 'name': 'string'}, 'name': 'doggie', 'photoUrls': ['string'], 'tags': [{'id': 0, 'name': 'string'}], 'status': 'available'}, {'id': 9223372016854967467, 'category': {'id': 0, 'name': 'string'}, 'name': 'doggie', 'photoUrls': ['string'], 'tags': [{'id': 0, 'name': 'string'}], 'status': 'available'}, {'id': 9223372016854967468, 'category': {'id': 0, 'name': 'string'}, 'name': 'doggie', 'photoUrls': ['string'], 'tags': [{'id': 0, 'name': 'string'}], 'status': 'available'}, {'id': 9223372016854967469, 'category': {'id': 0, 'name': 'string'}, 'name': 'doggie', 'photoUrls': ['string'], 'tags': [{'id': 0, 'name': 'string'}], 'status': 'available'}, {'id': 9223372016854967470, 'name': 'doggie', 'photoUrls': [], 'tags': [], 'status': 'available'}, {'id': 9223372016854967471, 'name': 'doggie', 'photoUrls': [], 'tags': [], 'status': 'available'}, {'id': 9223372016854967472, 'name': 'doggie', 'photoUrls': [], 'tags': [], 'status': 'available'}, {'id': 9223372016854967473, 'name': 'doggie', 'photoUrls': [], 'tags': [], 'status': 'available'}, {'id': 9223372016854967474, 'name': 'doggie', 'photoUrls': [], 'tags': [], 'status': 'available'}, {'id': 9223372016854967475, 'category': {'id': 0, 'name': 'string'}, 'name': 'Puff', 'photoUrls': ['string'], 'tags': [{'id': 0, 'name': 'string'}], 'status': 'available'}, {'id': 9223372016854967476, 'category': {'id': 0, 'name': 'string'}, 'name': 'fish', 'photoUrls': ['string'], 'tags': [{'id': 0, 'name': 'string'}], 'status': 'available'}, {'id': 128012801280, 'category': {'id': 1, 'name': 'cats'}, 'name': 'Mango', 'photoUrls': ['https://i.pinimg.com/originals/5c/2c/44/5c2c44f16da1caf134c00bc4f9c72ea0.jpg'], 'tags': [{'id': 7643, 'name': 'test-tag'}], 'status': 'available'}, {'id': 9223372016854967477, 'name': 'doggie', 'photoUrls': [], 'tags': [], 'status': 'available'}, {'id': 9223372016854967478, 'name': 'doggie', 'photoUrls': [], 'tags': [], 'status': 'available'}, {'id': 9223372016854967479, 'name': 'doggie', 'photoUrls': [], 'tags': [], 'status': 'available'}, {'id': 9223372016854967480, 'name': 'doggie', 'photoUrls': [], 'tags': [], 'status': 'available'}, {'id': 9223372016854967481, 'name': 'doggie', 'photoUrls': [], 'tags': [], 'status': 'available'}, {'id': 9223372016854967482, 'name': 'doggie', 'photoUrls': [], 'tags': [], 'status': 'available'}, {'id': 9223372016854967483, 'name': 'doggie', 'photoUrls': [], 'tags': [], 'status': 'available'}, {'id': 9223372016854967484, 'name': 'doggie', 'photoUrls': [], 'tags': [], 'status': 'available'}, {'id': 9223372016854967485, 'name': 'doggie', 'photoUrls': [], 'tags': [], 'status': 'available'}, {'id': 9223372016854967486, 'name': 'doggie', 'photoUrls': [], 'tags': [], 'status': 'available'}, {'id': 9223372016854967487, 'name': "' or '1'='1", 'photoUrls': [], 'tags': [], 'status': 'available'}, {'id': 9223372016854967488, 'name': '1/0', 'photoUrls': [], 'tags': [], 'status': 'available'}, {'id': 9223372016854967489, 'name': ';', 'photoUrls': [], 'tags': [], 'status': 'available'}, {'id': 9223372016854967490, 'name': "' and 1=2 --", 'photoUrls': [], 'tags': [], 'status': 'available'}, {'id': 9223372016854967491, 'name': 'test? UNION select 1, @@version, 1, 1;?', 'photoUrls': [], 'tags': [], 'status': 'available'}, {'id': 202, 'category': {'id': 1, 'name': 'Rabbit'}, 'name': 'Bugs', 'photoUrls': ['string'], 'tags': [{'id': 0, 'name': 'string'}], 'status': 'available'}, {'id': 9223372016854967502, 'category': {'id': 0, 'name': 'string'}, 'name': 'doggie', 'photoUrls': ['string'], 'tags': [{'id': 0, 'name': 'string'}], 'status': 'available'}, {'id': 9223372016854967503, 'category': {'id': 0, 'name': 'string'}, 'name': 'doggie', 'photoUrls': ['string'], 'tags': [{'id': 0, 'name': 'string'}], 'status': 'available'}, {'id': 9223372016854967504, 'category': {'id': 0, 'name': 'string'}, 'name': 'doggie', 'photoUrls': ['string'], 'tags': [{'id': 0, 'name': 'string'}], 'status': 'available'}, {'id': 9223372016854967505, 'category': {'id': 0, 'name': 'string'}, 'name': 'doggie', 'photoUrls': ['string'], 'tags': [{'id': 0, 'name': 'string'}], 'status': 'available'}, {'id': 9223372016854967506, 'category': {'id': 0, 'name': 'string'}, 'name': 'doggie', 'photoUrls': ['string'], 'tags': [{'id': 0, 'name': 'string'}], 'status': 'available'}, {'id': 9223372016854967507, 'category': {'id': 0, 'name': 'string'}, 'name': 'doggie', 'photoUrls': ['string'], 'tags': [{'id': 0, 'name': 'string'}], 'status': 'available'}, {'id': 9223372016854967508, 'category': {'id': 0, 'name': 'string'}, 'name': 'doggie', 'photoUrls': ['string'], 'tags': [{'id': 0, 'name': 'string'}], 'status': 'available'}, {'id': 9223372016854967509, 'category': {'id': 0, 'name': 'string'}, 'name': 'doggie', 'photoUrls': ['string'], 'tags': [{'id': 0, 'name': 'string'}], 'status': 'available'}, {'id': 9223372016854967510, 'category': {'id': 0, 'name': 'string'}, 'name': 'doggie', 'photoUrls': ['string'], 'tags': [{'id': 0, 'name': 'string'}], 'status': 'available'}, {'id': 9223372016854967511, 'category': {'id': 0, 'name': 'string'}, 'name': 'doggie', 'photoUrls': ['string'], 'tags': [{'id': 0, 'name': 'string'}], 'status': 'available'}, {'id': 9223372016854967512, 'category': {'id': 0, 'name': 'string'}, 'name': 'doggie', 'photoUrls': ['string'], 'tags': [{'id': 0, 'name': 'string'}], 'status': 'available'}, {'id': 9223372016854967513, 'category': {'id': 0, 'name': 'string'}, 'name': 'fish', 'photoUrls': ['string'], 'tags': [{'id': 0, 'name': 'string'}], 'status': 'available'}, {'id': 9223372016854967532, 'category': {'id': 0, 'name': 'dogs'}, 'name': 'qa_doggie', 'photoUrls': ['image.jpg'], 'tags': [{'id': 0, 'name': 'qa_tag'}], 'status': 'available'}, {'id': 9223372016854967533, 'category': {'id': 0, 'name': 'string'}, 'name': 'doggie', 'photoUrls': ['string'], 'tags': [{'id': 0, 'name': 'string'}], 'status': 'available'}, {'id': 9223372016854967534, 'category': {'id': 0, 'name': 'string'}, 'name': 'doggie', 'photoUrls': ['string'], 'tags': [{'id': 0, 'name': 'string'}], 'status': 'available'}, {'id': 9223372016854967535, 'category': {'id': 0, 'name': 'string'}, 'name': 'doggie', 'photoUrls': ['string'], 'tags': [{'id': 0, 'name': 'string'}], 'status': 'available'}, {'id': 9223372016854967536, 'category': {'id': 0, 'name': 'string'}, 'name': 'doggie', 'photoUrls': ['string'], 'tags': [{'id': 0, 'name': 'string'}], 'status': 'available'}, {'id': 9223372016854967537, 'category': {'id': 0, 'name': 'string'}, 'name': 'doggie', 'photoUrls': ['string'], 'tags': [{'id': 0, 'name': 'string'}], 'status': 'available'}, {'id': 9223372016854967538, 'category': {'id': 0, 'name': 'string'}, 'name': 'doggie', 'photoUrls': ['string'], 'tags': [{'id': 0, 'name': 'string'}], 'status': 'available'}, {'id': 9223372016854967539, 'category': {'id': 0, 'name': 'string'}, 'name': 'doggie', 'photoUrls': ['string'], 'tags': [{'id': 0, 'name': 'string'}], 'status': 'available'}, {'id': 9223372016854967540, 'category': {'id': 0, 'name': 'string'}, 'name': 'doggie', 'photoUrls': ['string'], 'tags': [{'id': 0, 'name': 'string'}], 'status': 'available'}, {'id': 9223372016854967541, 'category': {'id': 0, 'name': 'string'}, 'name': 'doggie', 'photoUrls': ['string'], 'tags': [{'id': 0, 'name': 'string'}], 'status': 'available'}, {'id': 9223372016854967542, 'category': {'id': 0, 'name': 'string'}, 'name': 'Puff', 'photoUrls': ['string'], 'tags': [{'id': 0, 'name': 'string'}], 'status': 'available'}, {'id': 9223372016854967543, 'category': {'id': 0, 'name': 'string'}, 'name': 'doggie', 'photoUrls': ['string'], 'tags': [{'id': 0, 'name': 'string'}], 'status': 'available'}, {'id': 9223372016854967544, 'category': {'id': 0, 'name': 'string'}, 'name': 'doggie', 'photoUrls': ['string'], 'tags': [{'id': 0, 'name': 'string'}], 'status': 'available'}, {'id': 9223372016854967545, 'category': {'id': 0, 'name': 'string'}, 'name': 'fish', 'photoUrls': ['string'], 'tags': [{'id': 0, 'name': 'string'}], 'status': 'available'}, {'id': 9223372016854967552, 'category': {'id': 0, 'name': 'string'}, 'name': 'fish', 'photoUrls': ['string'], 'tags': [{'id': 0, 'name': 'string'}], 'status': 'available'}, {'id': 9223372016854967553, 'category': {'id': 0, 'name': 'finch'}, 'name': 'doggie', 'photoUrls': ['string'], 'tags': [{'id': 0, 'name': 'string'}], 'status': 'available'}, {'id': 9223372016854967554, 'category': {'id': 0, 'name': 'finch'}, 'name': 'doggie', 'photoUrls': ['string'], 'tags': [{'id': 0, 'name': 'string'}], 'status': 'available'}, {'id': 9223372016854967555, 'category': {'id': 0, 'name': 'string'}, 'name': 'doggie', 'photoUrls': ['string'], 'tags': [{'id': 0, 'name': 'string'}], 'status': 'available'}, {'id': 9223372016854967556, 'category': {'id': 0, 'name': 'string'}, 'name': 'doggie', 'photoUrls': ['string'], 'tags': [{'id': 0, 'name': 'string'}], 'status': 'available'}, {'id': 9223372016854967557, 'category': {'id': 0, 'name': 'string'}, 'name': 'doggie', 'photoUrls': ['string'], 'tags': [{'id': 0, 'name': 'string'}], 'status': 'available'}, {'id': 9223372016854967558, 'category': {'id': 0, 'name': 'string'}, 'name': 'doggie', 'photoUrls': ['string'], 'tags': [{'id': 0, 'name': 'string'}], 'status': 'available'}, {'id': 9223372016854967559, 'category': {'id': 0, 'name': 'string'}, 'name': 'doggie', 'photoUrls': ['string'], 'tags': [{'id': 0, 'name': 'string'}], 'status': 'available'}, {'id': 9223372016854967560, 'category': {'id': 0, 'name': 'string'}, 'name': 'doggie', 'photoUrls': ['string'], 'tags': [{'id': 0, 'name': 'string'}], 'status': 'available'}, {'id': 9223372016854967561, 'category': {'id': 0, 'name': 'string'}, 'name': 'doggie', 'photoUrls': ['string'], 'tags': [{'id': 0, 'name': 'string'}], 'status': 'available'}, {'id': 9223372016854967562, 'category': {'id': 0, 'name': 'string'}, 'name': 'doggie', 'photoUrls': ['string'], 'tags': [{'id': 0, 'name': 'string'}], 'status': 'available'}, {'id': 9223372016854967563, 'category': {'id': 0, 'name': 'string'}, 'name': 'fish', 'photoUrls': ['string'], 'tags': [{'id': 0, 'name': 'string'}], 'status': 'available'}, {'id': 9223372016854967564, 'category': {'id': 0, 'name': 'string'}, 'name': 'fish', 'photoUrls': ['string'], 'tags': [{'id': 0, 'name': 'string'}], 'status': 'available'}, {'id': 9223372016854967568, 'category': {'id': 0, 'name': 'string'}, 'name': 'doggie', 'photoUrls': ['string'], 'tags': [{'id': 0, 'name': 'string'}], 'status': 'available'}, {'id': 9223372016854967576, 'category': {'id': 0, 'name': 'string'}, 'name': 'fish', 'photoUrls': ['string'], 'tags': [{'id': 0, 'name': 'string'}], 'status': 'available'}, {'id': 9223372016854967579, 'category': {'id': 0, 'name': 'string12'}, 'name': 'doggie', 'photoUrls': ['string'], 'tags': [{'id': 0, 'name': 'string11'}], 'status': 'available'}, {'id': 9223372016854967580, 'category': {'id': 0, 'name': 'string'}, 'name': 'Puff', 'photoUrls': ['string'], 'tags': [{'id': 0, 'name': 'string'}], 'status': 'available'}, {'id': 9223372016854967581, 'category': {'id': 0, 'name': 'string'}, 'name': 'doggie', 'photoUrls': ['string'], 'tags': [{'id': 0, 'name': 'string'}], 'status': 'available'}, {'id': 9223372016854967582, 'category': {'id': 0, 'name': 'string'}, 'name': 'doggie', 'photoUrls': ['string'], 'tags': [{'id': 0, 'name': 'string'}], 'status': 'available'}, {'id': 9223372016854967583, 'category': {'id': 0, 'name': 'string'}, 'name': 'doggie', 'photoUrls': ['string'], 'tags': [{'id': 0, 'name': 'string'}], 'status': 'available'}, {'id': 9223372016854967584, 'name': 'puppie', 'photoUrls': [], 'tags': [], 'status': 'available'}, {'id': 9223372016854967585, 'category': {'id': 0, 'name': 'string'}, 'name': 'doggie', 'photoUrls': ['string'], 'tags': [{'id': 0, 'name': 'string'}], 'status': 'available'}, {'id': 9223372016854967586, 'category': {'id': 0, 'name': 'string'}, 'name': 'doggie', 'photoUrls': ['string'], 'tags': [{'id': 0, 'name': 'string'}], 'status': 'available'}, {'id': 9223372016854967587, 'category': {'id': 0, 'name': 'string'}, 'name': 'doggie', 'photoUrls': ['string'], 'tags': [{'id': 0, 'name': 'string'}], 'status': 'available'}, {'id': 9223372016854967588, 'category': {'id': 0, 'name': 'string'}, 'name': 'doggie', 'photoUrls': ['string'], 'tags': [{'id': 0, 'name': 'string'}], 'status': 'available'}, {'id': 9223372016854967589, 'category': {'id': 0, 'name': 'string'}, 'name': 'doggie', 'photoUrls': ['string'], 'tags': [{'id': 0, 'name': 'string'}], 'status': 'available'}, {'id': 9223372016854967590, 'category': {'id': 0, 'name': 'string'}, 'name': 'doggie', 'photoUrls': ['string'], 'tags': [{'id': 0, 'name': 'string'}], 'status': 'available'}, {'id': 9223372016854967591, 'category': {'id': 0, 'name': 'string'}, 'name': 'fish', 'photoUrls': ['string'], 'tags': [{'id': 0, 'name': 'string'}], 'status': 'available'}, {'id': 9223372016854967598, 'name': 'doggies', 'photoUrls': [], 'tags': [], 'status': 'available'}, {'id': 9223372016854967605, 'category': {'id': 0, 'name': 'string'}, 'name': 'fish', 'photoUrls': ['string'], 'tags': [{'id': 0, 'name': 'string'}], 'status': 'available'}, {'id': 9223372016854967606, 'category': {'id': 0, 'name': 'dogs'}, 'name': 'qa_doggie', 'photoUrls': ['image.jpg'], 'tags': [{'id': 0, 'name': 'qa_tag'}], 'status': 'available'}, {'id': 9223372016854967607, 'category': {'id': 0, 'name': 'string'}, 'name': 'doggie', 'photoUrls': ['string'], 'tags': [{'id': 0, 'name': 'string'}], 'status': 'available'}, {'id': 9223372016854967608, 'category': {'id': 0, 'name': 'string'}, 'name': 'doggie', 'photoUrls': ['string'], 'tags': [{'id': 0, 'name': 'string'}], 'status': 'available'}, {'id': 9223372016854967609, 'category': {'id': 0, 'name': 'string'}, 'name': 'doggie', 'photoUrls': ['string'], 'tags': [{'id': 0, 'name': 'string'}], 'status': 'available'}, {'id': 9223372016854967610, 'category': {'id': 0, 'name': 'string'}, 'name': 'doggie', 'photoUrls': ['string'], 'ta
[...]
</kw>
<tag>UI Test</tag>
<status status="PASS" starttime="20220224 20:55:31.693" endtime="20220224 20:55:39.534"/>
</test>
<test id="s1-s2-t3" name="Validate the Resource tab in chrome browser">
<kw name="Click on Resources tab in chrome browser" library="UITestingPlayground">
<tag>Functional Test</tag>
<doc>Validate that the Resources tab is clickable and navigates to the resource page</doc>
<kw name="Open Browser" library="SeleniumLibrary">
<arg>${LOGIN URL}</arg>
<arg>${BROWSER}</arg>
<doc>Opens a new browser instance to the optional ``url``.</doc>
<msg timestamp="20220224 20:55:39.543" level="INFO">Opening browser 'chrome' to base url 'http://www.uitestingplayground.com'.</msg>
<status status="PASS" starttime="20220224 20:55:39.543" endtime="20220224 20:55:45.421"/>
</kw>
<kw name="Wait Until Page Contains" library="SeleniumLibrary">
<arg>UI Test Automation</arg>
<doc>Waits until ``text`` appears on the current page.</doc>
<status status="PASS" starttime="20220224 20:55:45.422" endtime="20220224 20:55:45.465"/>
</kw>
<kw name="Click Link" library="SeleniumLibrary">
<arg>xpath=//*[@id="navbarSupportedContent"]/ul/li[2]/a</arg>
<doc>Clicks a link identified by ``locator``.</doc>
<msg timestamp="20220224 20:55:45.465" level="INFO">Clicking link 'xpath=//*[@id="navbarSupportedContent"]/ul/li[2]/a'.</msg>
<status status="PASS" starttime="20220224 20:55:45.465" endtime="20220224 20:55:46.089"/>
</kw>
<kw name="Wait Until Page Contains" library="SeleniumLibrary">
<arg>Resources</arg>
<doc>Waits until ``text`` appears on the current page.</doc>
<status status="PASS" starttime="20220224 20:55:46.090" endtime="20220224 20:55:46.104"/>
</kw>
<kw name="Element Text Should Be" library="SeleniumLibrary">
<arg>xpath=/html/body/section/div/h3</arg>
<arg>Resources</arg>
<doc>Verifies that element ``locator`` contains exact the text ``expected``.</doc>
<msg timestamp="20220224 20:55:46.105" level="INFO">Verifying element 'xpath=/html/body/section/div/h3' contains exact text 'Resources'.</msg>
<status status="PASS" starttime="20220224 20:55:46.105" endtime="20220224 20:55:46.132"/>
</kw>
<kw name="Element Text Should Be" library="SeleniumLibrary">
<arg>xpath=/html/body/section/div/h4[1]</arg>
<arg>Learning</arg>
<doc>Verifies that element ``locator`` contains exact the text ``expected``.</doc>
<msg timestamp="20220224 20:55:46.133" level="INFO">Verifying element 'xpath=/html/body/section/div/h4[1]' contains exact text 'Learning'.</msg>
<status status="PASS" starttime="20220224 20:55:46.132" endtime="20220224 20:55:46.154"/>
</kw>
<kw name="Element Text Should Be" library="SeleniumLibrary">
<arg>xpath=/html/body/section/div/h4[2]</arg>
<arg>Standards</arg>
<doc>Verifies that element ``locator`` contains exact the text ``expected``.</doc>
<msg timestamp="20220224 20:55:46.156" level="INFO">Verifying element 'xpath=/html/body/section/div/h4[2]' contains exact text 'Standards'.</msg>
<status status="PASS" starttime="20220224 20:55:46.155" endtime="20220224 20:55:46.178"/>
</kw>
<kw name="Element Text Should Be" library="SeleniumLibrary">
<arg>xpath=/html/body/section/div/h4[3]</arg>
<arg>Articles</arg>
<doc>Verifies that element ``locator`` contains exact the text ``expected``.</doc>
<msg timestamp="20220224 20:55:46.178" level="INFO">Verifying element 'xpath=/html/body/section/div/h4[3]' contains exact text 'Articles'.</msg>
<status status="PASS" starttime="20220224 20:55:46.178" endtime="20220224 20:55:46.201"/>
</kw>
<kw name="Element Text Should Be" library="SeleniumLibrary">
<arg>xpath=/html/body/section/div/h4[4]</arg>
<arg>Community</arg>
<doc>Verifies that element ``locator`` contains exact the text ``expected``.</doc>
<msg timestamp="20220224 20:55:46.201" level="INFO">Verifying element 'xpath=/html/body/section/div/h4[4]' contains exact text 'Community'.</msg>
<status status="PASS" starttime="20220224 20:55:46.201" endtime="20220224 20:55:46.222"/>
</kw>
<kw name="Close Browser" library="SeleniumLibrary">
<doc>Closes the current browser.</doc>
<status status="PASS" starttime="20220224 20:55:46.222" endtime="20220224 20:55:48.409"/>
</kw>
<status status="PASS" starttime="20220224 20:55:39.543" endtime="20220224 20:55:48.410"/>
</kw>
<tag>UI Test</tag>
<status status="PASS" starttime="20220224 20:55:39.541" endtime="20220224 20:55:48.413"/>
</test>
<test id="s1-s2-t4" name="Validate the Dynamic ID link">
<kw name="Validate Dymanic ID link" library="UITestingPlayground">
<tag>Functional Test</tag>
<doc>Validate that the Dynamic ID link is clickable, that it navigates to the Dynamic ID page and that the button is clickable</doc>
<kw name="Open Browser" library="SeleniumLibrary">
<arg>${LOGIN URL}</arg>
<arg>${BROWSER}</arg>
<doc>Opens a new browser instance to the optional ``url``.</doc>
<msg timestamp="20220224 20:55:48.421" level="INFO">Opening browser 'chrome' to base url 'http://www.uitestingplayground.com'.</msg>
<status status="PASS" starttime="20220224 20:55:48.421" endtime="20220224 20:55:55.704"/>
</kw>
<kw name="Wait Until Page Contains" library="SeleniumLibrary">
<arg>UI Test Automation Playground</arg>
<doc>Waits until ``text`` appears on the current page.</doc>
<status status="PASS" starttime="20220224 20:55:55.705" endtime="20220224 20:55:55.733"/>
</kw>
<kw name="Element Text Should Be" library="SeleniumLibrary">
<arg>xpath=//*[@id="overview"]/div/div[1]/div[1]/h3/a</arg>
<arg>Dynamic ID</arg>
<doc>Verifies that element ``locator`` contains exact the text ``expected``.</doc>
<msg timestamp="20220224 20:55:55.734" level="INFO">Verifying element 'xpath=//*[@id="overview"]/div/div[1]/div[1]/h3/a' contains exact text 'Dynamic ID'.</msg>
<status status="PASS" starttime="20220224 20:55:55.733" endtime="20220224 20:55:55.756"/>
</kw>
<kw name="Element Text Should Be" library="SeleniumLibrary">
<arg>xpath=//*[@id="overview"]/div/div[1]/div[1]/p</arg>
<arg>Make sure you are not recording dynamic IDs of elements</arg>
<doc>Verifies that element ``locator`` contains exact the text ``expected``.</doc>
<msg timestamp="20220224 20:55:55.756" level="INFO">Verifying element 'xpath=//*[@id="overview"]/div/div[1]/div[1]/p' contains exact text 'Make sure you are not recording dynamic IDs of elements'.</msg>
<status status="PASS" starttime="20220224 20:55:55.756" endtime="20220224 20:55:55.778"/>
</kw>
<kw name="Click Link" library="SeleniumLibrary">
<arg>xpath=//*[@id="overview"]/div/div[1]/div[1]/h3/a</arg>
<doc>Clicks a link identified by ``locator``.</doc>
<msg timestamp="20220224 20:55:55.778" level="INFO">Clicking link 'xpath=//*[@id="overview"]/div/div[1]/div[1]/h3/a'.</msg>
<status status="PASS" starttime="20220224 20:55:55.778" endtime="20220224 20:55:56.386"/>
</kw>
<kw name="Wait Until Page Contains" library="SeleniumLibrary">
<arg>Dynamic ID</arg>
<doc>Waits until ``text`` appears on the current page.</doc>
<status status="PASS" starttime="20220224 20:55:56.386" endtime="20220224 20:55:56.399"/>
</kw>
<kw name="Element Text Should Be" library="SeleniumLibrary">
<arg>xpath=/html/body/section/div/h3</arg>
<arg>Dynamic ID</arg>
<doc>Verifies that element ``locator`` contains exact the text ``expected``.</doc>
<msg timestamp="20220224 20:55:56.400" level="INFO">Verifying element 'xpath=/html/body/section/div/h3' contains exact text 'Dynamic ID'.</msg>
<status status="PASS" starttime="20220224 20:55:56.399" endtime="20220224 20:55:56.422"/>
</kw>
<kw name="Element Text Should Be" library="SeleniumLibrary">
<arg>xpath=/html/body/section/div/p</arg>
<arg>Modern applications often generate dynamic IDs for elements. In this case ID is not a reliable attribute for using in element selector. By default many UI automation tools record IDs and this results in tests broken from the very beginning. An automation tool needs a way to instruct it to skip dynamic IDs when XPath is generated for an element.</arg>
<doc>Verifies that element ``locator`` contains exact the text ``expected``.</doc>
<msg timestamp="20220224 20:55:56.422" level="INFO">Verifying element 'xpath=/html/body/section/div/p' contains exact text 'Modern applications often generate dynamic IDs for elements. In this case ID is not a reliable attribute for using in element selector. By default many UI automation tools record IDs and this results in tests broken from the very beginning. An automation tool needs a way to instruct it to skip dynamic IDs when XPath is generated for an element.'.</msg>
<status status="PASS" starttime="20220224 20:55:56.422" endtime="20220224 20:55:56.449"/>
</kw>
<kw name="Element Text Should Be" library="SeleniumLibrary">
<arg>xpath=/html/body/section/div/h4[1]</arg>
<arg>Scenario</arg>
<doc>Verifies that element ``locator`` contains exact the text ``expected``.</doc>
<msg timestamp="20220224 20:55:56.449" level="INFO">Verifying element 'xpath=/html/body/section/div/h4[1]' contains exact text 'Scenario'.</msg>
<status status="PASS" starttime="20220224 20:55:56.449" endtime="20220224 20:55:56.468"/>
</kw>
<kw name="Element Text Should Be" library="SeleniumLibrary">
<arg>xpath=/html/body/section/div/ul/li[1]</arg>
<arg>Record button click.</arg>
<doc>Verifies that element ``locator`` contains exact the text ``expected``.</doc>
<msg timestamp="20220224 20:55:56.469" level="INFO">Verifying element 'xpath=/html/body/section/div/ul/li[1]' contains exact text 'Record button click.'.</msg>
<status status="PASS" starttime="20220224 20:55:56.468" endtime="20220224 20:55:56.487"/>
</kw>
<kw name="Element Text Should Be" library="SeleniumLibrary">
<arg>xpath=/html/body/section/div/ul/li[2]</arg>
<arg>Then execute your test to make sure that ID is not used for button identification.</arg>
<doc>Verifies that element ``locator`` contains exact the text ``expected``.</doc>
<msg timestamp="20220224 20:55:56.488" level="INFO">Verifying element 'xpath=/html/body/section/div/ul/li[2]' contains exact text 'Then execute your test to make sure that ID is not used for button identification.'.</msg>
<status status="PASS" starttime="20220224 20:55:56.487" endtime="20220224 20:55:56.509"/>
</kw>
<kw name="Element Text Should Be" library="SeleniumLibrary">
<arg>xpath=/html/body/section/div/h4[2]</arg>
<arg>Playground</arg>
<doc>Verifies that element ``locator`` contains exact the text ``expected``.</doc>
<msg timestamp="20220224 20:55:56.509" level="INFO">Verifying element 'xpath=/html/body/section/div/h4[2]' contains exact text 'Playground'.</msg>
<status status="PASS" starttime="20220224 20:55:56.509" endtime="20220224 20:55:56.529"/>
</kw>
<kw name="Click Button" library="SeleniumLibrary">
<arg>Button with Dynamic ID</arg>
<doc>Clicks the button identified by ``locator``.</doc>
<msg timestamp="20220224 20:55:56.529" level="INFO">Clicking button 'Button with Dynamic ID'.</msg>
<status status="PASS" starttime="20220224 20:55:56.529" endtime="20220224 20:55:56.577"/>
</kw>
<kw name="Close Browser" library="SeleniumLibrary">
<doc>Closes the current browser.</doc>
<status status="PASS" starttime="20220224 20:55:56.577" endtime="20220224 20:55:58.777"/>
</kw>
<status status="PASS" starttime="20220224 20:55:48.421" endtime="20220224 20:55:58.778"/>
</kw>
<tag>UI Test</tag>
<status status="PASS" starttime="20220224 20:55:48.419" endtime="20220224 20:55:58.780"/>
</test>
<test id="s1-s2-t5" name="Validate the Text Input link">
<kw name="Validate Text Input link" library="UITestingPlayground">
<tag>Functional Test</tag>
<doc>Validate that the Text Input link is clickable, that it navigates to the Text Input page and that the button text can be changed to something new</doc>
<kw name="Open Browser" library="SeleniumLibrary">
<arg>${LOGIN URL}</arg>
<arg>${BROWSER}</arg>
<doc>Opens a new browser instance to the optional ``url``.</doc>
<msg timestamp="20220224 20:55:58.789" level="INFO">Opening browser 'chrome' to base url 'http://www.uitestingplayground.com'.</msg>
<status status="PASS" starttime="20220224 20:55:58.789" endtime="20220224 20:56:05.258"/>
</kw>
<kw name="Wait Until Page Contains" library="SeleniumLibrary">
<arg>UI Test Automation Playground</arg>
<doc>Waits until ``text`` appears on the current page.</doc>
<status status="PASS" starttime="20220224 20:56:05.260" endtime="20220224 20:56:05.301"/>
</kw>
<kw name="Element Text Should Be" library="SeleniumLibrary">
<arg>xpath=//*[@id="overview"]/div/div[2]/div[4]/h3/a</arg>
<arg>Text Input</arg>
<doc>Verifies that element ``locator`` contains exact the text ``expected``.</doc>
<msg timestamp="20220224 20:56:05.302" level="INFO">Verifying element 'xpath=//*[@id="overview"]/div/div[2]/div[4]/h3/a' contains exact text 'Text Input'.</msg>
<status status="PASS" starttime="20220224 20:56:05.301" endtime="20220224 20:56:05.330"/>
</kw>
<kw name="Element Text Should Be" library="SeleniumLibrary">
<arg>xpath=//*[@id="overview"]/div/div[2]/div[4]/p</arg>
<arg>Entering text into an edit field may not have effect</arg>
<doc>Verifies that element ``locator`` contains exact the text ``expected``.</doc>
<msg timestamp="20220224 20:56:05.330" level="INFO">Verifying element 'xpath=//*[@id="overview"]/div/div[2]/div[4]/p' contains exact text 'Entering text into an edit field may not have effect'.</msg>
<status status="PASS" starttime="20220224 20:56:05.330" endtime="20220224 20:56:05.352"/>
</kw>
<kw name="Click Link" library="SeleniumLibrary">
<arg>xpath=//*[@id="overview"]/div/div[2]/div[4]/h3/a</arg>
<doc>Clicks a link identified by ``locator``.</doc>
<msg timestamp="20220224 20:56:05.352" level="INFO">Clicking link 'xpath=//*[@id="overview"]/div/div[2]/div[4]/h3/a'.</msg>
<status status="PASS" starttime="20220224 20:56:05.352" endtime="20220224 20:56:07.018"/>
</kw>
<kw name="Element Text Should Be" library="SeleniumLibrary">
<arg>xpath=/html/body/section/div/h3</arg>
<arg>Text Input</arg>
<doc>Verifies that element ``locator`` contains exact the text ``expected``.</doc>
<msg timestamp="20220224 20:56:07.019" level="INFO">Verifying element 'xpath=/html/body/section/div/h3' contains exact text 'Text Input'.</msg>
<status status="PASS" starttime="20220224 20:56:07.018" endtime="20220224 20:56:07.051"/>
</kw>
<kw name="Element Text Should Be" library="SeleniumLibrary">
<arg>xpath=/html/body/section/div/p</arg>
<arg>Entering text with physical keyboard can be different from sending DOM events to an element. This page is specifically desined to illustrate this problem. There are cases when attempts to set a text via DOM events lead to nowhere and the only way to proceed is to emulate real keyboard input at OS level.</arg>
<doc>Verifies that element ``locator`` contains exact the text ``expected``.</doc>
<msg timestamp="20220224 20:56:07.051" level="INFO">Verifying element 'xpath=/html/body/section/div/p' contains exact text 'Entering text with physical keyboard can be different from sending DOM events to an element. This page is specifically desined to illustrate this problem. There are cases when attempts to set a text via DOM events lead to nowhere and the only way to proceed is to emulate real keyboard input at OS level.'.</msg>
<status status="PASS" starttime="20220224 20:56:07.051" endtime="20220224 20:56:07.075"/>
</kw>
<kw name="Element Text Should Be" library="SeleniumLibrary">
<arg>xpath=/html/body/section/div/h4[1]</arg>
<arg>Scenario</arg>
<doc>Verifies that element ``locator`` contains exact the text ``expected``.</doc>
<msg timestamp="20220224 20:56:07.076" level="INFO">Verifying element 'xpath=/html/body/section/div/h4[1]' contains exact text 'Scenario'.</msg>
<status status="PASS" starttime="20220224 20:56:07.076" endtime="20220224 20:56:07.097"/>
</kw>
<kw name="Element Text Should Be" library="SeleniumLibrary">
<arg>xpath=/html/body/section/div/ul/li[1]</arg>
<arg>Record setting text into the input field and pressing the button.</arg>
<doc>Verifies that element ``locator`` contains exact the text ``expected``.</doc>
<msg timestamp="20220224 20:56:07.097" level="INFO">Verifying element 'xpath=/html/body/section/div/ul/li[1]' contains exact text 'Record setting text into the input field and pressing the button.'.</msg>
<status status="PASS" starttime="20220224 20:56:07.097" endtime="20220224 20:56:07.115"/>
</kw>
<kw name="Element Text Should Be" library="SeleniumLibrary">
<arg>xpath=/html/body/section/div/ul/li[2]</arg>
<arg>Then execute your test to make sure that the button name is changing.</arg>
<doc>Verifies that element ``locator`` contains exact the text ``expected``.</doc>
<msg timestamp="20220224 20:56:07.115" level="INFO">Verifying element 'xpath=/html/body/section/div/ul/li[2]' contains exact text 'Then execute your test to make sure that the button name is changing.'.</msg>
<status status="PASS" starttime="20220224 20:56:07.115" endtime="20220224 20:56:07.135"/>
</kw>
<kw name="Element Text Should Be" library="SeleniumLibrary">
<arg>xpath=/html/body/section/div/h4[2]</arg>
<arg>Playground</arg>
<doc>Verifies that element ``locator`` contains exact the text ``expected``.</doc>
<msg timestamp="20220224 20:56:07.135" level="INFO">Verifying element 'xpath=/html/body/section/div/h4[2]' contains exact text 'Playground'.</msg>
<status status="PASS" starttime="20220224 20:56:07.135" endtime="20220224 20:56:07.155"/>
</kw>
<kw name="Element Text Should Be" library="SeleniumLibrary">
<arg>xpath=/html/body/section/div/form/div/label</arg>
<arg>Set New Button Name</arg>
<doc>Verifies that element ``locator`` contains exact the text ``expected``.</doc>
<msg timestamp="20220224 20:56:07.155" level="INFO">Verifying element 'xpath=/html/body/section/div/form/div/label' contains exact text 'Set New Button Name'.</msg>
<status status="PASS" starttime="20220224 20:56:07.155" endtime="20220224 20:56:07.174"/>
</kw>
<kw name="Input Text" library="SeleniumLibrary">
<arg>id=newButtonName</arg>
<arg>Testing Button</arg>
<doc>Types the given ``text`` into the text field identified by ``locator``.</doc>
<msg timestamp="20220224 20:56:07.175" level="INFO">Typing text 'Testing Button' into text field 'id=newButtonName'.</msg>
<status status="PASS" starttime="20220224 20:56:07.174" endtime="20220224 20:56:07.325"/>
</kw>
<kw name="Click Button" library="SeleniumLibrary">
<arg>xpath=//*[@id="updatingButton"]</arg>
<doc>Clicks the button identified by ``locator``.</doc>
<msg timestamp="20220224 20:56:07.327" level="INFO">Clicking button 'xpath=//*[@id="updatingButton"]'.</msg>
<status status="PASS" starttime="20220224 20:56:07.326" endtime="20220224 20:56:07.392"/>
</kw>
<kw name="Element Text Should Be" library="SeleniumLibrary">
<arg>xpath=//*[@id="updatingButton"]</arg>
<arg>Testing Button</arg>
<doc>Verifies that element ``locator`` contains exact the text ``expected``.</doc>
<msg timestamp="20220224 20:56:07.392" level="INFO">Verifying element 'xpath=//*[@id="updatingButton"]' contains exact text 'Testing Button'.</msg>
<status status="PASS" starttime="20220224 20:56:07.392" endtime="20220224 20:56:07.411"/>
</kw>
<kw name="Close Browser" library="SeleniumLibrary">
<doc>Closes the current browser.</doc>
<status status="PASS" starttime="20220224 20:56:07.411" endtime="20220224 20:56:09.600"/>
</kw>
<status status="PASS" starttime="20220224 20:55:58.788" endtime="20220224 20:56:09.601"/>
</kw>
<tag>UI Test</tag>
<status status="PASS" starttime="20220224 20:55:58.786" endtime="20220224 20:56:09.603"/>
</test>
<doc>This is some basic info about the whole suite</doc>
<status status="PASS" starttime="20220224 20:55:18.864" endtime="20220224 20:56:09.613"/>
</suite>
<status status="PASS" starttime="20220224 20:55:10.520" endtime="20220224 20:56:09.621"/>
</suite>
<statistics>
<total>
<stat pass="10" fail="0" skip="0">All Tests</stat>
</total>
<tag>
<stat pass="5" fail="0" skip="0">API</stat>
<stat pass="5" fail="0" skip="0">UI Test</stat>
</tag>
<suite>
<stat pass="10" fail="0" skip="0" id="s1" name="Tests">Tests</stat>
<stat pass="5" fail="0" skip="0" id="s1-s1" name="API Tests">Tests.API Tests</stat>
<stat pass="5" fail="0" skip="0" id="s1-s2" name="UI Tests">Tests.UI Tests</stat>
</suite>
</statistics>
<errors>
</errors>
</robot>
