<?xml version="1.0" encoding="UTF-8"?>
<robot generator="Robot 4.1.3 (Python 3.10.2 on win32)" generated="20220202 19:08:16.727" rpa="false" schemaversion="2">
<suite id="s1" name="Tests" source="C:\Development\robot-scripts\spriteCloud\tests">
<suite id="s1-s1" name="API Tests" source="C:\Development\robot-scripts\spriteCloud\tests\API_Tests.robot">
<test id="s1-s1-t1" name="Add a new user to the Petstore system">
<kw name="Add User" library="Petstore">
<kw name="Create Dictionary" library="BuiltIn">
<var>${body}</var>
<arg>username=1</arg>
<arg>firstName=DYLAN</arg>
<doc>Creates and returns a dictionary based on the given ``items``.</doc>
<msg timestamp="20220202 19:08:17.055" level="INFO">${body} = {'username': '1', 'firstName': 'DYLAN'}</msg>
<status status="PASS" starttime="20220202 19:08:17.055" endtime="20220202 19:08:17.055"/>
</kw>
<kw name="POST" library="RequestsLibrary">
<var>${resp}</var>
<arg>url=${url}/user</arg>
<arg>json=${body}</arg>
<doc>Sends a POST request.</doc>
<msg timestamp="20220202 19:08:18.039" level="INFO">POST Request : url=https://petstore.swagger.io/v2/user 
 path_url=/v2/user 
 headers={'User-Agent': 'python-requests/2.27.1', 'Accept-Encoding': 'gzip, deflate', 'Accept': '*/*', 'Connection': 'keep-alive', 'Content-Length': '39', 'Content-Type': 'application/json'} 
 body=b'{"username": "1", "firstName": "DYLAN"}' 
 </msg>
<msg timestamp="20220202 19:08:18.039" level="INFO">POST Response : url=https://petstore.swagger.io/v2/user 
 status=200, reason=OK 
 headers={'Date': 'Wed, 02 Feb 2022 17:08:17 GMT', 'Content-Type': 'application/json', 'Transfer-Encoding': 'chunked', 'Connection': 'keep-alive', 'Access-Control-Allow-Origin': '*', 'Access-Control-Allow-Methods': 'GET, POST, DELETE, PUT', 'Access-Control-Allow-Headers': 'Content-Type, api_key, Authorization', 'Server': 'Jetty(9.2.9.v20150224)'} 
 body={"code":200,"type":"unknown","message":"9223372036854775807"} 
 </msg>
<msg timestamp="20220202 19:08:18.039" level="INFO">${resp} = &lt;Response [200]&gt;</msg>
<status status="PASS" starttime="20220202 19:08:17.055" endtime="20220202 19:08:18.039"/>
</kw>
<kw name="Set Variable" library="BuiltIn">
<var>${json}</var>
<arg>${resp.json()}</arg>
<doc>Returns the given values which can then be assigned to a variables.</doc>
<msg timestamp="20220202 19:08:18.039" level="INFO">${json} = {'code': 200, 'type': 'unknown', 'message': '9223372036854775807'}</msg>
<status status="PASS" starttime="20220202 19:08:18.039" endtime="20220202 19:08:18.039"/>
</kw>
<kw name="Status Should Be" library="RequestsLibrary">
<arg>200</arg>
<doc>Fails if response status code is different than the expected.</doc>
<status status="PASS" starttime="20220202 19:08:18.039" endtime="20220202 19:08:18.039"/>
</kw>
<kw name="Log" library="BuiltIn">
<arg>${json}</arg>
<doc>Logs the given message with the given level.</doc>
<msg timestamp="20220202 19:08:18.039" level="INFO">{'code': 200, 'type': 'unknown', 'message': '9223372036854775807'}</msg>
<status status="PASS" starttime="20220202 19:08:18.039" endtime="20220202 19:08:18.039"/>
</kw>
<status status="PASS" starttime="20220202 19:08:17.055" endtime="20220202 19:08:18.039"/>
</kw>
<tag>API</tag>
<status status="PASS" starttime="20220202 19:08:17.055" endtime="20220202 19:08:18.039"/>
</test>
<test id="s1-s1-t2" name="Get all available pets in the Petstore">
<kw name="Available Pets" library="Petstore">
<kw name="GET" library="RequestsLibrary">
<var>${resp}</var>
<arg>url=${url}/pet/findByStatus?status=available</arg>
<doc>Sends a GET request.</doc>
<msg timestamp="20220202 19:08:19.476" level="INFO">GET Request : url=https://petstore.swagger.io/v2/pet/findByStatus?status=available 
 path_url=/v2/pet/findByStatus?status=available 
 headers={'User-Agent': 'python-requests/2.27.1', 'Accept-Encoding': 'gzip, deflate', 'Accept': '*/*', 'Connection': 'keep-alive'} 
 body=None 
 </msg>
<msg timestamp="20220202 19:08:19.476" level="INFO">GET Response : url=https://petstore.swagger.io/v2/pet/findByStatus?status=available 
 status=200, reason=OK 
 headers={'Date': 'Wed, 02 Feb 2022 17:08:18 GMT', 'Content-Type': 'application/json', 'Transfer-Encoding': 'chunked', 'Connection': 'keep-alive', 'Access-Control-Allow-Origin': '*', 'Access-Control-Allow-Methods': 'GET, POST, DELETE, PUT', 'Access-Control-Allow-Headers': 'Content-Type, api_key, Authorization', 'Server': 'Jetty(9.2.9.v20150224)'} 
 body=[{"id":9223372000001093028,"category":{"id":0,"name":"dryg"},"name":"dog","photoUrls":["string"],"tags":[{"id":0,"name":"string"}],"status":"available"},{"id":9223372000001093030,"category":{"id":15,"name":"dryg"},"name":"dog","photoUrls":["string"],"tags":[{"id":0,"name":"string"}],"status":"available"},{"id":9223372000001093035,"category":{"id":0,"name":"Jerry"},"name":"Mouse","photoUrls":["string"],"tags":[{"id":0,"name":"Mouse"}],"status":"available"},{"id":9223372000001093036,"category":{"id":0,"name":"string"},"name":"fish","photoUrls":["string"],"tags":[{"id":0,"name":"string"}],"status":"available"},{"id":9223372000001093037,"category":{"id":0,"name":"string"},"name":"fish","photoUrls":["string"],"tags":[{"id":0,"name":"string"}],"status":"available"},{"id":9223372000001093039,"category":{"id":0,"name":"string"},"name":"doggie","photoUrls":["string"],"tags":[{"id":0,"name":"string"}],"status":"available"},{"id":1045,"category":{"id":0,"name":"string"},"name":"Kasey","photoUrls":["string"],"tags":[{"id":0,"name":"string"}],"status":"available"},{"id":9223372000001093040,"category":{"id":0,"name":"string"},"name":"fish","photoUrls":["string"],"tags":[{"id":0,"name":"string"}],"status":"available"},{"id":9223372000001093041,"category":{"id":0,"name":"string"},"name":"doggie","photoUrls":["string"],"tags":[{"id":0,"name":"string"}],"status":"available"},{"id":9223372000001093042,"category":{"id":0,"name":"string"},"name":"doggie","photoUrls":["string"],"tags":[{"id":0,"name":"string"}],"status":"available"},{"id":9223372000001093043,"category":{"id":0,"name":"string"},"name":"doggie","photoUrls":["string"],"tags":[{"id":0,"name":"string"}],"status":"available"},{"id":9223372000001093044,"category":{"id":0,"name":"string"},"name":"doggie","photoUrls":["string"],"tags":[{"id":0,"name":"string"}],"status":"available"},{"id":9223372000001093045,"category":{"id":0,"name":"string"},"name":"fish","photoUrls":["string"],"tags":[{"id":0,"name":"string"}],"status":"available"},{"id":9223372000001093046,"category":{"id":0,"name":"string"},"name":"doggie","photoUrls":["string"],"tags":[{"id":0,"name":"string"}],"status":"available"},{"id":9223372000001093047,"category":{"id":0,"name":"string"},"name":"doggie","photoUrls":["string"],"tags":[{"id":0,"name":"string"}],"status":"available"},{"id":9223372000001093048,"category":{"id":0,"name":"string"},"name":"doggie","photoUrls":["string"],"tags":[{"id":0,"name":"string"}],"status":"available"},{"id":9223372000001093049,"category":{"id":0,"name":"string"},"name":"doggie","photoUrls":["string"],"tags":[{"id":0,"name":"string"}],"status":"available"},{"id":9223372000001093050,"category":{"id":0,"name":"string"},"name":"doggie","photoUrls":["string"],"tags":[{"id":0,"name":"string"}],"status":"available"},{"id":9223372000001093052,"category":{"id":0,"name":"string"},"name":"fish","photoUrls":["string"],"tags":[{"id":0,"name":"string"}],"status":"available"},{"id":9223372000001093053,"category":{"id":0,"name":"string"},"name":"fish","photoUrls":["string"],"tags":[{"id":0,"name":"string"}],"status":"available"},{"id":987654321,"category":{"id":1,"name":"cat1"},"name":"cat2","photoUrls":["https://cdnimg.rg.ru/img/content/190/36/72/kinopoisk.ru-A-Street-Cat-Named-Bob-2889441_t_650x433.jpg"],"tags":[{"id":3,"name":"cat3"}],"status":"available"},{"id":9223372000001093054,"category":{"id":0,"name":"string"},"name":"doggie","photoUrls":["string"],"tags":[{"id":0,"name":"string"}],"status":"available"},{"id":9223372000001093055,"category":{"id":0,"name":"string"},"name":"doggie","photoUrls":["string"],"tags":[{"id":0,"name":"string"}],"status":"available"},{"id":9223372000001093061,"category":{"id":0,"name":"string"},"name":"cat456","photoUrls":["string"],"tags":[{"id":0,"name":"string"}],"status":"available"},{"id":9223372000001093066,"category":{"id":0,"name":"string"},"name":"doggie","photoUrls":["string"],"tags":[{"id":0,"name":"string"}],"status":"available"},{"id":9223372000001093067,"category":{"id":0,"name":"string"},"name":"doggie","photoUrls":["string"],"tags":[{"id":0,"name":"string"}],"status":"available"},{"id":9223372000001093068,"category":{"id":0,"name":"string"},"name":"doggie","photoUrls":["string"],"tags":[{"id":0,"name":"string"}],"status":"available"},{"id":9223372000001093069,"category":{"id":0,"name":"string"},"name":"doggie","photoUrls":["string"],"tags":[{"id":0,"name":"string"}],"status":"available"},{"id":9223372000001093070,"category":{"id":0,"name":"string"},"name":"doggie","photoUrls":["string"],"tags":[{"id":0,"name":"string"}],"status":"available"},{"id":9223372000001093071,"category":{"id":0,"name":"string"},"name":"doggie","photoUrls":["string"],"tags":[{"id":0,"name":"string"}],"status":"available"},{"id":9223372000001093072,"category":{"id":0,"name":"string"},"name":"doggie","photoUrls":["string"],"tags":[{"id":0,"name":"string"}],"status":"available"},{"id":9223372000001093074,"category":{"id":0,"name":"string"},"name":"doggie","photoUrls":["string"],"tags":[{"id":0,"name":"string"}],"status":"available"},{"id":9223372000001093075,"category":{"id":0,"name":"string"},"name":"doggie","photoUrls":["string"],"tags":[{"id":0,"name":"string"}],"status":"available"},{"id":9223372000001093076,"category":{"id":0,"name":"string"},"name":"fish","photoUrls":["string"],"tags":[{"id":0,"name":"string"}],"status":"available"},{"id":9223372000001093077,"category":{"id":0,"name":"string"},"name":"fish","photoUrls":["string"],"tags":[{"id":0,"name":"string"}],"status":"available"},{"id":1245,"category":{"id":1245,"name":"xyz"},"name":"xyz","photoUrls":["test"],"tags":[],"status":"available"},{"id":9223372000001093086,"category":{"id":0,"name":"string"},"name":"fish","photoUrls":["string"],"tags":[{"id":0,"name":"string"}],"status":"available"},{"id":9223372000001093088,"category":{"id":0,"name":"string"},"name":"doggie","photoUrls":["string"],"tags":[{"id":0,"name":"string"}],"status":"available"},{"id":9223372000001093089,"category":{"id":0,"name":"string"},"name":"doggie","photoUrls":["string"],"tags":[{"id":0,"name":"string"}],"status":"available"},{"id":9223372000001093090,"category":{"id":0,"name":"string"},"name":"doggie","photoUrls":["string"],"tags":[{"id":0,"name":"string"}],"status":"available"},{"id":9223372000001093091,"category":{"id":0,"name":"string"},"name":"doggie","photoUrls":["string"],"tags":[{"id":0,"name":"string"}],"status":"available"},{"id":9223372000001093092,"category":{"id":0,"name":"string"},"name":"doggie","photoUrls":["string"],"tags":[{"id":0,"name":"string"}],"status":"available"},{"id":9223372000001093093,"category":{"id":0,"name":"string"},"name":"doggie","photoUrls":["string"],"tags":[{"id":0,"name":"string"}],"status":"available"},{"id":9223372000001093094,"category":{"id":0,"name":"string"},"name":"doggie","photoUrls":["string"],"tags":[{"id":0,"name":"string"}],"status":"available"},{"id":9223372000001093095,"category":{"id":0,"name":"string"},"name":"doggie","photoUrls":["string"],"tags":[{"id":0,"name":"string"}],"status":"available"},{"id":9223372000001093096,"category":{"id":0,"name":"string"},"name":"fish","photoUrls":["string"],"tags":[{"id":0,"name":"string"}],"status":"available"},{"id":9223372000001093097,"category":{"id":0,"name":"string"},"name":"doggie","photoUrls":["string"],"tags":[{"id":0,"name":"string"}],"status":"available"},{"id":9223372000001093098,"category":{"id":0,"name":"string"},"name":"doggie","photoUrls":["string"],"tags":[{"id":0,"name":"string"}],"status":"available"},{"id":9223372000001093099,"category":{"id":0,"name":"string"},"name":"doggie","photoUrls":["string"],"tags":[{"id":0,"name":"string"}],"status":"available"},{"id":9223372000001093102,"category":{"id":0,"name":"string"},"name":"Puff","photoUrls":["string"],"tags":[{"id":0,"name":"string"}],"status":"available"},{"id":9223372000001093104,"category":{"id":0,"name":"string"},"name":"fish","photoUrls":["string"],"tags":[{"id":0,"name":"string"}],"status":"available"},{"id":1141,"category":{"id":2237,"name":"New{#FUNC#RANDOMSTRING:3}"},"name":"Dragon","photoUrls":["${#FUNC#LOCALDATE}"],"tags":[{"id":2347,"name":"abc1"}],"status":"available"},{"id":9223372000001093111,"category":{"id":0,"name":"dogs"},"name":"qa_doggie","photoUrls":["image.jpg"],"tags":[{"id":0,"name":"qa_tag"}],"status":"available"},{"id":3407,"category":{"id":2237,"name":"Newxsj"},"name":"Dragon","photoUrls":["${#FUNC#LOCALDATE}"],"tags":[{"id":2347,"name":"abc1"}],"status":"available"},{"id":9223372000001093114,"category":{"id":0,"name":"string"},"name":"Doggie","photoUrls":["string"],"tags":[{"id":0,"name":"string"}],"status":"available"},{"id":9223372000001093115,"category":{"id":0,"name":"string"},"name":"fish","photoUrls":["string"],"tags":[{"id":0,"name":"string"}],"status":"available"},{"id":9999999999,"category":{"id":0,"name":"rabbit"},"name":"bob","photoUrls":["string"],"tags":[{"id":0,"name":"string"}],"status":"available"},{"id":9223372000001093117,"category":{"id":0,"name":"string"},"name":"doggie","photoUrls":["string"],"tags":[{"id":0,"name":"string"}],"status":"available"},{"id":9223372000001093118,"category":{"id":0,"name":"string"},"name":"doggie","photoUrls":["string"],"tags":[{"id":0,"name":"string"}],"status":"available"},{"id":9223372000001093119,"category":{"id":0,"name":"string"},"name":"doggie","photoUrls":["string"],"tags":[{"id":0,"name":"string"}],"status":"available"},{"id":9223372000001093120,"category":{"id":0,"name":"string"},"name":"doggie","photoUrls":["string"],"tags":[{"id":0,"name":"string"}],"status":"available"},{"id":9223372000001093121,"category":{"id":0,"name":"string"},"name":"doggie","photoUrls":["string"],"tags":[{"id":0,"name":"string"}],"status":"available"},{"id":9223372000001093122,"category":{"id":0,"name":"string"},"name":"doggie","photoUrls":["string"],"tags":[{"id":0,"name":"string"}],"status":"available"},{"id":9223372000001093123,"category":{"id":0,"name":"string"},"name":"doggie","photoUrls":["string"],"tags":[{"id":... (set the log level to DEBUG or TRACE to see the full content) 
 </msg>
<msg timestamp="20220202 19:08:19.476" level="INFO">${resp} = &lt;Response [200]&gt;</msg>
<status status="PASS" starttime="20220202 19:08:18.054" endtime="20220202 19:08:19.476"/>
</kw>
<kw name="Set Variable" library="BuiltIn">
<var>${json}</var>
<arg>${resp.json()}</arg>
<doc>Returns the given values which can then be assigned to a variables.</doc>
<msg timestamp="20220202 19:08:19.492" level="INFO">${json} = [{'id': 9223372000001093028, 'category': {'id': 0, 'name': 'dryg'}, 'name': 'dog', 'photoUrls': ['string'], 'tags': [{'id': 0, 'name': 'string'}], 'status': 'available'}, {'id': 9223372000001093030, '...</msg>
<status status="PASS" starttime="20220202 19:08:19.476" endtime="20220202 19:08:19.492"/>
</kw>
<kw name="Status Should Be" library="RequestsLibrary">
<arg>200</arg>
<doc>Fails if response status code is different than the expected.</doc>
<status status="PASS" starttime="20220202 19:08:19.492" endtime="20220202 19:08:19.492"/>
</kw>
<kw name="Log" library="BuiltIn">
<arg>${json}</arg>
<doc>Logs the given message with the given level.</doc>
<msg timestamp="20220202 19:08:19.492" level="INFO">[{'id': 9223372000001093028, 'category': {'id': 0, 'name': 'dryg'}, 'name': 'dog', 'photoUrls': ['string'], 'tags': [{'id': 0, 'name': 'string'}], 'status': 'available'}, {'id': 9223372000001093030, 'category': {'id': 15, 'name': 'dryg'}, 'name': 'dog', 'photoUrls': ['string'], 'tags': [{'id': 0, 'name': 'string'}], 'status': 'available'}, {'id': 9223372000001093035, 'category': {'id': 0, 'name': 'Jerry'}, 'name': 'Mouse', 'photoUrls': ['string'], 'tags': [{'id': 0, 'name': 'Mouse'}], 'status': 'available'}, {'id': 9223372000001093036, 'category': {'id': 0, 'name': 'string'}, 'name': 'fish', 'photoUrls': ['string'], 'tags': [{'id': 0, 'name': 'string'}], 'status': 'available'}, {'id': 9223372000001093037, 'category': {'id': 0, 'name': 'string'}, 'name': 'fish', 'photoUrls': ['string'], 'tags': [{'id': 0, 'name': 'string'}], 'status': 'available'}, {'id': 9223372000001093039, 'category': {'id': 0, 'name': 'string'}, 'name': 'doggie', 'photoUrls': ['string'], 'tags': [{'id': 0, 'name': 'string'}], 'status': 'available'}, {'id': 1045, 'category': {'id': 0, 'name': 'string'}, 'name': 'Kasey', 'photoUrls': ['string'], 'tags': [{'id': 0, 'name': 'string'}], 'status': 'available'}, {'id': 9223372000001093040, 'category': {'id': 0, 'name': 'string'}, 'name': 'fish', 'photoUrls': ['string'], 'tags': [{'id': 0, 'name': 'string'}], 'status': 'available'}, {'id': 9223372000001093041, 'category': {'id': 0, 'name': 'string'}, 'name': 'doggie', 'photoUrls': ['string'], 'tags': [{'id': 0, 'name': 'string'}], 'status': 'available'}, {'id': 9223372000001093042, 'category': {'id': 0, 'name': 'string'}, 'name': 'doggie', 'photoUrls': ['string'], 'tags': [{'id': 0, 'name': 'string'}], 'status': 'available'}, {'id': 9223372000001093043, 'category': {'id': 0, 'name': 'string'}, 'name': 'doggie', 'photoUrls': ['string'], 'tags': [{'id': 0, 'name': 'string'}], 'status': 'available'}, {'id': 9223372000001093044, 'category': {'id': 0, 'name': 'string'}, 'name': 'doggie', 'photoUrls': ['string'], 'tags': [{'id': 0, 'name': 'string'}], 'status': 'available'}, {'id': 9223372000001093045, 'category': {'id': 0, 'name': 'string'}, 'name': 'fish', 'photoUrls': ['string'], 'tags': [{'id': 0, 'name': 'string'}], 'status': 'available'}, {'id': 9223372000001093046, 'category': {'id': 0, 'name': 'string'}, 'name': 'doggie', 'photoUrls': ['string'], 'tags': [{'id': 0, 'name': 'string'}], 'status': 'available'}, {'id': 9223372000001093047, 'category': {'id': 0, 'name': 'string'}, 'name': 'doggie', 'photoUrls': ['string'], 'tags': [{'id': 0, 'name': 'string'}], 'status': 'available'}, {'id': 9223372000001093048, 'category': {'id': 0, 'name': 'string'}, 'name': 'doggie', 'photoUrls': ['string'], 'tags': [{'id': 0, 'name': 'string'}], 'status': 'available'}, {'id': 9223372000001093049, 'category': {'id': 0, 'name': 'string'}, 'name': 'doggie', 'photoUrls': ['string'], 'tags': [{'id': 0, 'name': 'string'}], 'status': 'available'}, {'id': 9223372000001093050, 'category': {'id': 0, 'name': 'string'}, 'name': 'doggie', 'photoUrls': ['string'], 'tags': [{'id': 0, 'name': 'string'}], 'status': 'available'}, {'id': 9223372000001093052, 'category': {'id': 0, 'name': 'string'}, 'name': 'fish', 'photoUrls': ['string'], 'tags': [{'id': 0, 'name': 'string'}], 'status': 'available'}, {'id': 9223372000001093053, 'category': {'id': 0, 'name': 'string'}, 'name': 'fish', 'photoUrls': ['string'], 'tags': [{'id': 0, 'name': 'string'}], 'status': 'available'}, {'id': 987654321, 'category': {'id': 1, 'name': 'cat1'}, 'name': 'cat2', 'photoUrls': ['https://cdnimg.rg.ru/img/content/190/36/72/kinopoisk.ru-A-Street-Cat-Named-Bob-2889441_t_650x433.jpg'], 'tags': [{'id': 3, 'name': 'cat3'}], 'status': 'available'}, {'id': 9223372000001093054, 'category': {'id': 0, 'name': 'string'}, 'name': 'doggie', 'photoUrls': ['string'], 'tags': [{'id': 0, 'name': 'string'}], 'status': 'available'}, {'id': 9223372000001093055, 'category': {'id': 0, 'name': 'string'}, 'name': 'doggie', 'photoUrls': ['string'], 'tags': [{'id': 0, 'name': 'string'}], 'status': 'available'}, {'id': 9223372000001093061, 'category': {'id': 0, 'name': 'string'}, 'name': 'cat456', 'photoUrls': ['string'], 'tags': [{'id': 0, 'name': 'string'}], 'status': 'available'}, {'id': 9223372000001093066, 'category': {'id': 0, 'name': 'string'}, 'name': 'doggie', 'photoUrls': ['string'], 'tags': [{'id': 0, 'name': 'string'}], 'status': 'available'}, {'id': 9223372000001093067, 'category': {'id': 0, 'name': 'string'}, 'name': 'doggie', 'photoUrls': ['string'], 'tags': [{'id': 0, 'name': 'string'}], 'status': 'available'}, {'id': 9223372000001093068, 'category': {'id': 0, 'name': 'string'}, 'name': 'doggie', 'photoUrls': ['string'], 'tags': [{'id': 0, 'name': 'string'}], 'status': 'available'}, {'id': 9223372000001093069, 'category': {'id': 0, 'name': 'string'}, 'name': 'doggie', 'photoUrls': ['string'], 'tags': [{'id': 0, 'name': 'string'}], 'status': 'available'}, {'id': 9223372000001093070, 'category': {'id': 0, 'name': 'string'}, 'name': 'doggie', 'photoUrls': ['string'], 'tags': [{'id': 0, 'name': 'string'}], 'status': 'available'}, {'id': 9223372000001093071, 'category': {'id': 0, 'name': 'string'}, 'name': 'doggie', 'photoUrls': ['string'], 'tags': [{'id': 0, 'name': 'string'}], 'status': 'available'}, {'id': 9223372000001093072, 'category': {'id': 0, 'name': 'string'}, 'name': 'doggie', 'photoUrls': ['string'], 'tags': [{'id': 0, 'name': 'string'}], 'status': 'available'}, {'id': 9223372000001093074, 'category': {'id': 0, 'name': 'string'}, 'name': 'doggie', 'photoUrls': ['string'], 'tags': [{'id': 0, 'name': 'string'}], 'status': 'available'}, {'id': 9223372000001093075, 'category': {'id': 0, 'name': 'string'}, 'name': 'doggie', 'photoUrls': ['string'], 'tags': [{'id': 0, 'name': 'string'}], 'status': 'available'}, {'id': 9223372000001093076, 'category': {'id': 0, 'name': 'string'}, 'name': 'fish', 'photoUrls': ['string'], 'tags': [{'id': 0, 'name': 'string'}], 'status': 'available'}, {'id': 9223372000001093077, 'category': {'id': 0, 'name': 'string'}, 'name': 'fish', 'photoUrls': ['string'], 'tags': [{'id': 0, 'name': 'string'}], 'status': 'available'}, {'id': 1245, 'category': {'id': 1245, 'name': 'xyz'}, 'name': 'xyz', 'photoUrls': ['test'], 'tags': [], 'status': 'available'}, {'id': 9223372000001093086, 'category': {'id': 0, 'name': 'string'}, 'name': 'fish', 'photoUrls': ['string'], 'tags': [{'id': 0, 'name': 'string'}], 'status': 'available'}, {'id': 9223372000001093088, 'category': {'id': 0, 'name': 'string'}, 'name': 'doggie', 'photoUrls': ['string'], 'tags': [{'id': 0, 'name': 'string'}], 'status': 'available'}, {'id': 9223372000001093089, 'category': {'id': 0, 'name': 'string'}, 'name': 'doggie', 'photoUrls': ['string'], 'tags': [{'id': 0, 'name': 'string'}], 'status': 'available'}, {'id': 9223372000001093090, 'category': {'id': 0, 'name': 'string'}, 'name': 'doggie', 'photoUrls': ['string'], 'tags': [{'id': 0, 'name': 'string'}], 'status': 'available'}, {'id': 9223372000001093091, 'category': {'id': 0, 'name': 'string'}, 'name': 'doggie', 'photoUrls': ['string'], 'tags': [{'id': 0, 'name': 'string'}], 'status': 'available'}, {'id': 9223372000001093092, 'category': {'id': 0, 'name': 'string'}, 'name': 'doggie', 'photoUrls': ['string'], 'tags': [{'id': 0, 'name': 'string'}], 'status': 'available'}, {'id': 9223372000001093093, 'category': {'id': 0, 'name': 'string'}, 'name': 'doggie', 'photoUrls': ['string'], 'tags': [{'id': 0, 'name': 'string'}], 'status': 'available'}, {'id': 9223372000001093094, 'category': {'id': 0, 'name': 'string'}, 'name': 'doggie', 'photoUrls': ['string'], 'tags': [{'id': 0, 'name': 'string'}], 'status': 'available'}, {'id': 9223372000001093095, 'category': {'id': 0, 'name': 'string'}, 'name': 'doggie', 'photoUrls': ['string'], 'tags': [{'id': 0, 'name': 'string'}], 'status': 'available'}, {'id': 9223372000001093096, 'category': {'id': 0, 'name': 'string'}, 'name': 'fish', 'photoUrls': ['string'], 'tags': [{'id': 0, 'name': 'string'}], 'status': 'available'}, {'id': 9223372000001093097, 'category': {'id': 0, 'name': 'string'}, 'name': 'doggie', 'photoUrls': ['string'], 'tags': [{'id': 0, 'name': 'string'}], 'status': 'available'}, {'id': 9223372000001093098, 'category': {'id': 0, 'name': 'string'}, 'name': 'doggie', 'photoUrls': ['string'], 'tags': [{'id': 0, 'name': 'string'}], 'status': 'available'}, {'id': 9223372000001093099, 'category': {'id': 0, 'name': 'string'}, 'name': 'doggie', 'photoUrls': ['string'], 'tags': [{'id': 0, 'name': 'string'}], 'status': 'available'}, {'id': 9223372000001093102, 'category': {'id': 0, 'name': 'string'}, 'name': 'Puff', 'photoUrls': ['string'], 'tags': [{'id': 0, 'name': 'string'}], 'status': 'available'}, {'id': 9223372000001093104, 'category': {'id': 0, 'name': 'string'}, 'name': 'fish', 'photoUrls': ['string'], 'tags': [{'id': 0, 'name': 'string'}], 'status': 'available'}, {'id': 1141, 'category': {'id': 2237, 'name': 'New{#FUNC#RANDOMSTRING:3}'}, 'name': 'Dragon', 'photoUrls': ['${#FUNC#LOCALDATE}'], 'tags': [{'id': 2347, 'name': 'abc1'}], 'status': 'available'}, {'id': 9223372000001093111, 'category': {'id': 0, 'name': 'dogs'}, 'name': 'qa_doggie', 'photoUrls': ['image.jpg'], 'tags': [{'id': 0, 'name': 'qa_tag'}], 'status': 'available'}, {'id': 3407, 'category': {'id': 2237, 'name': 'Newxsj'}, 'name': 'Dragon', 'photoUrls': ['${#FUNC#LOCALDATE}'], 'tags': [{'id': 2347, 'name': 'abc1'}], 'status': 'available'}, {'id': 9223372000001093114, 'category': {'id': 0, 'name': 'string'}, 'name': 'Doggie', 'photoUrls': ['string'], 'tags': [{'id': 0, 'name': 'string'}], 'status': 'available'}, {'id': 9223372000001093115, 'category': {'id': 0, 'name': 'string'}, 'name': 'fish', 'photoUrls': ['string'], 'tags': [{'id': 0, 'name': 'string'}], 'status': 'available'}, {'id': 9999999999, 'category': {'id': 0, 'name': 'rabbit'}, 'name': 'bob', 'photoUrls': ['string'], 'tags': [{'id': 0, 'name': 'string'}], 'status': 'available'}, {'id': 9223372000001093117, 'category': {'id': 0, 'name': 'string'}, 'name': 'doggie', 'photoUrls': ['string'], 'tags': [{'id': 0, 'name': 'string'}], 'status': 'available'}, {'id': 9223372000001093118, 'category': {'id': 0, 'name': 'string'}, 'name': 'doggie', 'photoUrls': ['string'], 'tags': [{'id': 0, 'name': 'string'}], 'status': 'available'}, {'id': 9223372000001093119, 'category': {'id': 0, 'name': 'string'}, 'name': 'doggie', 'photoUrls': ['string'], 'tags': [{'id': 0, 'name': 'string'}], 'status': 'available'}, {'id': 9223372000001093120, 'category': {'id': 0, 'name': 'string'}, 'name': 'doggie', 'photoUrls': ['string'], 'tags': [{'id': 0, 'name': 'string'}], 'status': 'available'}, {'id': 9223372000001093121, 'category': {'id': 0, 'name': 'string'}, 'name': 'doggie', 'photoUrls': ['string'], 'tags': [{'id': 0, 'name': 'string'}], 'status': 'available'}, {'id': 9223372000001093122, 'category': {'id': 0, 'name': 'string'}, 'name': 'doggie', 'photoUrls': ['string'], 'tags': [{'id': 0, 'name': 'string'}], 'status': 'available'}, {'id': 9223372000001093123, 'category': {'id': 0, 'name': 'string'}, 'name': 'doggie', 'photoUrls': ['string'], 'tags': [{'id': 0, 'name': 'string'}], 'status': 'available'}, {'id': 9223372000001093124, 'category': {'id': 0, 'name': 'string'}, 'name': 'doggie', 'photoUrls': ['string'], 'tags': [{'id': 0, 'name': 'string'}], 'status': 'available'}, {'id': 9223372000001093125, 'category': {'id': 0, 'name': 'string'}, 'name': 'doggie', 'photoUrls': ['string'], 'tags': [{'id': 0, 'name': 'string'}], 'status': 'available'}, {'id': 9223372000001093126, 'category': {'id': 0, 'name': 'string'}, 'name': 'doggie', 'photoUrls': ['string'], 'tags': [{'id': 0, 'name': 'string'}], 'status': 'available'}, {'id': 9223372000001093127, 'category': {'id': 0, 'name': 'string'}, 'name': 'doggie', 'photoUrls': ['string'], 'tags': [{'id': 0, 'name': 'string'}], 'status': 'available'}, {'id': 9223372000001093128, 'category': {'id': 0, 'name': 'string'}, 'name': 'doggie', 'photoUrls': ['string'], 'tags': [{'id': 0, 'name': 'string'}], 'status': 'available'}, {'id': 9223372000001093129, 'category': {'id': 0, 'name': 'string'}, 'name': 'doggie', 'photoUrls': ['string'], 'tags': [{'id': 0, 'name': 'string'}], 'status': 'available'}, {'id': 9223372000001093131, 'category': {'id': 0, 'name': 'string'}, 'name': 'fish', 'photoUrls': ['string'], 'tags': [{'id': 0, 'name': 'string'}], 'status': 'available'}, {'id': 9223372000001093132, 'category': {'id': 0, 'name': 'string'}, 'name': 'Doggie', 'photoUrls': ['string'], 'tags': [{'id': 0, 'name': 'string'}], 'status': 'available'}, {'id': 9223372000001093133, 'category': {'id': 0, 'name': 'string'}, 'name': 'Doggie', 'photoUrls': ['string'], 'tags': [{'id': 0, 'name': 'string'}], 'status': 'available'}, {'id': 9223372000001093134, 'category': {'id': 0, 'name': 'string'}, 'name': 'doggie', 'photoUrls': ['string'], 'tags': [{'id': 0, 'name': 'string'}], 'status': 'available'}, {'id': 9223372000001093135, 'category': {'id': 0, 'name': 'string'}, 'name': 'Doggie', 'photoUrls': ['string'], 'tags': [{'id': 0, 'name': 'string'}], 'status': 'available'}, {'id': 9223372000001093138, 'category': {'id': 0, 'name': 'string'}, 'name': 'doggie', 'photoUrls': ['string'], 'tags': [{'id': 0, 'name': 'string'}], 'status': 'available'}, {'id': 9223372000001093139, 'category': {'id': 0, 'name': 'string'}, 'name': 'Doggie', 'photoUrls': ['string'], 'tags': [{'id': 0, 'name': 'string'}], 'status': 'available'}, {'id': 9223372000001093140, 'category': {'id': 0, 'name': 'string'}, 'name': 'Doggie', 'photoUrls': ['string'], 'tags': [{'id': 0, 'name': 'string'}], 'status': 'available'}, {'id': 9223372000001093151, 'category': {'id': 0, 'name': 'string'}, 'name': 'Doggie', 'photoUrls': ['string'], 'tags': [{'id': 0, 'name': 'string'}], 'status': 'available'}, {'id': 999999, 'category': {'id': 0, 'name': 'string'}, 'name': 'doggie', 'photoUrls': ['string'], 'tags': [{'id': 0, 'name': 'string'}], 'status': 'available'}, {'id': 9223372000001093155, 'category': {'id': 0, 'name': 'string'}, 'name': 'Doggie', 'photoUrls': ['string'], 'tags': [{'id': 0, 'name': 'string'}], 'status': 'available'}, {'id': 9223372000001093156, 'category': {'id': 0, 'name': 'string'}, 'name': 'Doggie', 'photoUrls': ['string'], 'tags': [{'id': 0, 'name': 'string'}], 'status': 'available'}, {'id': 9223372000001093158, 'category': {'id': 0, 'name': 'string'}, 'name': 'Doggie', 'photoUrls': ['string'], 'tags': [{'id': 0, 'name': 'string'}], 'status': 'available'}, {'id': 9223372000001093159, 'category': {'id': 0, 'name': 'string'}, 'name': 'Doggie', 'photoUrls': ['string'], 'tags': [{'id': 0, 'name': 'string'}], 'status': 'available'}, {'id': 100105, 'category': {'id': 0, 'name': 'dog'}, 'name': 'Muñeco Gallardo', 'photoUrls': ['string'], 'tags': [{'id': 0, 'name': 'string'}], 'status': 'available'}, {'id': 9223372000001093161, 'category': {'id': 0, 'name': 'string'}, 'name': 'doggie', 'photoUrls': ['string'], 'tags': [{'id': 0, 'name': 'string'}], 'status': 'available'}, {'id': 9223372000001093162, 'category': {'id': 0, 'name': 'string'}, 'name': 'doggie', 'photoUrls': ['string'], 'tags': [{'id': 0, 'name': 'string'}], 'status': 'available'}, {'id': 9223372000001093163, 'category': {'id': 0, 'name': 'string'}, 'name': 'doggie', 'photoUrls': ['string'], 'tags': [{'id': 0, 'name': 'string'}], 'status': 'available'}, {'id': 9223372000001093164, 'category': {'id': 0, 'name': 'FM'}, 'name': 'fooBardoggie', 'photoUrls': ['string'], 'tags': [{'id': 0, 'name': 'niceDog'}], 'status': 'available'}, {'id': 9223372000001093165, 'category': {'id': 0, 'name': 'string'}, 'name': 'doggie', 'photoUrls': ['string'], 'tags': [{'id': 0, 'name': 'string'}], 'status': 'available'}, {'id': 9223372000001093166, 'category': {'id': 0, 'name': 'string'}, 'name': 'doggie', 'photoUrls': ['string'], 'tags': [{'id': 0, 'name': 'string'}], 'status': 'available'}, {'id': 9223372000001093167, 'category': {'id': 0, 'name': 'string'}, 'name': 'doggie', 'photoUrls': ['string'], 'tags': [{'id': 0, 'name': 'string'}], 'status': 'available'}, {'id': 9223372000001093168, 'category': {'id': 0, 'name': 'string'}, 'name': 'doggie', 'photoUrls': ['string'], 'tags': [{'id': 0, 'name': 'string'}], 'status': 'available'}, {'id': 9223372000001093169, 'category': {'id': 0, 'name': 'string'}, 'name': 'doggie', 'photoUrls': ['string'], 'tags': [{'id': 0, 'name': 'string'}], 'status': 'available'}, {'id': 9223372000001093170, 'category': {'id': 0, 'name': 'string'}, 'name': 'doggie', 'photoUrls': ['string'], 'tags': [{'id': 0, 'name': 'string'}], 'status': 'available'}, {'id': 9223372000001093171, 'category': {'id': 0, 'name': 'string'}, 'name': 'fish', 'photoUrls': ['string'], 'tags': [{'id': 0, 'name': 'string'}], 'status': 'available'}, {'id': 1234567890, 'category': {'id': 0, 'name': 'rabbit'}, 'name': 'bob', 'photoUrls': ['string'], 'tags': [{'id': 0, 'name': 'string'}], 'status': 'available'}, {'id': 9223372000001093172, 'category': {'id': 0, 'name': 'string'}, 'name': 'fish', 'photoUrls': ['string'], 'tags': [{'id': 0, 'name': 'string'}], 'status': 'available'}, {'id': 3, 'category': {'id': 22, 'name': 'dog'}, 'name': 'doggie', 'photoUrls': ['http://image/dog.jpg'], 'tags': [{'id': 23, 'name': 'white'}], 'status': 'available'}, {'id': 9223372000001093173, 'category': {'id': 0, 'name': 'string'}, 'name': 'Doggie', 'photoUrls': ['string'], 'tags': [{'id': 0, 'name': 'string'}], 'status': 'available'}, {'id': 9223372000001093175, 'category': {'id': 0, 'name': 'string'}, 'name': 'Doggie', 'photoUrls': ['string'], 'tags': [{'id': 0, 'name': 'string'}], 'status': 'available'}, {'id': 9223372000001093182, 'category': {'id': 0, 'name': 'string'}, 'name': 'Doggie', 'photoUrls': ['string'], 'tags': [{'id': 0, 'name': 'string'}], 'status': 'available'}, {'id': 9223372000001093183, 'category': {'id': 0, 'name': 'string'}, 'name': 'Doggie', 'photoUrls': ['string'], 'tags': [{'id': 0, 'name': 'string'}], 'status': 'available'}, {'id': 9223372000001093184, 'category': {'id': 0, 'name': 'string'}, 'name': 'Doggie', 'photoUrls': ['string'], 'tags': [{'id': 0, 'name': 'string'}], 'status': 'available'}, {'id': 9223372000001093185, 'category': {'id': 0, 'name': 'string'}, 'name': 'Doggie', 'photoUrls': ['string'], 'tags': [{'id': 0, 'name': 'string'}], 'status': 'available'}, {'id': 9223372000001093186, 'category': {'id': 0, 'name': 'string'}, 'name': 'Doggie', 'photoUrls': ['string'], 'tags': [{'id': 0, 'name': 'string'}], 'status': 'available'}, {'id': 9223372000001093187, 'category': {'id': 0, 'name': 'string'}, 'name': 'Doggie', 'photoUrls': ['string'], 'tags': [{'id': 0, 'name': 'string'}], 'status': 'available'}, {'id': 9223372000001093188, 'category': {'id': 0, 'name': 'string'}, 'name': 'Doggie', 'photoUrls': ['string'], 'tags': [{'id': 0, 'name': 'string'}], 'status': 'available'}, {'id': 9223372000001093189, 'category': {'id': 0, 'name': 'string'}, 'name': 'Doggie', 'photoUrls': ['string'], 'tags': [{'id': 0, 'name': 'string'}], 'status': 'available'}, {'id': 9223372000001093190, 'category': {'id': 0, 'name': 'string'}, 'name': 'Doggie', 'photoUrls': ['string'], 'tags': [{'id': 0, 'name': 'string'}], 'status': 'available'}, {'id': 9223372000001093191, 'category': {'id': 0, 'name': 'string'}, 'name': 'Doggie', 'photoUrls': ['string'], 'tags': [{'id': 0, 'name': 'string'}], 'status': 'available'}, {'id': 9223372000001093192, 'category': {'id': 0, 'name': 'string'}, 'name': 'Doggie', 'photoUrls': ['string'], 'tags': [{'id': 0, 'name': 'string'}], 'status': 'available'}, {'id': 9223372000001093193, 'category': {'id': 0, 'name': 'string'}, 'name': 'Doggie', 'photoUrls': ['string'], 'tags': [{'id': 0, 'name': 'string'}], 'status': 'available'}, {'id': 9223372000001093194, 'category': {'id': 1, 'name': 'hafan'}, 'name': 'testovaci_pes', 'photoUrls': ['string'], 'tags': [{'id': 0, 'name': 'string'}], 'status': 'available'}, {'id': 9223372000001093195, 'category': {'id': 0, 'name': 'string'}, 'name': 'Doggie', 'photoUrls': ['string'], 'tags': [{'id': 0, 'name': 'string'}], 'status': 'available'}, {'id': 9223372000001093196, 'category': {'id': 0, 'name': 'string'}, 'name': 'Doggie', 'photoUrls': ['string'], 'tags': [{'id': 0, 'name': 'string'}], 'status': 'available'}, {'id': 9223372000001093197, 'category': {'id': 0, 'name': 'string'}, 'name': 'Doggie', 'photoUrls': ['string'], 'tags': [{'id': 0, 'name': 'string'}], 'status': 'available'}, {'id': 9223372000001093198, 'category': {'id': 0, 'name': 'string'}, 'name': 'Doggie', 'photoUrls': ['string'], 'tags': [{'id': 0, 'name': 'string'}], 'status': 'available'}, {'id': 9223372000001093199, 'category': {'id': 0, 'name': 'string'}, 'name': 'Doggie', 'photoUrls': ['string'], 'tags': [{'id': 0, 'name': 'string'}], 'status': 'available'}, {'id': 9223372000001093202, 'category': {'id': 0, 'name': 'string'}, 'name': 'Doggie', 'photoUrls': ['string'], 'tags': [{'id': 0, 'name': 'string'}], 'status': 'available'}, {'id': 9223372000001093203, 'category': {'id': 0, 'name': 'string'}, 'name': 'Doggie', 'photoUrls': ['string'], 'tags': [{'id': 0, 'name': 'string'}], 'status': 'available'}, {'id': 9223372000001093204, 'category': {'id': 0, 'name': 'string'}, 'name': 'Doggie', 'photoUrls': ['string'], 'tags': [{'id': 0, 'name': 'string'}], 'status': 'available'}, {'id': 9223372000001093205, 'category': {'id': 0, 'name': 'string'}, 'name': 'Doggie', 'photoUrls': ['string'], 'tags': [{'id': 0, 'name': 'string'}], 'status': 'available'}, {'id': 9223372000001093206, 'category': {'id': 0, 'name': 'string'}, 'name': 'Doggie', 'photoUrls': ['string'], 'tags': [{'id': 0, 'name': 'string'}], 'status': 'available'}, {'id': 9223372000001093207, 'category': {'id': 0, 'name': 'string'}, 'name': 'Doggie', 'photoUrls': ['string'], 'tags': [{'id': 0, 'name': 'string'}], 'status': 'available'}, {'id': 6, 'category': {'id': 0, 'name': 'string'}, 'name': 'doggiex', 'photoUrls': ['string'], 'tags': [{'id': 0, 'name': 'string'}], 'status': 'available'}, {'id': 9223372000001093208, 'category': {'id': 0, 'name': 'string'}, 'name': 'Doggie', 'photoUrls': ['string'], 'tags': [{'id': 0, 'name': 'string'}], 'status': 'available'}, {'id': 9223372000001093209, 'category': {'id': 0, 'name': 'string'}, 'name': 'Doggie', 'photoUrls': ['string'], 'tags': [{'id': 0, 'name': 'string'}], 'status': 'available'}, {'id': 9223372000001093210, 'category': {'id': 0, 'name': 'string'}, 'name': 'Doggie', 'photoUrls': ['string'], 'tags': [{'id': 0, 'name': 'string'}], 'status': 'available'}, {'id': 9223372000001093211, 'category': {'id': 0, 'name': 'string'}, 'name': 'Doggie', 'photoUrls': ['string'], 'tags': [{'id': 0, 'name': 'string'}], 'status': 'available'}, {'id': 9223372000001093212, 'category': {'id': 0, 'name': 'string'}, 'name': 'Doggie', 'photoUrls': ['string'], 'tags': [{'id': 0, 'name': 'string'}], 'status': 'available'}, {'id': 9223372000001093213, 'category': {'id': 0, 'name': 'string'}, 'name': 'Doggie', 'photoUrls': ['string'], 'tags': [{'id': 0, 'name': 'string'}], 'status': 'available'}, {'id': 9223372000001093214, 'category': {'id': 0, 'name': 'string'}, 'name': 'Doggie', 'photoUrls': ['string'], 'tags': [{'id': 0, 'name': 'string'}], 'status': 'available'}, {'id': 9223372000001093215, 'category': {'id': 0, 'name': 'string'}, 'name': 'Doggie', 'photoUrls': ['string'], 'tags': [{'id': 0, 'name': 'string'}], 'status': 'available'}, {'id': 9223372000001093216, 'category': {'id': 0, 'name': 'string'}, 'name': 'doggie', 'photoUrls': ['string'], 'tags': [{'id': 0, 'name': 'string'}], 'status': 'available'}, {'id': 9223372000001093217, 'category': {'id': 0, 'name': 'string'}, 'name': 'doggie', 'photoUrls': ['string'], 'tags': [{'id': 0, 'name': 'string'}], 'status': 'available'}, {'id': 9223372000001093218, 'category': {'id': 0, 'name': 'string'}, 'name': 'doggie', 'photoUrls': ['string'], 'tags': [{'id': 0, 'name': 'string'}], 'status': 'available'}, {'id': 9223372000001093219, 'category': {'id': 0, 'name': 'string'}, 'name': 'Puff', 'photoUrls': ['string'], 'tags': [{'id': 0, 'name': 'string'}], 'status': 'available'}, {'id': 9223372000001093220, 'category': {'id': 0, 'name': 'string'}, 'name': 'Doggie', 'photoUrls': ['string'], 'tags': [{'id': 0, 'name': 'string'}], 'status': 'available'}, {'id': 9223372000001093221, 'category': {'id': 0, 'name': 'string'}, 'name': 'Doggie', 'photoUrls': ['string'], 'tags': [{'id': 0, 'name': 'string'}], 'status': 'available'}, {'id': 9223372000001093222, 'category': {'id': 0, 'name': 'string'}, 'name': 'doggie', 'photoUrls': ['string'], 'tags': [{'id': 0, 'name': 'string'}], 'status': 'available'}, {'id': 9223372000001093223, 'category': {'id': 0, 'name': 'string'}, 'name': 'doggie', 'photoUrls': ['string'], 'tags': [{'id': 0, 'name': 'string'}], 'status': 'available'}, {'id': 9223372000001093224, 'category': {'id': 0, 'name': 'string'}, 'name': 'Doggie', 'photoUrls': ['string'], 'tags': [{'id': 0, 'name': 'string'}], 'status': 'available'}, {'id': 9223372000001093225, 'category': {'id': 0, 'name': 'string'}, 'name': 'fish', 'photoUrls': ['string'], 'tags': [{'id': 0, 'name': 'string'}], 'status': 'available'}, {'id': 9223372000001093226, 'category': {'id': 0, 'name': 'string'}, 'name': 'doggie', 'photoUrls': ['string'], 'tags': [{'id': 0, 'name': 'string'}], 'status': 'available'}, {'id': 9223372000001093227, 'category': {'id': 0, 'name': 'string'}, 'name': 'doggie', 'photoUrls': ['string'], 'tags': [{'id': 0, 'name': 'string'}], 'status': 'available'}, {'id': 9223372000001093228, 'category': {'id': 0, 'name': 'string'}, 'name': 'doggie', 'photoUrls': ['string'], 'tags': [{'id': 0, 'name': 'string'}], 'status': 'available'}, {'id': 9223372000001093229, 'category': {'id': 0, 'name': 'string'}, 'name': 'Doggie', 'photoUrls': ['string'], 'tags': [{'id': 0, 'name': 'string'}], 'status': 'available'}, {'id': 9223372000001093230, 'category': {'id': 0, 'name': 'string'}, 'name': 'doggie', 'photoUrls': ['string'], 'tags': [{'id': 0, 'name': 'string'}], 'status': 'available'}, {'id': 9223372000001093231, 'category': {'id': 0, 'name': 'string'}, 'name': 'doggie', 'photoUrls': ['string'], 'tags': [{'id': 0, 'name': 'string'}], 'status': 'available'}, {'id': 9223372000001093232, 'category': {'id': 0, 'name': 'string'}, 'name': 'doggie', 'photoUrls': ['string'], 'tags': [{'id': 0, 'name': 'string'}], 'status': 'available'}, {'id': 9223372000001093233, 'category': {'id': 0, 'name': 'string'}, 'name': 'Doggie', 'photoUrls': ['string'], 'tags': [{'id': 0, 'name': 'string'}], 'status': 'available'}, {'id': 9223372000001093234, 'category': {'id': 0, 'name': 'string'}, 'name': 'Doggie', 'photoUrls': ['string'], 'tags': [{'id': 0, 'name': 'string'}], 'status': 'available'}, {'id': 9223372000001093235, 'category': {'id': 0, 'name': 'string'}, 'name': 'fish', 'photoUrls': ['string'], 'tags': [{'id': 0, 'name': 'string'}], 'status': 'available'}, {'id': 1241, 'category': {'id': 1231414, 'name': 'yuri category'}, 'name': 'yuri pet', 'photoUrls': ['teste'], 'tags': [{'id': 124124, 'name': 'yuri tag'}], 'status': 'available'}, {'id': 9222968140497180179, 'category': {'id': 0, 'name': 'string'}, 'name': 'test', 'photoUrls': ['string'], 'tags': [{'id': 0, 'name': 'string'}], 'status': 'available'}, {'id': 9223372000001093243, 'category': {'id': 0, 'name': 'string'}, 'name': 'Puff', 'photoUrls': ['string'], 'tags': [{'id': 0, 'name': 'string'}], 'status': 'available'}, {'id': 9223372000001093253, 'category': {'id': 0, 'name': 'string'}, 'name': 'fish', 'photoUrls': ['string'], 'tags': [{'id': 0, 'name': 'string'}], 'status': 'available'}, {'id': 9223372000001093254, 'category': {'id': 0, 'name': 'string'}, 'name': 'doggie', 'photoUrls': ['string'], 'tags': [{'id': 0, 'name': 'string'}], 'status': 'available'}, {'id': 9223372000001093255, 'category': {'id': 0, 'name': 'string'}, 'name': 'doggie', 'photoUrls': ['string'], 'tags': [{'id': 0, 'name': 'string'}], 'status': 'available'}, {'id': 9223372000001093256, 'category': {'id': 0, 'name': 'string'}, 'name': 'doggie', 'photoUrls': ['string'], 'tags': [{'id': 0, 'name': 'string'}], 'status': 'available'}, {'id': 9223372000001093257, 'category': {'id': 0, 'name': 'string'}, 'name': 'fish', 'photoUrls': ['string'], 'tags': [{'id': 0, 'name': 'string'}], 'status': 'available'}, {'id': 9223372000001093259, 'category': {'id': 8212614, 'name': 'voluptate ea qui sint'}, 'name': 'doggie', 'photoUrls': ['quis Lorem Duis aute', 'veniam nulla culpa'], 'tags': [{'id': -42092226, 'name': 'labore'}, {'id': -72688380, 'name': 'consectetur sint qui'}], 'status': 'available'}, {'id': 9223372000001093260, 'category': {'id': 0, 'name': 'string'}, 'name': 'doggie', 'photoUrls': ['string'], 'tags': [{'id': 0, 'name': 'string'}], 'status': 'available'}, {'id': 9223372000001093261, 'category': {'id': 0, 'name': 'string'}, 'name': 'doggie', 'photoUrls': ['string'], 'tags': [{'id': 0, 'name': 'string'}], 'status': 'available'}, {'id': 9223372000001093262, 'category': {'id': 0, 'name': 'string'}, 'name': 'doggie', 'photoUrls': ['string'], 'tags': [{'id': 0, 'name': 'string'}], 'status': 'available'}, {'id': 9223372000001093263, 'category': {'id': 0, 'name': 'string'}, 'name': 'doggie', 'photoUrls': ['string'], 'tags': [{'id': 0, 'name': 'string'}], 'status': 'available'}, {'id': 1000, 'category': {'id': 1234, 'name': 'eyeColor'}, 'name': 'Fluffy', 'photoUrls': ['https://petstore.com/sample/photo1.jpg', 'https://petstore.com/sample/photo2.jpg'], 'tags': [{'id': 1234, 'name': 'New York'}, {'id': 124321, 'name': 'Jose'}], 'status': 'available'}, {'id': 9223372000001093264, 'category': {'id': 0, 'name': 'string'}, 'name': 'doggie', 'photoUrls': ['string'], 'tags': [{'id': 0, 'name': 'string'}], 'status': 'available'}, {'id': 9223372000001093265, 'category': {'id': 0, 'name': 'string'}, 'name': 'doggie', 'photoUrls': ['string'], 'tags': [{'id': 0, 'name': 'string'}], 'status': 'available'}, {'id': 9223372000001093266, 'category': {'id': 0, 'name': 'string'}, 'name': 'doggie', 'photoUrls': ['string'], 'tags': [{'id': 0, 'name': 'string'}], 'status': 'available'}, {'id': 9223372000001093267, 'category': {'id': 0, 'name': 'string'}, 'name': 'doggie', 'photoUrls': ['string'], 'tags': [{'id': 0, 'name': 'string'}], 'status': 'available'}, {'id': 9223372000001093268, 'category': {'id': 0, 'name': 'string'}, 'name': 'doggie', 'photoUrls': ['string'], 'tags': [{'id': 0, 'name': 'string'}], 'status': 'available'}, {'id': 9223372000001093269, 'category': {'id': 0, 'name': 'string'}, 'name': 'fish', 'photoUrls': ['string'], 'tags': [{'id': 0, 'name': 'string'}], 'status': 'available'}, {'id': 9223372000001093271, 'category': {'id': 12, 'name': 'dogs'}, 'name': 'Doggie', 'photoUrls': ['https://www.dogtime.com/assets/uploads/2011/03/puppy-development.jpg'], 'tags': [{'id': 2, 'name': 'Sobaka'}], 'status': 'available'}, {'id': 9223372000001093272, 'category': {'id': 12, 'name': 'dogs'}, 'name': 'Doggie', 'photoUrls': ['https://www.dogtime.com/assets/uploads/2011/03/puppy-development.jpg'], 'tags': [{'id': 2, 'name': 'Sobaka'}], 'status': 'available'}, {'id': 9223372000001093276, 'category': {'id': 12, 'name': 'dogs'}, 'name': 'Doggie', 'photoUrls': ['https://www.dogtime.com/assets/uploads/2011/03/puppy-development.jpg'], 'tags': [{'id': 2, 'name': 'Sobaka'}], 'status': 'available'}, {'id': 9223372000001093279, 'category': {'id': 0, 'name': 'string'}, 'name': 'fish', 'photoUrls': ['string'], 'tags': [{'id': 0, 'name': 'string'}], 'status': 'available'}, {'id': 9223372000001093280, 'category': {'id': 0, 'name': 'string'}, 'name': 'fish', 'photoUrls': ['string'], 'tags': [{'id': 0, 'name': 'string'}], 'status': 'available'}, {'id': 5489, 'category': {'id': 1, 'name': 'Cat'}, 'name': 'Missi', 'photoUrls': [], 'tags': [{'id': 35, 'name': 'British cat'}], 'status': 'available'}, {'id': 444, 'category': {'id': 0, 'name': 'red'}, 'name': 'cat', 'photoUrls': ['string'], 'tags': [{'id': 0, 'name': 'string'}], 'status': 'available'}, {'id': 9223372000001093285, 'category': {'id': 0, 'name': 'string'}, 'name': 'doggie', 'photoUrls': ['string'], 'tags': [{'id': 0, 'name': 'string'}], 'status': 'available'}, {'id': 9223372000001093286, 'category': {'id': 0, 'name': 'string'}, 'name': 'doggie', 'photoUrls': ['string'], 'tags': [{'id': 0, 'name': 'string'}], 'status': 'available'}, {'id': 9223372000001093287, 'category': {'id': 0, 'name': 'string'}, 'name': 'doggie', 'photoUrls': ['string'], 'tags': [{'id': 0, 'name': 'string'}], 'status': 'available'}, {'id': 9223372000001093288, 'category': {'id': 0, 'name': 'string'}, 'name': 'doggie', 'photoUrls': ['string'], 'tags': [{'id': 0, 'name': 'string'}], 'status': 'available'}, {'id': 9223372000001093289, 'category': {'id': 0, 'name': 'string'}, 'name': 'doggie', 'photoUrls': ['string'], 'tags': [{'id': 0, 'name': 'string'}], 'status': 'available'}, {'id': 9223372000001093290, 'category': {'id': 0, 'name': 'string'}, 'name': 'doggie', 'photoUrls': ['string'], 'tags': [{'id': 0, 'name': 'string'}], 'status': 'available'}, {'id': 9223372000001093291, 'category': {'id': 0, 'name': 'string'}, 'name': 'doggie', 'photoUrls': ['string'], 'tags': [{'id': 0, 'name': 'string'}], 'status': 'available'}, {'id': 9223372000001093292, 'category': {'id': 0, 'name': 'string'}, 'name': 'doggie', 'photoUrls': ['string'], 'tags': [{'id': 0, 'name': 'string'}], 'status': 'available'}, {'id': 9223372000001093293, 'category': {'id': 0, 'name': 'string'}, 'name': 'doggie', 'photoUrls': ['string'], 'tags': [{'id': 0, 'name': 'string'}], 'status': 'available'}, {'id': 9223372000001093294, 'category': {'id': 0, 'name': 'string'}, 'name': 'doggie', 'photoUrls': ['string'], 'tags': [{'id': 0, 'name': 'string'}], 'status': 'available'}, {'id': 9223372000001093295, 'category': {'id': 0, 'name': 'string'}, 'name': 'fish', 'photoUrls': ['string'], 'tags': [{'id': 0, 'name': 'string'}], 'status': 'available'}, {'id': 9223372000001093298, 'category': {'id': 0, 'name': 'string'}, 'name': 'doggie', 'photoUrls': ['string'], 'tags': [{'id': 0, 'name': 'string'}], 'status': 'available'}, {'id': 111111111111113213, 'category': {'id': 12, 'name': 'dogs'}, 'name': 'Doggie', 'photoUrls': ['https://www.dogtime.com/assets/uploads/2011/03/puppy-development.jpg'], 'tags': [{'id': 2, 'name': 'Sobaka'}], 'status': 'available'}, {'id': 11, 'category': {'id': 11, 'name': 'Bulldog'}, 'name': 'mike', 'photoUrls': ['www.pet.com/add'], 'tags': [{'id': 11, 'name': 'jade'}], 'status': 'available'}, {'id': 9223372000001093306, 'category': {'id': 0, 'name': 'string'}, 'name': 'doggie', 'photoUrls': ['string'], 'tags': [{'id': 0, 'name': 'string'}], 'status': 'available'}, {'id': 9223372000001093307, 'category': {'id': 0, 'name': 'string'}, 'name': 'doggie', 'photoUrls': ['string'], 'tags': [{'id': 0, 'name': 'string'}], 'status': 'available'}, {'id': 9223372000001093308, 'category': {'id': 0, 'name': 'string'}, 'name': 'doggie', 'photoUrls': ['string'], 'tags': [{'id': 0, 'name': 'string'}], 'status': 'available'}, {'id': 9223372000001093309, 'category': {'id': 0, 'name': 'string'}, 'name': 'doggie', 'photoUrls': ['string'], 'tags': [{'id': 0, 'name': 'string'}], 'status': 'available'}, {'id': 9223372000001093310, 'category': {'id': 0, 'name': 'string'}, 'name': 'doggie', 'photoUrls': ['string'], 'tags': [{'id': 0, 'name': 'string'}], 'status': 'available'}, {'id': 9223372000001093311, 'category': {'id': 0, 'name': 'string'}, 'name': 'doggie', 'photoUrls': ['string'], 'tags': [{'id': 0, 'name': 'string'}], 'status': 'available'}, {'id': 9223372000001093312, 'category': {'id': 0, 'name': 'string'}, 'name': 'doggie', 'photoUrls': ['string'], 'tags': [{'id': 0, 'name': 'string'}], 'status': 'available'}, {'id': 9223372000001093313, 'category': {'id': 0, 'name': 'string'}, 'name': 'doggie', 'photoUrls': ['string'], 'tags': [{'id': 0, 'name': 'string'}], 'status': 'available'}, {'id': 9223372000001093314, 'category': {'id': 0, 'name': 'string'}, 'name': 'doggie', 'photoUrls': ['string'], 'tags': [{'id': 0, 'name': 'string'}], 'status': 'available'}, {'id': 9223372000001093320, 'category': {'id': 0, 'name': 'string'}, 'name': 'Puff', 'photoUrls': ['string'], 'tags': [{'id': 0, 'name': 'string'}], 'status': 'available'}, {'id': 9223372000001093322, 'category': {'id': 0, 'name': 'string'}, 'name': 'fish', 'photoUrls': ['string'], 'tags': [{'id': 0, 'name': 'string'}], 'status': 'available'}, {'id': 9223372000001093325, 'category': {'id': 0, 'name': 'string'}, 'name': 'doggie', 'photoUrls': ['string'], 'tags': [{'id': 0, 'name': 'string'}], 'status': 'available'}, {'id': 9223372000001093327, 'category': {'id': 0, 'name': 'string'}, 'name': 'doggie', 'photoUrls': ['string'], 'tags': [{'id': 0, 'name': 'string'}], 'status': 'available'}, {'id': 9223372000001093329, 'category': {'id': 0, 'name': 'dogs'}, 'name': 'qa_doggie', 'photoUrls': ['image.jpg'], 'tags': [{'id': 0, 'name': 'qa_tag'}], 'status': 'available'}, {'id': 9223372000001093330, 'category': {'id': 0, 'name': 'dogs'}, 'name': 'qa_doggie', 'photoUrls': ['image.jpg'], 'tags': [{'id': 0, 'name': 'qa_tag'}], 'status': 'available'}, {'id': 9223372000001093331, 'category': {'id': 0, 'name': 'string'}, 'name': 'fish', 'photoUrls': ['string'], 'tags': [{'id': 0, 'name': 'string'}], 'status': 'available'}, {'id': 9223372000001093332, 'category': {'id': 0, 'name': 'string'}, 'name': 'fish', 'photoUrls': ['string'], 'tags': [{'id': 0, 'name': 'string'}], 'status': 'available'}, {'id': 9223372000001093335, 'category': {'id': 0, 'name': 'string'}, 'name': 'doggie', 'photoUrls': ['string'], 'tags': [{'id': 0, 'name': 'string'}], 'status': 'available'}, {'id': 9223372000001093336, 'category': {'id': 0, 'name': 'string'}, 'name': 'doggie', 'photoUrls': ['string'], 'tags': [{'id': 0, 'name': 'string'}], 'status': 'available'}, {'id': 9223372000001093337, 'category': {'id': 0, 'name': 'string'}, 'name': 'doggie', 'photoUrls': ['string'], 'tags': [{'id': 0, 'name': 'string'}], 'status': 'available'}, {'id': 9223372000001093338, 'category': {'id': 0, 'name': 'string'}, 'name': 'doggie', 'photoUrls': ['string'], 'tags': [{'id': 0, 'name': 'string'}], 'status': 'available'}, {'id': 9223372000001093339, 'category': {'id': 0, 'name': 'string'}, 'name': 'doggie', 'photoUrls': ['string'], 'tags': [{'id': 0, 'name': 'string'}], 'status': 'available'}, {'id': 9223372000001093340, 'category': {'id': 0, 'name': 'string'}, 'name': 'doggie', 'photoUrls': ['string'], 'tags': [{'id': 0, 'name': 'string'}], 'status': 'available'}, {'id': 9223372000001093341, 'category': {'id': 0, 'name': 'string'}, 'name': 'doggie', 'photoUrls': ['string'], 'tags': [{'id': 0, 'name': 'string'}], 'status': 'available'}, {'id': 9223372000001093342, 'category': {'id': 0, 'name': 'string'}, 'name': 'doggie', 'photoUrls': ['string'], 'tags': [{'id': 0, 'name': 'string'}], 'status': 'available'}, {'id': 9223372000001093343, 'category': {'id': 0, 'name': 'string'}, 'name': 'doggie', 'photoUrls': ['string'], 'tags': [{'id': 0, 'name': 'string'}], 'status': 'available'}, {'id': 9223372000001093344, 'category': {'id': 0, 'name': 'string'}, 'name': 'fish', 'photoUrls': ['string'], 'tags': [{'id': 0, 'name': 'string'}], 'status': 'available'}, {'id': 9223372000001093345, 'category': {'id': 0, 'name': 'string'}, 'name': 'fish', 'photoUrls': ['string'], 'tags': [{'id': 0, 'name': 'string'}], 'status': 'available'}, {'id': 9223372000001093347, 'category': {'id': 0, 'name': 'string'}, 'name': 'doggie', 'photoUrls': ['string'], 'tags': [{'id': 0, 'name': 'string'}], 'status': 'available'}, {'id': 9223372000001093348, 'category': {'id': 0, 'name': 'string'}, 'name': 'doggie', 'photoUrls': ['string'], 'tags': [{'id': 0, 'name': 'string'}], 'status': 'available'}, {'id': 9223372000001093350, 'category': {'id': 0, 'name': 'string'}, 'name': 'doggie', 'photoUrls': ['string'], 'tags': [{'id': 0, 'name': 'string'}], 'status': 'available'}, {'id': 9223372000001093360, 'category': {'id': 0, 'name': 'string'}, 'name': 'doggie', 'photoUrls': ['string'], 'tags': [{'id': 0, 'name': 'string'}], 'status': 'available'}, {'id': 9223372000001093361, 'category': {'id': 12, 'name': 'dogs'}, 'name': 'Doggie', 'photoUrls': ['https://www.dogtime.com/assets/uploads/2011/03/puppy-development.jpg'], 'tags': [{'id': 2, 'name': 'Sobaka'}], 'status': 'available'}, {'id': 9223372000001093363, 'category': {'id': 0, 'name': 'string'}, 'name': 'doggie', 'photoUrls': ['string'], 'tags': [{'id': 0, 'name': 'string'}], 'status': 'available'}, {'id': 9223372000001093364, 'category': {'id': 0, 'name': 'string'}, 'name': 'doggie', 'photoUrls': ['string'], 'tags': [{'id': 0, 'name': 'string'}], 'status': 'available'}, {'id': 9223372000001093365, 'category': {'id': 0, 'name': 'string'}, 'name': 'doggie', 'photoUrls': ['string'], 'tags': [{'id': 0, 'name': 'string'}], 'status': 'available'}, {'id': 9223372000001093366, 'category': {'id': 0, 'name': 'string'}, 'name': 'doggie', 'photoUrls': ['string'], 'tags': [{'id': 0, 'name': 'string'}], 'status': 'available'}, {'id': 9223372000001093367, 'category': {'id': 0, 'name': 'string'}, 'name': 'doggie', 'photoUrls': ['string'], 'tags': [{'id': 0, 'name': 'string'}], 'status': 'available'}, {'id': 9223372000001093368, 'category': {'id': 0, 'name': 'string'}, 'name': 'doggie', 'photoUrls': ['string'], 'tags': [{'id': 0, 'name': 'string'}], 'status': 'available'}, {'id': 9223372000001093369, 'category': {'id': 0, 'name': 'string'}, 'name': 'doggie', 'photoUrls': ['string'], 'tags': [{'id': 0, 'name': 'string'}], 'status': 'available'}, {'id': 9223372000001093370, 'category': {'id': 0, 'name': 'string'}, 'name': 'doggie', 'photoUrls': ['string'], 'tags': [{'id': 0, 'name': 'string'}], 'status': 'available'}, {'id': 9223372000001093371, 'category': {'id': 0, 'name': 'string'}, 'name': 'doggie', 'photoUrls': ['string'], 'tags': [{'id': 0, 'name': 'string'}], 'status': 'available'}, {'id': 9223372000001093382, 'category': {'id': 0, 'name': 'string'}, 'name': 'Puff', 'photoUrls': ['string'], 'tags': [{'id': 0, 'name': 'string'}], 'status': 'available'}, {'id': 9223372000001093384, 'category': {'id': 1, 'name': 'hafan'}, 'name': 'testovaci_pes', 'photoUrls': ['string'], 'tags': [{'id': 0, 'name': 'string'}], 'status': 'available'}, {'id': 9223372000001093390, 'category': {'id': 0, 'name': 'string'}, 'name': 'doggie', 'photoUrls': ['string'], 'tags': [{'id': 0, 'name': 'string'}], 'status': 'available'}, {'id': 9223372000001093393, 'category': {'id': 0, 'name': 'string'}, 'name': 'doggie', 'photoUrls': ['string'], 'tags': [{'id': 0, 'name': 'string'}], 'status': 'available'}, {'id': 9223372000001093394, 'category': {'id': 0, 'name': 'string'}, 'name': 'doggie', 'photoUrls': ['string'], 'tags': [{'id': 0, 'name': 'string'}], 'status': 'available'}, {'id': 9223372000001093395, 'category': {'id': 0, 'name': 'string'}, 'name': 'doggie', 'photoUrls': ['string'], 'tags': [{'id': 0, 'name': 'string'}], 'status': 'available'}, {'id': 9223372000001093396, 'category': {'id': 0, 'name': 'string'}, 'name': 'doggie', 'photoUrls': ['string'], 'tags': [{'id': 0, 'name': 'string'}], 'status': 'available'}, {'id': 9223372000001093397, 'category': {'id': 0, 'name': 'string'}, 'name': 'doggie', 'photoUrls': ['string'], 'tags': [{'id': 0, 'name': 'string'}], 'status': 'available'}, {'id': 9223372000001093398, 'category': {'id': 0, 'name': 'string'}, 'name': 'fish', 'photoUrls': ['string'], 'tags': [{'id': 0, 'name': 'string'}], 'status': 'available'}, {'id': 825, 'category': {'id': 1, 'name': 'Name'}, 'name': 'DefaultName', 'photoUrls': ['DefaultUrl'], 'tags': [{'id': 1, 'name': 'DefaultCategory'}], 'status': 'available'}, {'id': 9223372000001093399, 'category': {'id': 0, 'name': 'string'}, 'name': 'doggie', 'photoUrls': ['string'], 'tags': [{'id': 0, 'name': 'string'}], 'status': 'available'}, {'id': 9223372000001093400, 'category': {'id': 0, 'name': 'string'}, 'name': 'doggie', 'photoUrls': ['string'], 'tags': [{'id': 0, 'name': 'string'}], 'status': 'available'}, {'id': 9223372000001093401, 'category': {'id': 0, 'name': 'string'}, 'name': 'doggie', 'photoUrls': ['string'], 'tags': [{'id': 0, 'name': 'string'}], 'status': 'available'}, {'id': 9223372000001093402, 'category': {'id': 0, 'name': 'string'}, 'name': 'doggie', 'photoUrls': ['string'], 'tags': [{'id': 0, 'name': 'string'}], 'status': 'available'}, {'id': 9223372000001093406, 'category': {'id': 0, 'name': 'string'}, 'name': 'Puff', 'photoUrls': ['string'], 'tags': [{'id': 0, 'name': 'string'}], 'status': 'available'}, {'id': 9223372000001093407, 'category': {'id': 0, 'name': 'string'}, 'name': 'doggie', 'photoUrls': ['string'], 'tags': [{'id': 0, 'name': 'string'}], 'status': 'available'}, {'id': 9223372000001093415, 'category': {'id': 0, 'name': 'string'}, 'name': 'Doggie', 'photoUrls': ['string'], 'tags': [{'id': 0, 'name': 'string'}], 'status': 'available'}, {'id': 9223372000001093416, 'category': {'id': 0, 'name': 'string'}, 'name': 'Doggie', 'photoUrls': ['string'], 'tags': [{'id': 0, 'name': 'string'}], 'status': 'available'}, {'id': 9223372000001093418, 'category': {'id': 0, 'name': 'string'}, 'name': 'Doggie', 'photoUrls': ['string'], 'tags': [{'id': 0, 'name': 'string'}], 'status': 'available'}, {'id': 9223372000001093419, 'category': {'id': 0, 'name': 'string'}, 'name': 'doggie', 'photoUrls': ['string'], 'tags': [{'id': 0, 'name': 'string'}], 'status': 'available'}, {'id': 9223372000001093420, 'category': {'id': 0, 'name': 'string'}, 'name': 'Doggie', 'photoUrls': ['string'], 'tags': [{'id': 0, 'name': 'string'}], 'status': 'available'}, {'id': 9223372000001093421, 'category': {'id': 0, 'name': 'string'}, 'name': 'Doggie', 'photoUrls': ['string'], 'tags': [{'id': 0, 'name': 'string'}], 'status': 'available'}, {'id': 100, 'category': {'id': 2, 'name': 'string'}, 'name': 'westi', 'photoUrls': ['string'], 'tags': [{'id': 100, 'name': 'string'}], 'status': 'available'}, {'id': 850, 'category': {'id': 1, 'name': 'Name'}, 'name': 'DefaultName', 'photoUrls': ['DefaultUrl'], 'tags': [{'id': 1, 'name': 'DefaultCategory'}], 'status': 'available'}, {'id': 9223372000001093422, 'category': {'id': 0, 'name': 'string'}, 'name': 'Doggie', 'photoUrls': ['string'], 'tags': [{'id': 0, 'name': 'string'}], 'status': 'available'}, {'id': 9223372000001093423, 'category': {'id': 0, 'name': 'string'}, 'name': 'Doggie', 'photoUrls': ['string'], 'tags': [{'id': 0, 'name': 'string'}], 'status': 'available'}, {'id': 9223372000001093424, 'category': {'id': 0, 'name': 'string'}, 'name': 'Doggie', 'photoUrls': ['string'], 'tags': [{'id': 0, 'name': 'string'}], 'status': 'available'}, {'id': 9223372000001093425, 'category': {'id': 0, 'name': 'string'}, 'name': 'Doggie', 'photoUrls': ['string'], 'tags': [{'id': 0, 'name': 'string'}], 'status': 'available'}, {'id': 9223372000001093427, 'category': {'id': 0, 'name': 'string'}, 'name': 'Doggie', 'photoUrls': ['string'], 'tags': [{'id': 0, 'name': 'string'}], 'status': 'available'}, {'id': 9223372000001093428, 'category': {'id': 0, 'name': 'string'}, 'name': 'doggie', 'photoUrls': ['string'], 'tags': [{'id': 0, 'name': 'string'}], 'status': 'available'}, {'id': 9223372000001093429, 'category': {'id': 0, 'name': 'string'}, 'name': 'doggie', 'photoUrls': ['string'], 'tags': [{'id': 0, 'name': 'string'}], 'status': 'available'}, {'id': 9223372000001093430, 'category': {'id': 0, 'name': 'string'}, 'name': 'doggie', 'photoUrls': ['string'], 'tags': [{'id': 0, 'name': 'string'}], 'status': 'available'}, {'id': 9223372000001093432, 'category': {'id': 0, 'name': 'string'}, 'name': 'doggie', 'photoUrls': ['string'], 'tags': [{'id': 0, 'name': 'string'}], 'status': 'available'}, {'id': 9223372000001093433, 'category': {'id': 0, 'name': 'string'}, 'name': 'doggie', 'photoUrls': ['string'], 'tags': [{'id': 0, 'name': 'string'}], 'status': 'available'}, {'id': 9223372000001093434, 'category': {'id': 0, 'name': 'string'}, 'name': 'fish', 'photoUrls': ['string'], 'tags': [{'id': 0, 'name': 'string'}], 'status': 'available'}, {'id': 9223372000001093435, 'category': {'id': 0, 'name': 'string'}, 'name': 'doggie', 'photoUrls': ['string'], 'tags': [{'id': 0, 'name': 'string'}], 'status': 'available'}, {'id': 9223372000001093436, 'category': {'id': 0, 'name': 'string'}, 'name': 'doggie', 'photoUrls': ['string'], 'tags': [{'id': 0, 'name': 'string'}], 'status': 'available'}, {'id': 9223372000001093437, 'category': {'id': 0, 'name': 'string'}, 'name': 'doggie', 'photoUrls': ['string'], 'tags': [{'id': 0, 'name': 'string'}], 'status': 'available'}, {'id': 9223372000001093438, 'category': {'id': 0, 'name': 'string'}, 'name': 'doggie', 'photoUrls': ['string'], 'tags': [{'id': 0, 'name': 'string'}], 'status': 'available'}, {'id': 9223372000001093439, 'category': {'id': 0, 'name': 'string'}, 'name': 'fish', 'photoUrls': ['string'], 'tags': [{'id': 0, 'name': 'string'}], 'status': 'available'}, {'id': 9223372000001093447, 'category': {'id': 0, 'name': 'string'}, 'name': 'Puff', 'photoUrls': ['string'], 'tags': [{'id': 0, 'name': 'string'}], 'status': 'available'}, {'id': 9223372000001093449, 'category': {'id': 0, 'name': 'string'}, 'name': 'doggie', 'photoUrls': ['string'], 'tags': [{'id': 0, 'name': 'string'}], 'status': 'available'}, {'id': 9223372000001093454, 'category': {'id': 0, 'name': 'string'}, 'name': 'fish', 'photoUrls': ['string'], 'tags': [{'id': 0, 'name': 'string'}], 'status': 'available'}, {'id': 9223372000001093455, 'category': {'id': 0, 'name': 'string'}, 'name': 'fish', 'photoUrls': ['string'], 'tags': [{'id': 0, 'name': 'string'}], 'status': 'available'}, {'id': 9223372000001093456, 'category': {'id': 0, 'name': 'string'}, 'name': 'Doggie', 'photoUrls': ['string'], 'tags': [{'id': 0, 'name': 'string'}], 'status': 'available'}, {'id': 9223372000001093457, 'category': {'id': 0, 'name': 'string'}, 'name': 'Doggie', 'photoUrls': ['string'], 'tags': [{'id': 0, 'name': 'string'}], 'status': 'available'}, {'id': 9223372000001093458, 'category': {'id': 0, 'name': 'string'}, 'name': 'Doggie', 'photoUrls': ['string'], 'tags': [{'id': 0, 'name': 'string'}], 'status': 'available'}, {'id': 9223372000001093459, 'category': {'id': 0, 'name': 'string'}, 'name': 'Doggie', 'photoUrls': ['string'], 'tags': [{'id': 0, 'name': 'string'}], 'status': 'available'}, {'id': 9223372000001093460, 'category': {'id': 0, 'name': 'string'}, 'name': 'Doggie', 'photoUrls': ['string'], 'tags': [{'id': 0, 'name': 'string'}], 'status': 'available'}, {'id': 9223372000001093461, 'category': {'id': 0, 'name': 'string'}, 'name': 'Doggie', 'photoUrls': ['string'], 'tags': [{'id': 0, 'name': 'string'}], 'status': 'available'}, {'id': 9223372000001093462, 'category': {'id': 0, 'name': 'string'}, 'name': 'Doggie', 'photoUrls': ['string'], 'tags': [{'id': 0, 'name': 'string'}], 'status': 'available'}, {'id': 9223372000001093463, 'category': {'id': 0, 'name': 'string'}, 'name': 'Doggie', 'photoUrls': ['string'], 'tags': [{'id': 0, 'name': 'string'}], 'status': 'available'}, {'id': 9223372000001093464, 'category': {'id': 0, 'name': 'string'}, 'name': 'Doggie', 'photoUrls': ['string'], 'tags': [{'id': 0, 'name': 'string'}], 'status': 'available'}, {'id': 9223372000001093465, 'category': {'id': 0, 'name': 'string'}, 'name': 'Doggie', 'photoUrls': ['string'], 'tags': [{'id': 0, 'name': 'string'}], 'status': 'available'}, {'id': 9223372000001093467, 'category': {'id': 0, 'name': 'string'}, 'name': 'Doggie', 'photoUrls': ['string'], 'tags': [{'id': 0, 'name': 'string'}], 'status': 'available'}, {'id': 9223372000001093468, 'category': {'id': 0, 'name': 'string'}, 'name': 'Doggie', 'photoUrls': ['string'], 'tags': [{'id': 0, 'name': 'string'}], 'status': 'available'}, {'id': 9223372000001093470, 'category': {'id': 0, 'name': 'string'}, 'name': 'Doggie', 'photoUrls': ['string'], 'tags': [{'id': 0, 'name': 'string'}], 'status': 'available'}, {'id': 9223372000001093475, 'category': {'id': 0, 'name': 'string'}, 'name': 'doggie', 'photoUrls': ['string'], 'tags': [{'id': 0, 'name': 'string'}], 'status': 'available'}, {'id': 9223372000001093477, 'category': {'id': 0, 'name': 'string'}, 'name': 'Doggie', 'photoUrls': ['string'], 'tags': [{'id': 0, 'name': 'string'}], 'status': 'available'}, {'id': 9223372000001093478, 'category': {'id': 0, 'name': 'string'}, 'name': 'doggie', 'photoUrls': ['string'], 'tags': [{'id': 0, 'name': 'string'}], 'status': 'available'}, {'id': 9223372000001093479, 'category': {'id': 0, 'name': 'string'}, 'name': 'doggie', 'photoUrls': ['string'], 'tags': [{'id': 0, 'name': 'string'}], 'status': 'available'}, {'id': 9223372000001093480, 'category': {'id': 0, 'name': 'string'}, 'name': 'doggie', 'photoUrls': ['string'], 'tags': [{'id': 0, 'name': 'string'}], 'status': 'available'}, {'id': 9223372000001093481, 'category': {'id': 0, 'name': 'string'}, 'name': 'doggie', 'photoUrls': ['string'], 'tags': [{'id': 0, 'name': 'string'}], 'status': 'available'}, {'id': 9223372000001093482, 'category': {'id': 0, 'name': 'string'}, 'name': 'doggie', 'photoUrls': ['string'], 'tags': [{'id': 0, 'name': 'string'}], 'status': 'available'}, {'id': 9223372000001093483, 'category': {'id': 0, 'name': 'string'}, 'name': 'Doggie', 'photoUrls': ['string'], 'tags': [{'id': 0, 'name': 'string'}], 'status': 'available'}, {'id': 9223372000001093484, 'category': {'id': 0, 'name': 'string'}, 'name': 'doggie', 'photoUrls': ['string'], 'tags': [{'id': 0, 'name': 'string'}], 'status': 'available'}, {'id': 9223372000001093485, 'category': {'id': 0, 'name': 'string'}, 'name': 'doggie', 'photoUrls': ['string'], 'tags': [{'id': 0, 'name': 'string'}], 'status': 'available'}, {'id': 9223372000001093486, 'category': {'id': 0, 'name': 'string'}, 'name': 'Doggie', 'photoUrls': ['string'], 'tags': [{'id': 0, 'name': 'string'}], 'status': 'available'}, {'id': 9223372000001093487, 'category': {'id': 0, 'name': 'string'}, 'name': 'Doggie', 'photoUrls': ['string'], 'tags': [{'id': 0, 'name': 'string'}], 'status': 'available'}, {'id': 9223372000001093488, 'category': {'id': 0, 'name': 'string'}, 'name': 'Doggie', 'photoUrls': ['string'], 'tags': [{'id': 0, 'name': 'string'}], 'status': 'available'}, {'id': 9223372000001094001, 'category': {'id': 0, 'name': 'string'}, 'name': 'fish', 'photoUrls': ['string'], 'tags': [{'id': 0, 'name': 'string'}], 'status': 'available'}, {'id': 9223372000001094002, 'category': {'id': 0, 'name': 'string'}, 'name': 'Doggie', 'photoUrls': ['string'], 'tags': [{'id': 0, 'name': 'string'}], 'status': 'available'}, {'id': 9223372000001094004, 'category': {'id': 0, 'name': 'string'}, 'name': 'Doggie', 'photoUrls': ['string'], 'tags': [{'id': 0, 'name': 'string'}], 'status': 'available'}, {'id': 9223372000001094005, 'category': {'id': 0, 'name': 'string'}, 'name': 'Doggie', 'photoUrls': ['string'], 'tags': [{'id': 0, 'name': 'string'}], 'status': 'available'}, {'id': 9223372000001094006, 'category': {'id': 0, 'name': 'string'}, 'name': 'Doggie', 'photoUrls': ['string'], 'tags': [{'id': 0, 'name': 'string'}], 'status': 'available'}, {'id': 9223372000001094007, 'category': {'id': 0, 'name': 'string'}, 'name': 'Doggie', 'photoUrls': ['string'], 'tags': [{'id': 0, 'name': 'string'}], 'status': 'available'}, {'id': 99, 'category': {'id': 0, 'name': 'AJIT'}, 'name': 'doggie', 'photoUrls': ['string'], 'tags': [{'id': 0, 'name': 'string'}], 'status': 'available'}, {'id': 9223372000001094008, 'category': {'id': 0, 'name': 'string'}, 'name': 'Doggie', 'photoUrls': ['string'], 'tags': [{'id': 0, 'name': 'string'}], 'status': 'available'}, {'id': 9223372000001094009, 'category': {'id': 0, 'name': 'string'}, 'name': 'Doggie', 'photoUrls': ['string'], 'tags': [{'id': 0, 'name': 'string'}], 'status': 'available'}, {'id': 9223372000001094010, 'category': {'id': 0, 'name': 'string'}, 'name': 'Doggie', 'photoUrls': ['string'], 'tags': [{'id': 0, 'name': 'string'}], 'status': 'available'}, {'id': 9223372000001094011, 'category': {'id': 0, 'name': 'string'}, 'name': 'Doggie', 'photoUrls': ['string'], 'tags': [{'id': 0, 'name': 'string'}], 'status': 'available'}, {'id': 9223372000001094012, 'category': {'id': 0, 'name': 'string'}, 'name': 'Doggie', 'photoUrls': ['string'], 'tags': [{'id': 0, 'name': 'string'}], 'status': 'available'}, {'id': 9223372000001094013, 'category': {'id': 0, 'name': 'string'}, 'name': 'Doggie', 'photoUrls': ['string'], 'tags': [{'id': 0, 'name': 'string'}], 'status': 'available'}, {'id': 9223372000001094014, 'category': {'id': 0, 'name': 'string'}, 'name': 'Doggie', 'photoUrls': ['string'], 'tags': [{'id': 0, 'name': 'string'}], 'status': 'available'}, {'id': 9223372000001094015, 'category': {'id': 0, 'name': 'string'}, 'name': 'Doggie', 'photoUrls': ['string'], 'tags': [{'id': 0, 'name': 'string'}], 'status': 'available'}, {'id': 9223372000001094017, 'category': {'id': 0, 'name': 'string'}, 'name': 'doggie', 'photoUrls': ['string'], 'tags': [{'id': 0, 'name': 'string'}], 'status': 'available'}, {'id': 9223372000001094018, 'category': {'id': 0, 'name': 'string'}, 'name': 'Doggie', 'photoUrls': ['string'], 'tags': [{'id': 0, 'name': 'string'}], 'status': 'available'}, {'id': 9223372000001094019, 'category': {'id': 0, 'name': 'string'}, 'name': 'Doggie', 'photoUrls': ['string'], 'tags': [{'id': 0, 'name': 'string'}], 'status': 'available'}, {'id': 9223372000001094020, 'category': {'id': 0, 'name': 'string'}, 'name': 'Doggie', 'photoUrls': ['string'], 'tags': [{'id': 0, 'name': 'string'}], 'status': 'available'}, {'id': 9223372000001094021, 'category': {'id': 0, 'name': 'string'}, 'name': 'Doggie', 'photoUrls': ['string'], 'tags': [{'id': 0, 'name': 'string'}], 'status': 'available'}, {'id': 9223372000001094022, 'category': {'id': 0, 'name': 'string'}, 'name': 'Doggie', 'photoUrls': ['string'], 'tags': [{'id': 0, 'name': 'string'}], 'status': 'available'}, {'id': 9223372000001094025, 'category': {'id': 0, 'name': 'string'}, 'name': 'Doggie', 'photoUrls': ['string'], 'tags': [{'id': 0, 'name': 'string'}], 'status': 'available'}, {'id': 9223372000001094029, 'category': {'id': 0, 'name': 'string'}, 'name': 'Doggie', 'photoUrls': ['string'], 'tags': [{'id': 0, 'name': 'string'}], 'status': 'available'}, {'id': 9223372000001094030, 'category': {'id': 0, 'name': 'string'}, 'name': 'Doggie', 'photoUrls': ['string'], 'tags': [{'id': 0, 'name': 'string'}], 'status': 'available'}, {'id': 555, 'category': {'id': 0, 'name': 'string'}, 'name': 'corgi', 'photoUrls': ['string'], 'tags': [{'id': 0, 'name': 'string'}], 'status': 'available'}, {'id': 9223372000001094033, 'category': {'id': 0, 'name': 'string'}, 'name': 'doggie', 'photoUrls': ['string'], 'tags': [{'id': 0, 'name': 'string'}], 'status': 'available'}, {'id': 9223372000001094034, 'category': {'id': 0, 'name': 'dogs'}, 'name': 'qa_doggie', 'photoUrls': ['image.jpg'], 'tags': [{'id': 0, 'name': 'qa_tag'}], 'status': 'available'}, {'id': 9223372000001094035, 'category': {'id': 0, 'name': 'string'}, 'name': 'doggie', 'photoUrls': ['string'], 'tags': [{'id': 0, 'name': 'string'}], 'status': 'available'}, {'id': 9223372000001094036, 'category': {'id': 0, 'name': 'string'}, 'name': 'doggie', 'photoUrls': ['string'], 'tags': [{'id': 0, 'name': 'string'}], 'status': 'available'}, {'id': 9223372000001094037, 'category': {'id': 0, 'name': 'string'}, 'name': 'doggie', 'photoUrls': ['string'], 'tags': [{'id': 0, 'name': 'string'}], 'status': 'available'}, {'id': 9223372000001094038, 'category': {'id': 0, 'name': 'string'}, 'name': 'doggie', 'photoUrls': ['string'], 'tags': [{'id': 0, 'name': 'string'}], 'status': 'available'}, {'id': 9223372000001094039, 'category': {'id': 0, 'name': 'string'}, 'name': 'Puff', 'photoUrls': ['string'], 'tags': [{'id': 0, 'name': 'string'}], 'status': 'available'}, {'id': 9223372000001094040, 'category': {'id': 0, 'name': 'string'}, 'name': 'fish', 'photoUrls': ['string'], 'tags': [{'id': 0, 'name': 'string'}], 'status': 'available'}, {'id': 9223372000001094041, 'category': {'id': 0, 'name': 'string'}, 'name': 'doggie', 'photoUrls': ['string'], 'tags': [{'id': 0, 'name': 'string'}], 'status': 'available'}, {'id': 9223372000001094042, 'category': {'id': 0, 'name': 'string'}, 'name': 'doggie', 'photoUrls': ['string'], 'tags': [{'id': 0, 'name': 'string'}], 'status': 'available'}, {'id': 9223372000001094043, 'category': {'id': 0, 'name': 'string'}, 'name': 'doggie', 'photoUrls': ['string'], 'tags': [{'id': 0, 'name': 'string'}], 'status': 'available'}, {'id': 9223372000001094044, 'category': {'id': 0, 'name': 'string'}, 'name': 'doggie', 'photoUrls': ['string'], 'tags': [{'id': 0, 'name': 'string'}], 'status': 'available'}, {'id': 9223372000001094046, 'category': {'id': 0, 'name': 'string'}, 'name': 'doggie', 'photoUrls': ['string'], 'tags': [{'id': 0, 'name': 'string'}], 'status': 'available'}, {'id': 9223372000001094048, 'category': {'id': 0, 'name': 'string'}, 'name': 'doggie', 'photoUrls': ['string'], 'tags': [{'id': 0, 'name': 'string'}], 'status': 'available'}, {'id': 9223372000001094053, 'category': {'id': 0, 'name': 'string'}, 'name': 'doggie', 'photoUrls': ['string'], 'tags': [{'id': 0, 'name': 'string'}], 'status': 'available'}, {'id': 9223372000001094054, 'category': {'id': 0, 'name': 'string'}, 'name': 'doggie', 'photoUrls': ['string'], 'tags': [{'id': 0, 'name': 'string'}], 'status': 'available'}, {'id': 9223372000001094124, 'category': {'id': 0, 'name': 'string'}, 'name': 'doggie9912', 'photoUrls': ['string'], 'tags': [{'id': 0, 'name': 'string'}], 'status': 'available'}, {'id': 9223372000001094127, 'category': {'id': 0, 'name': 'string'}, 'name': 'doggie', 'photoUrls': ['string'], 'tags': [{'id': 0, 'name': 'string'}], 'status': 'available'}, {'id': 9223372000001094128, 'category': {'id': 0, 'name': 'string'}, 'name': 'doggie', 'photoUrls': ['string'], 'tags': [{'id': 0, 'name': 'string'}], 'status': 'available'}, {'id': 9223372000001094129, 'category': {'id': 0, 'name': 'string'}, 'name': 'doggie', 'photoUrls': ['string'], 'tags': [{'id': 0, 'name': 'string'}], 'status': 'available'}, {'id': 9223372000001094130, 'category': {'id': 0, 'name': 'string'}, 'name': 'doggie', 'photoUrls': ['string'], 'tags': [{'id': 0, 'name': 'string'}], 'status': 'available'}, {'id': 9223372000001094131, 'category': {'id': 0, 'name': 'string'}, 'name': 'doggie', 'photoUrls': ['string'], 'tags': [{'id': 0, 'name': 'string'}], 'status': 'available'}, {'id': 9223372000001094132, 'category': {'id': 0, 'name': 'string'}, 'name': 'doggie', 'photoUrls': ['string'], 'tags': [{'id': 0, 'name': 'string'}], 'status': 'available'}, {'id': 9223372000001094133, 'category': {'id': 0, 'name': 'dogs'}, 'name': 'qa_doggie', 'photoUrls': ['image.jpg'], 'tags': [{'id': 0, 'name': 'qa_tag'}], 'status': 'available'}, {'id': 9223372000001094134, 'category': {'id': 0, 'name': 'string'}, 'name': 'doggie', 'photoUrls': ['string'], 'tags': [{'id': 0, 'name': 'string'}], 'status': 'available'}, {'id': 9223372000001094135, 'category': {'id': 0, 'name': 'string'}, 'name': 'doggie', 'photoUrls': ['string'], 'tags': [{'id': 0, 'name': 'string'}], 'status': 'available'}, {'id': 9223372000001094136, 'category': {'id': 0, 'name': 'string'}, 'name': 'doggie', 'photoUrls': ['string'], 'tags': [{'id': 0, 'name': 'string'}], 'status': 'available'}, {'id': 9223372000001094137, 'category': {'id': 0, 'name': 'string'}, 'name': 'doggie', 'photoUrls': ['string'], 'tags': [{'id': 0, 'name': 'string'}], 'status': 'available'}, {'id': 9223372000001094138, 'category': {'id': 0, 'name': 'string'}, 'name': 'doggie', 'photoUrls': ['string'], 'tags': [{'id': 0, 'name': 'string'}], 'status': 'available'}, {'id': 9223372000001094143, 'category': {'id': 0, 'name': 'string'}, 'name': 'Puff', 'photoUrls': ['string'], 'tags': [{'id': 0, 'name': 'string'}], 'status': 'available'}, {'id': 9223372000001094145, 'category': {'id': 1, 'name': 'felino'}, 'name': 'Shepherd', 'photoUrls': ['http://fotosdegato.com.br/foto1.png', 'http://fotosdegato.com.br/foto2.png'], 'tags': [], 'status': 'available'}, {'id': 9223372000001094159, 'category': {'id': 0, 'name': 'string'}, 'name': 'fish', 'photoUrls': ['string'], 'tags': [{'id': 0, 'name': 'string'}], 'status': 'available'}, {'id': 1029, 'category': {'id': 0, 'name': 'squirrel'}, 'name': 'Han', 'photoUrls': ['string'], 'tags': [{'id': 0, 'name': 'string'}], 'status': 'available'}, {'id': 9223372000001094160, 'category': {'id': 0, 'name': 'string'}, 'name': 'test', 'photoUrls': ['string'], 'tags': [{'id': 0, 'name': 'string'}], 'status
[...]
<tag>Functional Test</tag>
<doc>Validate that the Resources tab is clickable and navigates to the resource page</doc>
<kw name="Open Browser" library="SeleniumLibrary">
<arg>${LOGIN URL}</arg>
<arg>${BROWSER}</arg>
<doc>Opens a new browser instance to the optional ``url``.</doc>
<msg timestamp="20220202 19:08:42.239" level="INFO">Opening browser 'chrome' to base url 'http://www.uitestingplayground.com'.</msg>
<status status="PASS" starttime="20220202 19:08:42.239" endtime="20220202 19:08:49.587"/>
</kw>
<kw name="Wait Until Page Contains" library="SeleniumLibrary">
<arg>UI Test Automation</arg>
<doc>Waits until ``text`` appears on the current page.</doc>
<status status="PASS" starttime="20220202 19:08:49.588" endtime="20220202 19:08:49.619"/>
</kw>
<kw name="Click Link" library="SeleniumLibrary">
<arg>xpath=//*[@id="navbarSupportedContent"]/ul/li[2]/a</arg>
<doc>Clicks a link identified by ``locator``.</doc>
<msg timestamp="20220202 19:08:49.619" level="INFO">Clicking link 'xpath=//*[@id="navbarSupportedContent"]/ul/li[2]/a'.</msg>
<status status="PASS" starttime="20220202 19:08:49.619" endtime="20220202 19:08:50.401"/>
</kw>
<kw name="Wait Until Page Contains" library="SeleniumLibrary">
<arg>Resources</arg>
<doc>Waits until ``text`` appears on the current page.</doc>
<status status="PASS" starttime="20220202 19:08:50.402" endtime="20220202 19:08:50.437"/>
</kw>
<kw name="Element Text Should Be" library="SeleniumLibrary">
<arg>xpath=/html/body/section/div/h3</arg>
<arg>Resources</arg>
<doc>Verifies that element ``locator`` contains exact the text ``expected``.</doc>
<msg timestamp="20220202 19:08:50.437" level="INFO">Verifying element 'xpath=/html/body/section/div/h3' contains exact text 'Resources'.</msg>
<status status="PASS" starttime="20220202 19:08:50.437" endtime="20220202 19:08:50.465"/>
</kw>
<kw name="Element Text Should Be" library="SeleniumLibrary">
<arg>xpath=/html/body/section/div/h4[1]</arg>
<arg>Learning</arg>
<doc>Verifies that element ``locator`` contains exact the text ``expected``.</doc>
<msg timestamp="20220202 19:08:50.465" level="INFO">Verifying element 'xpath=/html/body/section/div/h4[1]' contains exact text 'Learning'.</msg>
<status status="PASS" starttime="20220202 19:08:50.465" endtime="20220202 19:08:50.488"/>
</kw>
<kw name="Element Text Should Be" library="SeleniumLibrary">
<arg>xpath=/html/body/section/div/h4[2]</arg>
<arg>Standards</arg>
<doc>Verifies that element ``locator`` contains exact the text ``expected``.</doc>
<msg timestamp="20220202 19:08:50.488" level="INFO">Verifying element 'xpath=/html/body/section/div/h4[2]' contains exact text 'Standards'.</msg>
<status status="PASS" starttime="20220202 19:08:50.488" endtime="20220202 19:08:50.519"/>
</kw>
<kw name="Element Text Should Be" library="SeleniumLibrary">
<arg>xpath=/html/body/section/div/h4[3]</arg>
<arg>Articles</arg>
<doc>Verifies that element ``locator`` contains exact the text ``expected``.</doc>
<msg timestamp="20220202 19:08:50.519" level="INFO">Verifying element 'xpath=/html/body/section/div/h4[3]' contains exact text 'Articles'.</msg>
<status status="PASS" starttime="20220202 19:08:50.519" endtime="20220202 19:08:50.551"/>
</kw>
<kw name="Element Text Should Be" library="SeleniumLibrary">
<arg>xpath=/html/body/section/div/h4[4]</arg>
<arg>Community</arg>
<doc>Verifies that element ``locator`` contains exact the text ``expected``.</doc>
<msg timestamp="20220202 19:08:50.551" level="INFO">Verifying element 'xpath=/html/body/section/div/h4[4]' contains exact text 'Community'.</msg>
<status status="PASS" starttime="20220202 19:08:50.551" endtime="20220202 19:08:50.566"/>
</kw>
<kw name="Close Browser" library="SeleniumLibrary">
<doc>Closes the current browser.</doc>
<status status="PASS" starttime="20220202 19:08:50.566" endtime="20220202 19:08:52.754"/>
</kw>
<status status="PASS" starttime="20220202 19:08:42.223" endtime="20220202 19:08:52.754"/>
</kw>
<tag>UI Test</tag>
<status status="PASS" starttime="20220202 19:08:42.223" endtime="20220202 19:08:52.754"/>
</test>
<test id="s1-s2-t4" name="Validate the Dynamic ID link">
<kw name="Validate Dymanic ID link" library="UITestingPlayground">
<tag>Functional Test</tag>
<doc>Validate that the Dynamic ID link is clickable, that it navigates to the Dynamic ID page and that the button is clickable</doc>
<kw name="Open Browser" library="SeleniumLibrary">
<arg>${LOGIN URL}</arg>
<arg>${BROWSER}</arg>
<doc>Opens a new browser instance to the optional ``url``.</doc>
<msg timestamp="20220202 19:08:52.754" level="INFO">Opening browser 'chrome' to base url 'http://www.uitestingplayground.com'.</msg>
<status status="PASS" starttime="20220202 19:08:52.754" endtime="20220202 19:08:59.929"/>
</kw>
<kw name="Wait Until Page Contains" library="SeleniumLibrary">
<arg>UI Test Automation Playground</arg>
<doc>Waits until ``text`` appears on the current page.</doc>
<status status="PASS" starttime="20220202 19:08:59.929" endtime="20220202 19:08:59.955"/>
</kw>
<kw name="Element Text Should Be" library="SeleniumLibrary">
<arg>xpath=//*[@id="overview"]/div/div[1]/div[1]/h3/a</arg>
<arg>Dynamic ID</arg>
<doc>Verifies that element ``locator`` contains exact the text ``expected``.</doc>
<msg timestamp="20220202 19:08:59.956" level="INFO">Verifying element 'xpath=//*[@id="overview"]/div/div[1]/div[1]/h3/a' contains exact text 'Dynamic ID'.</msg>
<status status="PASS" starttime="20220202 19:08:59.955" endtime="20220202 19:08:59.979"/>
</kw>
<kw name="Element Text Should Be" library="SeleniumLibrary">
<arg>xpath=//*[@id="overview"]/div/div[1]/div[1]/p</arg>
<arg>Make sure you are not recording dynamic IDs of elements</arg>
<doc>Verifies that element ``locator`` contains exact the text ``expected``.</doc>
<msg timestamp="20220202 19:08:59.980" level="INFO">Verifying element 'xpath=//*[@id="overview"]/div/div[1]/div[1]/p' contains exact text 'Make sure you are not recording dynamic IDs of elements'.</msg>
<status status="PASS" starttime="20220202 19:08:59.979" endtime="20220202 19:09:00.002"/>
</kw>
<kw name="Click Link" library="SeleniumLibrary">
<arg>xpath=//*[@id="overview"]/div/div[1]/div[1]/h3/a</arg>
<doc>Clicks a link identified by ``locator``.</doc>
<msg timestamp="20220202 19:09:00.002" level="INFO">Clicking link 'xpath=//*[@id="overview"]/div/div[1]/div[1]/h3/a'.</msg>
<status status="PASS" starttime="20220202 19:09:00.002" endtime="20220202 19:09:01.462"/>
</kw>
<kw name="Wait Until Page Contains" library="SeleniumLibrary">
<arg>Dynamic ID</arg>
<doc>Waits until ``text`` appears on the current page.</doc>
<status status="PASS" starttime="20220202 19:09:01.463" endtime="20220202 19:09:01.494"/>
</kw>
<kw name="Element Text Should Be" library="SeleniumLibrary">
<arg>xpath=/html/body/section/div/h3</arg>
<arg>Dynamic ID</arg>
<doc>Verifies that element ``locator`` contains exact the text ``expected``.</doc>
<msg timestamp="20220202 19:09:01.495" level="INFO">Verifying element 'xpath=/html/body/section/div/h3' contains exact text 'Dynamic ID'.</msg>
<status status="PASS" starttime="20220202 19:09:01.495" endtime="20220202 19:09:01.519"/>
</kw>
<kw name="Element Text Should Be" library="SeleniumLibrary">
<arg>xpath=/html/body/section/div/p</arg>
<arg>Modern applications often generate dynamic IDs for elements. In this case ID is not a reliable attribute for using in element selector. By default many UI automation tools record IDs and this results in tests broken from the very beginning. An automation tool needs a way to instruct it to skip dynamic IDs when XPath is generated for an element.</arg>
<doc>Verifies that element ``locator`` contains exact the text ``expected``.</doc>
<msg timestamp="20220202 19:09:01.534" level="INFO">Verifying element 'xpath=/html/body/section/div/p' contains exact text 'Modern applications often generate dynamic IDs for elements. In this case ID is not a reliable attribute for using in element selector. By default many UI automation tools record IDs and this results in tests broken from the very beginning. An automation tool needs a way to instruct it to skip dynamic IDs when XPath is generated for an element.'.</msg>
<status status="PASS" starttime="20220202 19:09:01.519" endtime="20220202 19:09:01.550"/>
</kw>
<kw name="Element Text Should Be" library="SeleniumLibrary">
<arg>xpath=/html/body/section/div/h4[1]</arg>
<arg>Scenario</arg>
<doc>Verifies that element ``locator`` contains exact the text ``expected``.</doc>
<msg timestamp="20220202 19:09:01.550" level="INFO">Verifying element 'xpath=/html/body/section/div/h4[1]' contains exact text 'Scenario'.</msg>
<status status="PASS" starttime="20220202 19:09:01.550" endtime="20220202 19:09:01.579"/>
</kw>
<kw name="Element Text Should Be" library="SeleniumLibrary">
<arg>xpath=/html/body/section/div/ul/li[1]</arg>
<arg>Record button click.</arg>
<doc>Verifies that element ``locator`` contains exact the text ``expected``.</doc>
<msg timestamp="20220202 19:09:01.579" level="INFO">Verifying element 'xpath=/html/body/section/div/ul/li[1]' contains exact text 'Record button click.'.</msg>
<status status="PASS" starttime="20220202 19:09:01.579" endtime="20220202 19:09:01.602"/>
</kw>
<kw name="Element Text Should Be" library="SeleniumLibrary">
<arg>xpath=/html/body/section/div/ul/li[2]</arg>
<arg>Then execute your test to make sure that ID is not used for button identification.</arg>
<doc>Verifies that element ``locator`` contains exact the text ``expected``.</doc>
<msg timestamp="20220202 19:09:01.602" level="INFO">Verifying element 'xpath=/html/body/section/div/ul/li[2]' contains exact text 'Then execute your test to make sure that ID is not used for button identification.'.</msg>
<status status="PASS" starttime="20220202 19:09:01.602" endtime="20220202 19:09:01.618"/>
</kw>
<kw name="Element Text Should Be" library="SeleniumLibrary">
<arg>xpath=/html/body/section/div/h4[2]</arg>
<arg>Playground</arg>
<doc>Verifies that element ``locator`` contains exact the text ``expected``.</doc>
<msg timestamp="20220202 19:09:01.634" level="INFO">Verifying element 'xpath=/html/body/section/div/h4[2]' contains exact text 'Playground'.</msg>
<status status="PASS" starttime="20220202 19:09:01.634" endtime="20220202 19:09:01.649"/>
</kw>
<kw name="Click Button" library="SeleniumLibrary">
<arg>Button with Dynamic ID</arg>
<doc>Clicks the button identified by ``locator``.</doc>
<msg timestamp="20220202 19:09:01.649" level="INFO">Clicking button 'Button with Dynamic ID'.</msg>
<status status="PASS" starttime="20220202 19:09:01.649" endtime="20220202 19:09:01.727"/>
</kw>
<kw name="Close Browser" library="SeleniumLibrary">
<doc>Closes the current browser.</doc>
<status status="PASS" starttime="20220202 19:09:01.727" endtime="20220202 19:09:04.064"/>
</kw>
<status status="PASS" starttime="20220202 19:08:52.754" endtime="20220202 19:09:04.064"/>
</kw>
<tag>UI Test</tag>
<status status="PASS" starttime="20220202 19:08:52.754" endtime="20220202 19:09:04.064"/>
</test>
<test id="s1-s2-t5" name="Validate the Text Input link">
<kw name="Validate Text Input link" library="UITestingPlayground">
<tag>Functional Test</tag>
<doc>Validate that the Text Input link is clickable, that it navigates to the Text Input page and that the button text can be changed to something new</doc>
<kw name="Open Browser" library="SeleniumLibrary">
<arg>${LOGIN URL}</arg>
<arg>${BROWSER}</arg>
<doc>Opens a new browser instance to the optional ``url``.</doc>
<msg timestamp="20220202 19:09:04.064" level="INFO">Opening browser 'chrome' to base url 'http://www.uitestingplayground.com'.</msg>
<status status="PASS" starttime="20220202 19:09:04.064" endtime="20220202 19:09:13.919"/>
</kw>
<kw name="Wait Until Page Contains" library="SeleniumLibrary">
<arg>UI Test Automation Playground</arg>
<doc>Waits until ``text`` appears on the current page.</doc>
<status status="PASS" starttime="20220202 19:09:13.919" endtime="20220202 19:09:13.924"/>
</kw>
<kw name="Element Text Should Be" library="SeleniumLibrary">
<arg>xpath=//*[@id="overview"]/div/div[2]/div[4]/h3/a</arg>
<arg>Text Input</arg>
<doc>Verifies that element ``locator`` contains exact the text ``expected``.</doc>
<msg timestamp="20220202 19:09:13.924" level="INFO">Verifying element 'xpath=//*[@id="overview"]/div/div[2]/div[4]/h3/a' contains exact text 'Text Input'.</msg>
<status status="PASS" starttime="20220202 19:09:13.924" endtime="20220202 19:09:13.974"/>
</kw>
<kw name="Element Text Should Be" library="SeleniumLibrary">
<arg>xpath=//*[@id="overview"]/div/div[2]/div[4]/p</arg>
<arg>Entering text into an edit field may not have effect</arg>
<doc>Verifies that element ``locator`` contains exact the text ``expected``.</doc>
<msg timestamp="20220202 19:09:13.974" level="INFO">Verifying element 'xpath=//*[@id="overview"]/div/div[2]/div[4]/p' contains exact text 'Entering text into an edit field may not have effect'.</msg>
<status status="PASS" starttime="20220202 19:09:13.974" endtime="20220202 19:09:13.998"/>
</kw>
<kw name="Click Link" library="SeleniumLibrary">
<arg>xpath=//*[@id="overview"]/div/div[2]/div[4]/h3/a</arg>
<doc>Clicks a link identified by ``locator``.</doc>
<msg timestamp="20220202 19:09:13.999" level="INFO">Clicking link 'xpath=//*[@id="overview"]/div/div[2]/div[4]/h3/a'.</msg>
<status status="PASS" starttime="20220202 19:09:13.998" endtime="20220202 19:09:14.912"/>
</kw>
<kw name="Element Text Should Be" library="SeleniumLibrary">
<arg>xpath=/html/body/section/div/h3</arg>
<arg>Text Input</arg>
<doc>Verifies that element ``locator`` contains exact the text ``expected``.</doc>
<msg timestamp="20220202 19:09:14.913" level="INFO">Verifying element 'xpath=/html/body/section/div/h3' contains exact text 'Text Input'.</msg>
<status status="PASS" starttime="20220202 19:09:14.913" endtime="20220202 19:09:14.933"/>
</kw>
<kw name="Element Text Should Be" library="SeleniumLibrary">
<arg>xpath=/html/body/section/div/p</arg>
<arg>Entering text with physical keyboard can be different from sending DOM events to an element. This page is specifically desined to illustrate this problem. There are cases when attempts to set a text via DOM events lead to nowhere and the only way to proceed is to emulate real keyboard input at OS level.</arg>
<doc>Verifies that element ``locator`` contains exact the text ``expected``.</doc>
<msg timestamp="20220202 19:09:14.933" level="INFO">Verifying element 'xpath=/html/body/section/div/p' contains exact text 'Entering text with physical keyboard can be different from sending DOM events to an element. This page is specifically desined to illustrate this problem. There are cases when attempts to set a text via DOM events lead to nowhere and the only way to proceed is to emulate real keyboard input at OS level.'.</msg>
<status status="PASS" starttime="20220202 19:09:14.933" endtime="20220202 19:09:14.964"/>
</kw>
<kw name="Element Text Should Be" library="SeleniumLibrary">
<arg>xpath=/html/body/section/div/h4[1]</arg>
<arg>Scenario</arg>
<doc>Verifies that element ``locator`` contains exact the text ``expected``.</doc>
<msg timestamp="20220202 19:09:14.964" level="INFO">Verifying element 'xpath=/html/body/section/div/h4[1]' contains exact text 'Scenario'.</msg>
<status status="PASS" starttime="20220202 19:09:14.964" endtime="20220202 19:09:14.996"/>
</kw>
<kw name="Element Text Should Be" library="SeleniumLibrary">
<arg>xpath=/html/body/section/div/ul/li[1]</arg>
<arg>Record setting text into the input field and pressing the button.</arg>
<doc>Verifies that element ``locator`` contains exact the text ``expected``.</doc>
<msg timestamp="20220202 19:09:14.997" level="INFO">Verifying element 'xpath=/html/body/section/div/ul/li[1]' contains exact text 'Record setting text into the input field and pressing the button.'.</msg>
<status status="PASS" starttime="20220202 19:09:14.996" endtime="20220202 19:09:15.016"/>
</kw>
<kw name="Element Text Should Be" library="SeleniumLibrary">
<arg>xpath=/html/body/section/div/ul/li[2]</arg>
<arg>Then execute your test to make sure that the button name is changing.</arg>
<doc>Verifies that element ``locator`` contains exact the text ``expected``.</doc>
<msg timestamp="20220202 19:09:15.016" level="INFO">Verifying element 'xpath=/html/body/section/div/ul/li[2]' contains exact text 'Then execute your test to make sure that the button name is changing.'.</msg>
<status status="PASS" starttime="20220202 19:09:15.016" endtime="20220202 19:09:15.031"/>
</kw>
<kw name="Element Text Should Be" library="SeleniumLibrary">
<arg>xpath=/html/body/section/div/h4[2]</arg>
<arg>Playground</arg>
<doc>Verifies that element ``locator`` contains exact the text ``expected``.</doc>
<msg timestamp="20220202 19:09:15.031" level="INFO">Verifying element 'xpath=/html/body/section/div/h4[2]' contains exact text 'Playground'.</msg>
<status status="PASS" starttime="20220202 19:09:15.031" endtime="20220202 19:09:15.047"/>
</kw>
<kw name="Element Text Should Be" library="SeleniumLibrary">
<arg>xpath=/html/body/section/div/form/div/label</arg>
<arg>Set New Button Name</arg>
<doc>Verifies that element ``locator`` contains exact the text ``expected``.</doc>
<msg timestamp="20220202 19:09:15.047" level="INFO">Verifying element 'xpath=/html/body/section/div/form/div/label' contains exact text 'Set New Button Name'.</msg>
<status status="PASS" starttime="20220202 19:09:15.047" endtime="20220202 19:09:15.078"/>
</kw>
<kw name="Input Text" library="SeleniumLibrary">
<arg>id=newButtonName</arg>
<arg>Testing Button</arg>
<doc>Types the given ``text`` into the text field identified by ``locator``.</doc>
<msg timestamp="20220202 19:09:15.078" level="INFO">Typing text 'Testing Button' into text field 'id=newButtonName'.</msg>
<status status="PASS" starttime="20220202 19:09:15.078" endtime="20220202 19:09:15.180"/>
</kw>
<kw name="Click Button" library="SeleniumLibrary">
<arg>xpath=//*[@id="updatingButton"]</arg>
<doc>Clicks the button identified by ``locator``.</doc>
<msg timestamp="20220202 19:09:15.180" level="INFO">Clicking button 'xpath=//*[@id="updatingButton"]'.</msg>
<status status="PASS" starttime="20220202 19:09:15.180" endtime="20220202 19:09:15.242"/>
</kw>
<kw name="Element Text Should Be" library="SeleniumLibrary">
<arg>xpath=//*[@id="updatingButton"]</arg>
<arg>Testing Button</arg>
<doc>Verifies that element ``locator`` contains exact the text ``expected``.</doc>
<msg timestamp="20220202 19:09:15.243" level="INFO">Verifying element 'xpath=//*[@id="updatingButton"]' contains exact text 'Testing Button'.</msg>
<status status="PASS" starttime="20220202 19:09:15.242" endtime="20220202 19:09:15.263"/>
</kw>
<kw name="Close Browser" library="SeleniumLibrary">
<doc>Closes the current browser.</doc>
<status status="PASS" starttime="20220202 19:09:15.263" endtime="20220202 19:09:17.483"/>
</kw>
<status status="PASS" starttime="20220202 19:09:04.064" endtime="20220202 19:09:17.483"/>
</kw>
<tag>UI Test</tag>
<status status="PASS" starttime="20220202 19:09:04.064" endtime="20220202 19:09:17.483"/>
</test>
<doc>This is some basic info about the whole suite</doc>
<status status="PASS" starttime="20220202 19:08:22.454" endtime="20220202 19:09:17.483"/>
</suite>
<status status="PASS" starttime="20220202 19:08:16.742" endtime="20220202 19:09:17.499"/>
</suite>
<statistics>
<total>
<stat pass="10" fail="0" skip="0">All Tests</stat>
</total>
<tag>
<stat pass="5" fail="0" skip="0">API</stat>
<stat pass="5" fail="0" skip="0">UI Test</stat>
</tag>
<suite>
<stat pass="10" fail="0" skip="0" id="s1" name="Tests">Tests</stat>
<stat pass="5" fail="0" skip="0" id="s1-s1" name="API Tests">Tests.API Tests</stat>
<stat pass="5" fail="0" skip="0" id="s1-s2" name="UI Tests">Tests.UI Tests</stat>
</suite>
</statistics>
<errors>
<msg timestamp="20220202 19:08:16.727" level="ERROR">Error in file 'C:\Development\robot-scripts\spriteCloud\tests\UI_Tests.robot' on line 4: Setting 'Documentation' is allowed only once. Only the first value is used.</msg>
</errors>
</robot>
