<?xml version="1.0" encoding="UTF-8"?>
<robot generator="Robot 4.1.3 (Python 3.10.2 on win32)" generated="20220225 11:25:09.120" rpa="false" schemaversion="2">
<suite id="s1" name="UI Tests" source="C:\Development\robot-scripts\spriteCloud\Tests\UI_Tests.robot">
<test id="s1-t1" name="Validate the UITAP tab in chrome browser">
<kw name="Click on UITAP tab in chrome browser" library="UITestingPlayground">
<tag>Functional Test</tag>
<doc>Validate that the UITAP tab is clickable and navigates to the main page</doc>
<kw name="Open Browser" library="SeleniumLibrary">
<arg>${LOGIN URL}</arg>
<arg>${BROWSER}</arg>
<doc>Opens a new browser instance to the optional ``url``.</doc>
<msg timestamp="20220225 11:25:09.433" level="INFO">Opening browser 'chrome' to base url 'http://www.uitestingplayground.com'.</msg>
<status status="PASS" starttime="20220225 11:25:09.433" endtime="20220225 11:25:15.182"/>
</kw>
<kw name="Wait Until Page Contains" library="SeleniumLibrary">
<arg>UI Test Automation Playground</arg>
<doc>Waits until ``text`` appears on the current page.</doc>
<status status="PASS" starttime="20220225 11:25:15.182" endtime="20220225 11:25:15.207"/>
</kw>
<kw name="Click Link" library="SeleniumLibrary">
<arg>xpath=/html/body/nav/a</arg>
<doc>Clicks a link identified by ``locator``.</doc>
<msg timestamp="20220225 11:25:15.207" level="INFO">Clicking link 'xpath=/html/body/nav/a'.</msg>
<status status="PASS" starttime="20220225 11:25:15.207" endtime="20220225 11:25:15.958"/>
</kw>
<kw name="Wait Until Page Contains" library="SeleniumLibrary">
<arg>UI Test Automation Playground</arg>
<doc>Waits until ``text`` appears on the current page.</doc>
<status status="PASS" starttime="20220225 11:25:15.958" endtime="20220225 11:25:15.972"/>
</kw>
<kw name="Page Should Contain Image" library="SeleniumLibrary">
<arg>xpath=//*[@id="description"]/div/div/div[2]/img</arg>
<doc>Verifies image identified by ``locator`` is found from current page.</doc>
<msg timestamp="20220225 11:25:15.998" level="INFO">Current page contains image 'xpath=//*[@id="description"]/div/div/div[2]/img'.</msg>
<status status="PASS" starttime="20220225 11:25:15.972" endtime="20220225 11:25:15.998"/>
</kw>
<kw name="Element Text Should Be" library="SeleniumLibrary">
<arg>xpath=//*[@id="citation"]/p</arg>
<arg>Quality is not an act, it is a habit.</arg>
<doc>Verifies that element ``locator`` contains exact the text ``expected``.</doc>
<msg timestamp="20220225 11:25:15.998" level="INFO">Verifying element 'xpath=//*[@id="citation"]/p' contains exact text 'Quality is not an act, it is a habit.'.</msg>
<status status="PASS" starttime="20220225 11:25:15.998" endtime="20220225 11:25:16.028"/>
</kw>
<kw name="Element Text Should Be" library="SeleniumLibrary">
<arg>xpath=//*[@id="description"]/div/div/div[1]/div/span</arg>
<arg>The purpose of this website is to provide a platform for sharpening UI test automation skills. Use it to practice with your test automation tool. Use it to learn test automation techniques.</arg>
<doc>Verifies that element ``locator`` contains exact the text ``expected``.</doc>
<msg timestamp="20220225 11:25:16.028" level="INFO">Verifying element 'xpath=//*[@id="description"]/div/div/div[1]/div/span' contains exact text 'The purpose of this website is to provide a platform for sharpening UI test automation skills. Use it to practice with your test automation tool. Use it to learn test automation techniques.'.</msg>
<status status="PASS" starttime="20220225 11:25:16.028" endtime="20220225 11:25:16.059"/>
</kw>
<kw name="Element Text Should Be" library="SeleniumLibrary">
<arg>xpath=//*[@id="description"]/div/div/div[1]/p</arg>
<arg>Different automation pitfalls appearing in modern web applications are described and emulated below.</arg>
<doc>Verifies that element ``locator`` contains exact the text ``expected``.</doc>
<msg timestamp="20220225 11:25:16.059" level="INFO">Verifying element 'xpath=//*[@id="description"]/div/div/div[1]/p' contains exact text 'Different automation pitfalls appearing in modern web applications are described and emulated below.'.</msg>
<status status="PASS" starttime="20220225 11:25:16.059" endtime="20220225 11:25:16.090"/>
</kw>
<kw name="Close Browser" library="SeleniumLibrary">
<doc>Closes the current browser.</doc>
<status status="PASS" starttime="20220225 11:25:16.090" endtime="20220225 11:25:18.302"/>
</kw>
<status status="PASS" starttime="20220225 11:25:09.433" endtime="20220225 11:25:18.302"/>
</kw>
<tag>UI Test</tag>
<status status="PASS" starttime="20220225 11:25:09.433" endtime="20220225 11:25:18.302"/>
</test>
<test id="s1-t2" name="Validate the Home tab in chrome browser">
<kw name="Click on Home tab in chrome browser" library="UITestingPlayground">
<tag>Functional Test</tag>
<doc>Validate that the Home tab is clickable and navigates to the main page</doc>
<kw name="Open Browser" library="SeleniumLibrary">
<arg>${LOGIN URL}</arg>
<arg>${BROWSER}</arg>
<doc>Opens a new browser instance to the optional ``url``.</doc>
<msg timestamp="20220225 11:25:18.302" level="INFO">Opening browser 'chrome' to base url 'http://www.uitestingplayground.com'.</msg>
<status status="PASS" starttime="20220225 11:25:18.302" endtime="20220225 11:25:25.318"/>
</kw>
<kw name="Wait Until Page Contains" library="SeleniumLibrary">
<arg>UI Test Automation Playground</arg>
<doc>Waits until ``text`` appears on the current page.</doc>
<status status="PASS" starttime="20220225 11:25:25.319" endtime="20220225 11:25:25.363"/>
</kw>
<kw name="Click Link" library="SeleniumLibrary">
<arg>xpath=//*[@id="navbarSupportedContent"]/ul/li[1]/a</arg>
<doc>Clicks a link identified by ``locator``.</doc>
<msg timestamp="20220225 11:25:25.364" level="INFO">Clicking link 'xpath=//*[@id="navbarSupportedContent"]/ul/li[1]/a'.</msg>
<status status="PASS" starttime="20220225 11:25:25.363" endtime="20220225 11:25:26.262"/>
</kw>
<kw name="Wait Until Page Contains" library="SeleniumLibrary">
<arg>UI Test Automation Playground</arg>
<doc>Waits until ``text`` appears on the current page.</doc>
<status status="PASS" starttime="20220225 11:25:26.263" endtime="20220225 11:25:26.277"/>
</kw>
<kw name="Page Should Contain Image" library="SeleniumLibrary">
<arg>xpath=//*[@id="description"]/div/div/div[2]/img</arg>
<doc>Verifies image identified by ``locator`` is found from current page.</doc>
<msg timestamp="20220225 11:25:26.296" level="INFO">Current page contains image 'xpath=//*[@id="description"]/div/div/div[2]/img'.</msg>
<status status="PASS" starttime="20220225 11:25:26.277" endtime="20220225 11:25:26.296"/>
</kw>
<kw name="Element Text Should Be" library="SeleniumLibrary">
<arg>xpath=//*[@id="citation"]/p</arg>
<arg>Quality is not an act, it is a habit.</arg>
<doc>Verifies that element ``locator`` contains exact the text ``expected``.</doc>
<msg timestamp="20220225 11:25:26.297" level="INFO">Verifying element 'xpath=//*[@id="citation"]/p' contains exact text 'Quality is not an act, it is a habit.'.</msg>
<status status="PASS" starttime="20220225 11:25:26.296" endtime="20220225 11:25:26.318"/>
</kw>
<kw name="Element Text Should Be" library="SeleniumLibrary">
<arg>xpath=//*[@id="description"]/div/div/div[1]/div/span</arg>
<arg>The purpose of this website is to provide a platform for sharpening UI test automation skills. Use it to practice with your test automation tool. Use it to learn test automation techniques.</arg>
<doc>Verifies that element ``locator`` contains exact the text ``expected``.</doc>
<msg timestamp="20220225 11:25:26.319" level="INFO">Verifying element 'xpath=//*[@id="description"]/div/div/div[1]/div/span' contains exact text 'The purpose of this website is to provide a platform for sharpening UI test automation skills. Use it to practice with your test automation tool. Use it to learn test automation techniques.'.</msg>
<status status="PASS" starttime="20220225 11:25:26.319" endtime="20220225 11:25:26.340"/>
</kw>
<kw name="Element Text Should Be" library="SeleniumLibrary">
<arg>xpath=//*[@id="description"]/div/div/div[1]/p</arg>
<arg>Different automation pitfalls appearing in modern web applications are described and emulated below.</arg>
<doc>Verifies that element ``locator`` contains exact the text ``expected``.</doc>
<msg timestamp="20220225 11:25:26.340" level="INFO">Verifying element 'xpath=//*[@id="description"]/div/div/div[1]/p' contains exact text 'Different automation pitfalls appearing in modern web applications are described and emulated below.'.</msg>
<status status="PASS" starttime="20220225 11:25:26.340" endtime="20220225 11:25:26.355"/>
</kw>
<kw name="Close Browser" library="SeleniumLibrary">
<doc>Closes the current browser.</doc>
<status status="PASS" starttime="20220225 11:25:26.355" endtime="20220225 11:25:28.551"/>
</kw>
<status status="PASS" starttime="20220225 11:25:18.302" endtime="20220225 11:25:28.551"/>
</kw>
<tag>UI Test</tag>
<status status="PASS" starttime="20220225 11:25:18.302" endtime="20220225 11:25:28.551"/>
</test>
<test id="s1-t3" name="Validate the Resource tab in chrome browser">
<kw name="Click on Resources tab in chrome browser" library="UITestingPlayground">
<tag>Functional Test</tag>
<doc>Validate that the Resources tab is clickable and navigates to the resource page</doc>
<kw name="Open Browser" library="SeleniumLibrary">
<arg>${LOGIN URL}</arg>
<arg>${BROWSER}</arg>
<doc>Opens a new browser instance to the optional ``url``.</doc>
<msg timestamp="20220225 11:25:28.551" level="INFO">Opening browser 'chrome' to base url 'http://www.uitestingplayground.com'.</msg>
<status status="PASS" starttime="20220225 11:25:28.551" endtime="20220225 11:25:34.523"/>
</kw>
<kw name="Wait Until Page Contains" library="SeleniumLibrary">
<arg>UI Test Automation</arg>
<doc>Waits until ``text`` appears on the current page.</doc>
<status status="PASS" starttime="20220225 11:25:34.523" endtime="20220225 11:25:34.549"/>
</kw>
<kw name="Click Link" library="SeleniumLibrary">
<arg>xpath=//*[@id="navbarSupportedContent"]/ul/li[2]/a</arg>
<doc>Clicks a link identified by ``locator``.</doc>
<msg timestamp="20220225 11:25:34.549" level="INFO">Clicking link 'xpath=//*[@id="navbarSupportedContent"]/ul/li[2]/a'.</msg>
<status status="PASS" starttime="20220225 11:25:34.549" endtime="20220225 11:25:35.477"/>
</kw>
<kw name="Wait Until Page Contains" library="SeleniumLibrary">
<arg>Resources</arg>
<doc>Waits until ``text`` appears on the current page.</doc>
<status status="PASS" starttime="20220225 11:25:35.477" endtime="20220225 11:25:35.495"/>
</kw>
<kw name="Element Text Should Be" library="SeleniumLibrary">
<arg>xpath=/html/body/section/div/h3</arg>
<arg>Resources</arg>
<doc>Verifies that element ``locator`` contains exact the text ``expected``.</doc>
<msg timestamp="20220225 11:25:35.496" level="INFO">Verifying element 'xpath=/html/body/section/div/h3' contains exact text 'Resources'.</msg>
<status status="PASS" starttime="20220225 11:25:35.495" endtime="20220225 11:25:35.505"/>
</kw>
<kw name="Element Text Should Be" library="SeleniumLibrary">
<arg>xpath=/html/body/section/div/h4[1]</arg>
<arg>Learning</arg>
<doc>Verifies that element ``locator`` contains exact the text ``expected``.</doc>
<msg timestamp="20220225 11:25:35.521" level="INFO">Verifying element 'xpath=/html/body/section/div/h4[1]' contains exact text 'Learning'.</msg>
<status status="PASS" starttime="20220225 11:25:35.505" endtime="20220225 11:25:35.537"/>
</kw>
<kw name="Element Text Should Be" library="SeleniumLibrary">
<arg>xpath=/html/body/section/div/h4[2]</arg>
<arg>Standards</arg>
<doc>Verifies that element ``locator`` contains exact the text ``expected``.</doc>
<msg timestamp="20220225 11:25:35.537" level="INFO">Verifying element 'xpath=/html/body/section/div/h4[2]' contains exact text 'Standards'.</msg>
<status status="PASS" starttime="20220225 11:25:35.537" endtime="20220225 11:25:35.566"/>
</kw>
<kw name="Element Text Should Be" library="SeleniumLibrary">
<arg>xpath=/html/body/section/div/h4[3]</arg>
<arg>Articles</arg>
<doc>Verifies that element ``locator`` contains exact the text ``expected``.</doc>
<msg timestamp="20220225 11:25:35.567" level="INFO">Verifying element 'xpath=/html/body/section/div/h4[3]' contains exact text 'Articles'.</msg>
<status status="PASS" starttime="20220225 11:25:35.566" endtime="20220225 11:25:35.586"/>
</kw>
<kw name="Element Text Should Be" library="SeleniumLibrary">
<arg>xpath=/html/body/section/div/h4[4]</arg>
<arg>Community</arg>
<doc>Verifies that element ``locator`` contains exact the text ``expected``.</doc>
<msg timestamp="20220225 11:25:35.586" level="INFO">Verifying element 'xpath=/html/body/section/div/h4[4]' contains exact text 'Community'.</msg>
<status status="PASS" starttime="20220225 11:25:35.586" endtime="20220225 11:25:35.603"/>
</kw>
<kw name="Close Browser" library="SeleniumLibrary">
<doc>Closes the current browser.</doc>
<status status="PASS" starttime="20220225 11:25:35.603" endtime="20220225 11:25:37.863"/>
</kw>
<status status="PASS" starttime="20220225 11:25:28.551" endtime="20220225 11:25:37.864"/>
</kw>
<tag>UI Test</tag>
<status status="PASS" starttime="20220225 11:25:28.551" endtime="20220225 11:25:37.864"/>
</test>
<test id="s1-t4" name="Validate the Dynamic ID link">
<kw name="Validate Dymanic ID link" library="UITestingPlayground">
<tag>Functional Test</tag>
<doc>Validate that the Dynamic ID link is clickable, that it navigates to the Dynamic ID page and that the button is clickable</doc>
<kw name="Open Browser" library="SeleniumLibrary">
<arg>${LOGIN URL}</arg>
<arg>${BROWSER}</arg>
<doc>Opens a new browser instance to the optional ``url``.</doc>
<msg timestamp="20220225 11:25:37.867" level="INFO">Opening browser 'chrome' to base url 'http://www.uitestingplayground.com'.</msg>
<status status="PASS" starttime="20220225 11:25:37.867" endtime="20220225 11:25:42.664"/>
</kw>
<kw name="Wait Until Page Contains" library="SeleniumLibrary">
<arg>UI Test Automation Playground</arg>
<doc>Waits until ``text`` appears on the current page.</doc>
<status status="PASS" starttime="20220225 11:25:42.665" endtime="20220225 11:25:42.707"/>
</kw>
<kw name="Element Text Should Be" library="SeleniumLibrary">
<arg>xpath=//*[@id="overview"]/div/div[1]/div[1]/h3/a</arg>
<arg>Dynamic ID</arg>
<doc>Verifies that element ``locator`` contains exact the text ``expected``.</doc>
<msg timestamp="20220225 11:25:42.707" level="INFO">Verifying element 'xpath=//*[@id="overview"]/div/div[1]/div[1]/h3/a' contains exact text 'Dynamic ID'.</msg>
<status status="PASS" starttime="20220225 11:25:42.707" endtime="20220225 11:25:42.736"/>
</kw>
<kw name="Element Text Should Be" library="SeleniumLibrary">
<arg>xpath=//*[@id="overview"]/div/div[1]/div[1]/p</arg>
<arg>Make sure you are not recording dynamic IDs of elements</arg>
<doc>Verifies that element ``locator`` contains exact the text ``expected``.</doc>
<msg timestamp="20220225 11:25:42.736" level="INFO">Verifying element 'xpath=//*[@id="overview"]/div/div[1]/div[1]/p' contains exact text 'Make sure you are not recording dynamic IDs of elements'.</msg>
<status status="PASS" starttime="20220225 11:25:42.736" endtime="20220225 11:25:42.752"/>
</kw>
<kw name="Click Link" library="SeleniumLibrary">
<arg>xpath=//*[@id="overview"]/div/div[1]/div[1]/h3/a</arg>
<doc>Clicks a link identified by ``locator``.</doc>
<msg timestamp="20220225 11:25:42.768" level="INFO">Clicking link 'xpath=//*[@id="overview"]/div/div[1]/div[1]/h3/a'.</msg>
<status status="PASS" starttime="20220225 11:25:42.752" endtime="20220225 11:25:43.646"/>
</kw>
<kw name="Wait Until Page Contains" library="SeleniumLibrary">
<arg>Dynamic ID</arg>
<doc>Waits until ``text`` appears on the current page.</doc>
<status status="PASS" starttime="20220225 11:25:43.646" endtime="20220225 11:25:43.667"/>
</kw>
<kw name="Element Text Should Be" library="SeleniumLibrary">
<arg>xpath=/html/body/section/div/h3</arg>
<arg>Dynamic ID</arg>
<doc>Verifies that element ``locator`` contains exact the text ``expected``.</doc>
<msg timestamp="20220225 11:25:43.668" level="INFO">Verifying element 'xpath=/html/body/section/div/h3' contains exact text 'Dynamic ID'.</msg>
<status status="PASS" starttime="20220225 11:25:43.667" endtime="20220225 11:25:43.686"/>
</kw>
<kw name="Element Text Should Be" library="SeleniumLibrary">
<arg>xpath=/html/body/section/div/p</arg>
<arg>Modern applications often generate dynamic IDs for elements. In this case ID is not a reliable attribute for using in element selector. By default many UI automation tools record IDs and this results in tests broken from the very beginning. An automation tool needs a way to instruct it to skip dynamic IDs when XPath is generated for an element.</arg>
<doc>Verifies that element ``locator`` contains exact the text ``expected``.</doc>
<msg timestamp="20220225 11:25:43.686" level="INFO">Verifying element 'xpath=/html/body/section/div/p' contains exact text 'Modern applications often generate dynamic IDs for elements. In this case ID is not a reliable attribute for using in element selector. By default many UI automation tools record IDs and this results in tests broken from the very beginning. An automation tool needs a way to instruct it to skip dynamic IDs when XPath is generated for an element.'.</msg>
<status status="PASS" starttime="20220225 11:25:43.686" endtime="20220225 11:25:43.720"/>
</kw>
<kw name="Element Text Should Be" library="SeleniumLibrary">
<arg>xpath=/html/body/section/div/h4[1]</arg>
<arg>Scenario</arg>
<doc>Verifies that element ``locator`` contains exact the text ``expected``.</doc>
<msg timestamp="20220225 11:25:43.721" level="INFO">Verifying element 'xpath=/html/body/section/div/h4[1]' contains exact text 'Scenario'.</msg>
<status status="PASS" starttime="20220225 11:25:43.720" endtime="20220225 11:25:43.739"/>
</kw>
<kw name="Element Text Should Be" library="SeleniumLibrary">
<arg>xpath=/html/body/section/div/ul/li[1]</arg>
<arg>Record button click.</arg>
<doc>Verifies that element ``locator`` contains exact the text ``expected``.</doc>
<msg timestamp="20220225 11:25:43.740" level="INFO">Verifying element 'xpath=/html/body/section/div/ul/li[1]' contains exact text 'Record button click.'.</msg>
<status status="PASS" starttime="20220225 11:25:43.739" endtime="20220225 11:25:43.753"/>
</kw>
<kw name="Element Text Should Be" library="SeleniumLibrary">
<arg>xpath=/html/body/section/div/ul/li[2]</arg>
<arg>Then execute your test to make sure that ID is not used for button identification.</arg>
<doc>Verifies that element ``locator`` contains exact the text ``expected``.</doc>
<msg timestamp="20220225 11:25:43.753" level="INFO">Verifying element 'xpath=/html/body/section/div/ul/li[2]' contains exact text 'Then execute your test to make sure that ID is not used for button identification.'.</msg>
<status status="PASS" starttime="20220225 11:25:43.753" endtime="20220225 11:25:43.768"/>
</kw>
<kw name="Element Text Should Be" library="SeleniumLibrary">
<arg>xpath=/html/body/section/div/h4[2]</arg>
<arg>Playground</arg>
<doc>Verifies that element ``locator`` contains exact the text ``expected``.</doc>
<msg timestamp="20220225 11:25:43.768" level="INFO">Verifying element 'xpath=/html/body/section/div/h4[2]' contains exact text 'Playground'.</msg>
<status status="PASS" starttime="20220225 11:25:43.768" endtime="20220225 11:25:43.784"/>
</kw>
<kw name="Click Button" library="SeleniumLibrary">
<arg>Button with Dynamic ID</arg>
<doc>Clicks the button identified by ``locator``.</doc>
<msg timestamp="20220225 11:25:43.784" level="INFO">Clicking button 'Button with Dynamic ID'.</msg>
<status status="PASS" starttime="20220225 11:25:43.784" endtime="20220225 11:25:43.847"/>
</kw>
<kw name="Close Browser" library="SeleniumLibrary">
<doc>Closes the current browser.</doc>
<status status="PASS" starttime="20220225 11:25:43.847" endtime="20220225 11:25:46.030"/>
</kw>
<status status="PASS" starttime="20220225 11:25:37.867" endtime="20220225 11:25:46.030"/>
</kw>
<tag>UI Test</tag>
<status status="PASS" starttime="20220225 11:25:37.866" endtime="20220225 11:25:46.030"/>
</test>
<test id="s1-t5" name="Validate the Text Input link">
<kw name="Validate Text Input link" library="UITestingPlayground">
<tag>Functional Test</tag>
<doc>Validate that the Text Input link is clickable, that it navigates to the Text Input page and that the button text can be changed to something new</doc>
<kw name="Open Browser" library="SeleniumLibrary">
<arg>${LOGIN URL}</arg>
<arg>${BROWSER}</arg>
<doc>Opens a new browser instance to the optional ``url``.</doc>
<msg timestamp="20220225 11:25:46.030" level="INFO">Opening browser 'chrome' to base url 'http://www.uitestingplayground.com'.</msg>
<status status="PASS" starttime="20220225 11:25:46.030" endtime="20220225 11:25:51.583"/>
</kw>
<kw name="Wait Until Page Contains" library="SeleniumLibrary">
<arg>UI Test Automation Playground</arg>
<doc>Waits until ``text`` appears on the current page.</doc>
<status status="PASS" starttime="20220225 11:25:51.584" endtime="20220225 11:25:51.614"/>
</kw>
<kw name="Element Text Should Be" library="SeleniumLibrary">
<arg>xpath=//*[@id="overview"]/div/div[2]/div[4]/h3/a</arg>
<arg>Text Input</arg>
<doc>Verifies that element ``locator`` contains exact the text ``expected``.</doc>
<msg timestamp="20220225 11:25:51.614" level="INFO">Verifying element 'xpath=//*[@id="overview"]/div/div[2]/div[4]/h3/a' contains exact text 'Text Input'.</msg>
<status status="PASS" starttime="20220225 11:25:51.614" endtime="20220225 11:25:51.635"/>
</kw>
<kw name="Element Text Should Be" library="SeleniumLibrary">
<arg>xpath=//*[@id="overview"]/div/div[2]/div[4]/p</arg>
<arg>Entering text into an edit field may not have effect</arg>
<doc>Verifies that element ``locator`` contains exact the text ``expected``.</doc>
<msg timestamp="20220225 11:25:51.635" level="INFO">Verifying element 'xpath=//*[@id="overview"]/div/div[2]/div[4]/p' contains exact text 'Entering text into an edit field may not have effect'.</msg>
<status status="PASS" starttime="20220225 11:25:51.635" endtime="20220225 11:25:51.666"/>
</kw>
<kw name="Click Link" library="SeleniumLibrary">
<arg>xpath=//*[@id="overview"]/div/div[2]/div[4]/h3/a</arg>
<doc>Clicks a link identified by ``locator``.</doc>
<msg timestamp="20220225 11:25:51.666" level="INFO">Clicking link 'xpath=//*[@id="overview"]/div/div[2]/div[4]/h3/a'.</msg>
<status status="PASS" starttime="20220225 11:25:51.666" endtime="20220225 11:25:52.299"/>
</kw>
<kw name="Element Text Should Be" library="SeleniumLibrary">
<arg>xpath=/html/body/section/div/h3</arg>
<arg>Text Input</arg>
<doc>Verifies that element ``locator`` contains exact the text ``expected``.</doc>
<msg timestamp="20220225 11:25:52.300" level="INFO">Verifying element 'xpath=/html/body/section/div/h3' contains exact text 'Text Input'.</msg>
<status status="PASS" starttime="20220225 11:25:52.299" endtime="20220225 11:25:52.345"/>
</kw>
<kw name="Element Text Should Be" library="SeleniumLibrary">
<arg>xpath=/html/body/section/div/p</arg>
<arg>Entering text with physical keyboard can be different from sending DOM events to an element. This page is specifically desined to illustrate this problem. There are cases when attempts to set a text via DOM events lead to nowhere and the only way to proceed is to emulate real keyboard input at OS level.</arg>
<doc>Verifies that element ``locator`` contains exact the text ``expected``.</doc>
<msg timestamp="20220225 11:25:52.345" level="INFO">Verifying element 'xpath=/html/body/section/div/p' contains exact text 'Entering text with physical keyboard can be different from sending DOM events to an element. This page is specifically desined to illustrate this problem. There are cases when attempts to set a text via DOM events lead to nowhere and the only way to proceed is to emulate real keyboard input at OS level.'.</msg>
<status status="PASS" starttime="20220225 11:25:52.345" endtime="20220225 11:25:52.368"/>
</kw>
<kw name="Element Text Should Be" library="SeleniumLibrary">
<arg>xpath=/html/body/section/div/h4[1]</arg>
<arg>Scenario</arg>
<doc>Verifies that element ``locator`` contains exact the text ``expected``.</doc>
<msg timestamp="20220225 11:25:52.368" level="INFO">Verifying element 'xpath=/html/body/section/div/h4[1]' contains exact text 'Scenario'.</msg>
<status status="PASS" starttime="20220225 11:25:52.368" endtime="20220225 11:25:52.399"/>
</kw>
<kw name="Element Text Should Be" library="SeleniumLibrary">
<arg>xpath=/html/body/section/div/ul/li[1]</arg>
<arg>Record setting text into the input field and pressing the button.</arg>
<doc>Verifies that element ``locator`` contains exact the text ``expected``.</doc>
<msg timestamp="20220225 11:25:52.399" level="INFO">Verifying element 'xpath=/html/body/section/div/ul/li[1]' contains exact text 'Record setting text into the input field and pressing the button.'.</msg>
<status status="PASS" starttime="20220225 11:25:52.399" endtime="20220225 11:25:52.414"/>
</kw>
<kw name="Element Text Should Be" library="SeleniumLibrary">
<arg>xpath=/html/body/section/div/ul/li[2]</arg>
<arg>Then execute your test to make sure that the button name is changing.</arg>
<doc>Verifies that element ``locator`` contains exact the text ``expected``.</doc>
<msg timestamp="20220225 11:25:52.414" level="INFO">Verifying element 'xpath=/html/body/section/div/ul/li[2]' contains exact text 'Then execute your test to make sure that the button name is changing.'.</msg>
<status status="PASS" starttime="20220225 11:25:52.414" endtime="20220225 11:25:52.446"/>
</kw>
<kw name="Element Text Should Be" library="SeleniumLibrary">
<arg>xpath=/html/body/section/div/h4[2]</arg>
<arg>Playground</arg>
<doc>Verifies that element ``locator`` contains exact the text ``expected``.</doc>
<msg timestamp="20220225 11:25:52.446" level="INFO">Verifying element 'xpath=/html/body/section/div/h4[2]' contains exact text 'Playground'.</msg>
<status status="PASS" starttime="20220225 11:25:52.446" endtime="20220225 11:25:52.461"/>
</kw>
<kw name="Element Text Should Be" library="SeleniumLibrary">
<arg>xpath=/html/body/section/div/form/div/label</arg>
<arg>Set New Button Name</arg>
<doc>Verifies that element ``locator`` contains exact the text ``expected``.</doc>
<msg timestamp="20220225 11:25:52.461" level="INFO">Verifying element 'xpath=/html/body/section/div/form/div/label' contains exact text 'Set New Button Name'.</msg>
<status status="PASS" starttime="20220225 11:25:52.461" endtime="20220225 11:25:52.493"/>
</kw>
<kw name="Input Text" library="SeleniumLibrary">
<arg>id=newButtonName</arg>
<arg>Testing Button</arg>
<doc>Types the given ``text`` into the text field identified by ``locator``.</doc>
<msg timestamp="20220225 11:25:52.493" level="INFO">Typing text 'Testing Button' into text field 'id=newButtonName'.</msg>
<status status="PASS" starttime="20220225 11:25:52.493" endtime="20220225 11:25:52.595"/>
</kw>
<kw name="Click Button" library="SeleniumLibrary">
<arg>xpath=//*[@id="updatingButton"]</arg>
<doc>Clicks the button identified by ``locator``.</doc>
<msg timestamp="20220225 11:25:52.595" level="INFO">Clicking button 'xpath=//*[@id="updatingButton"]'.</msg>
<status status="PASS" starttime="20220225 11:25:52.595" endtime="20220225 11:25:52.659"/>
</kw>
<kw name="Element Text Should Be" library="SeleniumLibrary">
<arg>xpath=//*[@id="updatingButton"]</arg>
<arg>Testing Button</arg>
<doc>Verifies that element ``locator`` contains exact the text ``expected``.</doc>
<msg timestamp="20220225 11:25:52.659" level="INFO">Verifying element 'xpath=//*[@id="updatingButton"]' contains exact text 'Testing Button'.</msg>
<status status="PASS" starttime="20220225 11:25:52.659" endtime="20220225 11:25:52.680"/>
</kw>
<kw name="Close Browser" library="SeleniumLibrary">
<doc>Closes the current browser.</doc>
<status status="PASS" starttime="20220225 11:25:52.680" endtime="20220225 11:25:54.880"/>
</kw>
<status status="PASS" starttime="20220225 11:25:46.030" endtime="20220225 11:25:54.880"/>
</kw>
<tag>UI Test</tag>
<status status="PASS" starttime="20220225 11:25:46.030" endtime="20220225 11:25:54.880"/>
</test>
<doc>This is some basic info about the whole suite</doc>
<status status="PASS" starttime="20220225 11:25:09.120" endtime="20220225 11:25:54.880"/>
</suite>
<statistics>
<total>
<stat pass="5" fail="0" skip="0">All Tests</stat>
</total>
<tag>
<stat pass="5" fail="0" skip="0">UI Test</stat>
</tag>
<suite>
<stat pass="5" fail="0" skip="0" id="s1" name="UI Tests">UI Tests</stat>
</suite>
</statistics>
<errors>
</errors>
</robot>
