<?xml version="1.0" encoding="UTF-8"?>
<robot generator="Robot 4.1.3 (Python 3.10.2 on win32)" generated="20220201 16:00:31.089" rpa="false" schemaversion="2">
<suite id="s1" name="Tests" source="C:\Development\robot-scripts\spriteCloud\tests">
<suite id="s1-s1" name="API Tests" source="C:\Development\robot-scripts\spriteCloud\tests\API_Tests.robot">
<test id="s1-s1-t1" name="Get all available pets in the Petstore">
<kw name="Available Pets" library="Petstore">
<kw name="GET" library="RequestsLibrary">
<var>${response}</var>
<arg>url=${url}/pet/findByStatus?status=available</arg>
<doc>Sends a GET request.</doc>
<msg timestamp="20220201 16:00:32.979" level="INFO">GET Request : url=https://petstore.swagger.io/v2/pet/findByStatus?status=available 
 path_url=/v2/pet/findByStatus?status=available 
 headers={'User-Agent': 'python-requests/2.27.1', 'Accept-Encoding': 'gzip, deflate', 'Accept': '*/*', 'Connection': 'keep-alive'} 
 body=None 
 </msg>
<msg timestamp="20220201 16:00:32.979" level="INFO">GET Response : url=https://petstore.swagger.io/v2/pet/findByStatus?status=available 
 status=200, reason=OK 
 headers={'Date': 'Tue, 01 Feb 2022 14:00:32 GMT', 'Content-Type': 'application/json', 'Transfer-Encoding': 'chunked', 'Connection': 'keep-alive', 'Access-Control-Allow-Origin': '*', 'Access-Control-Allow-Methods': 'GET, POST, DELETE, PUT', 'Access-Control-Allow-Headers': 'Content-Type, api_key, Authorization', 'Server': 'Jetty(9.2.9.v20150224)'} 
 body=[{"id":9223372000001087306,"category":{"id":0,"name":"string"},"name":"doggie","photoUrls":["string"],"tags":[{"id":0,"name":"string"}],"status":"available"},{"id":9223372000001087307,"category":{"id":0,"name":"string"},"name":"doggie","photoUrls":["string"],"tags":[{"id":0,"name":"string"}],"status":"available"},{"id":9223372000001087308,"category":{"id":0,"name":"string"},"name":"doggie","photoUrls":["string"],"tags":[{"id":0,"name":"string"}],"status":"available"},{"id":9223372000001087309,"category":{"id":0,"name":"string"},"name":"fish","photoUrls":["string"],"tags":[{"id":0,"name":"string"}],"status":"available"},{"id":9223372000001087318,"category":{"id":0,"name":"string"},"name":"fish","photoUrls":["string"],"tags":[{"id":0,"name":"string"}],"status":"available"},{"id":9223372000001087320,"category":{"id":93785,"name":"crocodilia"},"name":"crocodilia","photoUrls":["string"],"tags":[{"id":93785,"name":"crocodilia"}],"status":"available"},{"id":9223372000001087322,"category":{"id":0,"name":"string"},"name":"test","photoUrls":["string"],"tags":[{"id":0,"name":"string"}],"status":"available"},{"id":9223372000001087323,"category":{"id":0,"name":"string"},"name":"test","photoUrls":["string"],"tags":[{"id":0,"name":"string"}],"status":"available"},{"id":9223372000001087324,"category":{"id":0,"name":"string"},"name":"test","photoUrls":["string"],"tags":[{"id":0,"name":"string"}],"status":"available"},{"id":9223372000001087325,"category":{"id":0,"name":"string"},"name":"doggie","photoUrls":["string"],"tags":[{"id":0,"name":"string"}],"status":"available"},{"id":9223372000001087326,"category":{"id":0,"name":"string"},"name":"doggie","photoUrls":["string"],"tags":[{"id":0,"name":"string"}],"status":"available"},{"id":9223372000001087327,"category":{"id":0,"name":"string"},"name":"doggie","photoUrls":["string"],"tags":[{"id":0,"name":"string"}],"status":"available"},{"id":9223372000001087329,"category":{"id":0,"name":"string"},"name":"doggie","photoUrls":["string"],"tags":[{"id":0,"name":"string"}],"status":"available"},{"id":9223372000001087330,"category":{"id":0,"name":"string"},"name":"Puff","photoUrls":["string"],"tags":[{"id":0,"name":"string"}],"status":"available"},{"id":195,"name":"Tierra","photoUrls":[],"tags":[],"status":"available"},{"id":9223372000001087331,"category":{"id":0,"name":"string"},"name":"doggie","photoUrls":["string"],"tags":[{"id":0,"name":"string"}],"status":"available"},{"id":9223372000001087332,"category":{"id":0,"name":"string"},"name":"doggie","photoUrls":["string"],"tags":[{"id":0,"name":"string"}],"status":"available"},{"id":9223372000001087333,"category":{"id":0,"name":"string"},"name":"fish","photoUrls":["string"],"tags":[{"id":0,"name":"string"}],"status":"available"},{"id":9223372000001087334,"category":{"id":0,"name":"string"},"name":"doggie","photoUrls":["string"],"tags":[{"id":0,"name":"string"}],"status":"available"},{"id":9223372000001087335,"category":{"id":0,"name":"string"},"name":"doggie","photoUrls":["string"],"tags":[{"id":0,"name":"string"}],"status":"available"},{"id":9223372000001087336,"category":{"id":0,"name":"string"},"name":"doggie","photoUrls":["string"],"tags":[{"id":0,"name":"string"}],"status":"available"},{"id":9223372000001087337,"category":{"id":0,"name":"string"},"name":"fish","photoUrls":["string"],"tags":[{"id":0,"name":"string"}],"status":"available"},{"id":9223372000001087345,"category":{"id":0,"name":"string"},"name":"fish","photoUrls":["string"],"tags":[{"id":0,"name":"string"}],"status":"available"},{"id":9223372000001087347,"category":{"id":0,"name":"string"},"name":"doggie","photoUrls":["string"],"tags":[{"id":0,"name":"string"}],"status":"available"},{"id":9223372000001087352,"category":{"id":0,"name":"string"},"name":"doggie","photoUrls":["string"],"tags":[{"id":0,"name":"string"}],"status":"available"},{"id":9223372000001087353,"category":{"id":0,"name":"string"},"name":"doggie","photoUrls":["string"],"tags":[{"id":0,"name":"string"}],"status":"available"},{"id":9223372000001087354,"category":{"id":0,"name":"string"},"name":"doggie","photoUrls":["string"],"tags":[{"id":0,"name":"string"}],"status":"available"},{"id":9223372000001087355,"category":{"id":0,"name":"string"},"name":"doggie","photoUrls":["string"],"tags":[{"id":0,"name":"string"}],"status":"available"},{"id":9223372000001087356,"category":{"id":0,"name":"string"},"name":"doggie","photoUrls":["string"],"tags":[{"id":0,"name":"string"}],"status":"available"},{"id":9223372000001087357,"category":{"id":0,"name":"string"},"name":"doggie","photoUrls":["string"],"tags":[{"id":0,"name":"string"}],"status":"available"},{"id":9223372000001087358,"category":{"id":0,"name":"string"},"name":"doggie","photoUrls":["string"],"tags":[{"id":0,"name":"string"}],"status":"available"},{"id":9223372000001087359,"category":{"id":0,"name":"string"},"name":"fish","photoUrls":["string"],"tags":[{"id":0,"name":"string"}],"status":"available"},{"id":9223372000001087360,"category":{"id":0,"name":"string"},"name":"fish","photoUrls":["string"],"tags":[{"id":0,"name":"string"}],"status":"available"},{"id":9223372000001087373,"category":{"id":0,"name":"string"},"name":"doggie","photoUrls":["string"],"tags":[{"id":0,"name":"string"}],"status":"available"},{"id":9223372000001087374,"category":{"id":0,"name":"string"},"name":"doggie","photoUrls":["string"],"tags":[{"id":0,"name":"string"}],"status":"available"},{"id":9223372000001087375,"category":{"id":0,"name":"string"},"name":"doggie","photoUrls":["string"],"tags":[{"id":0,"name":"string"}],"status":"available"},{"id":9223372000001087376,"category":{"id":0,"name":"string"},"name":"doggie","photoUrls":["string"],"tags":[{"id":0,"name":"string"}],"status":"available"},{"id":9223372000001087377,"category":{"id":0,"name":"string"},"name":"doggie","photoUrls":["string"],"tags":[{"id":0,"name":"string"}],"status":"available"},{"id":9223372000001087379,"category":{"id":0,"name":"string"},"name":"doggie","photoUrls":["string"],"tags":[{"id":0,"name":"string"}],"status":"available"},{"id":9223372000001087380,"category":{"id":0,"name":"string"},"name":"doggie","photoUrls":["string"],"tags":[{"id":0,"name":"string"}],"status":"available"},{"id":9223372000001087381,"category":{"id":0,"name":"string"},"name":"doggie","photoUrls":["string"],"tags":[{"id":0,"name":"string"}],"status":"available"},{"id":9223372000001087382,"category":{"id":0,"name":"string"},"name":"doggie","photoUrls":["string"],"tags":[{"id":0,"name":"string"}],"status":"available"},{"id":9223372000001087383,"category":{"id":0,"name":"string"},"name":"fish","photoUrls":["string"],"tags":[{"id":0,"name":"string"}],"status":"available"},{"id":9223372000001087385,"category":{"id":0,"name":"string"},"name":"doggie","photoUrls":["string"],"tags":[{"id":0,"name":"string"}],"status":"available"},{"id":9223372000001087386,"category":{"id":0,"name":"string"},"name":"doggie","photoUrls":["string"],"tags":[{"id":0,"name":"string"}],"status":"available"},{"id":9223372000001087387,"category":{"id":0,"name":"string"},"name":"doggie","photoUrls":["string"],"tags":[{"id":0,"name":"string"}],"status":"available"},{"id":9223372000001087393,"category":{"id":0,"name":"string"},"name":"fish","photoUrls":["string"],"tags":[{"id":0,"name":"string"}],"status":"available"},{"id":9223372000001087394,"category":{"id":0,"name":"string"},"name":"fish","photoUrls":["string"],"tags":[{"id":0,"name":"string"}],"status":"available"},{"id":9223372000001087404,"category":{"id":0,"name":"string"},"name":"doggie","photoUrls":["string"],"tags":[{"id":0,"name":"string"}],"status":"available"},{"id":9223372000001087405,"category":{"id":0,"name":"string"},"name":"doggie","photoUrls":["string"],"tags":[{"id":0,"name":"string"}],"status":"available"},{"id":9223372000001087406,"category":{"id":0,"name":"string"},"name":"doggie","photoUrls":["string"],"tags":[{"id":0,"name":"string"}],"status":"available"},{"id":9223372000001087407,"category":{"id":0,"name":"string"},"name":"doggie","photoUrls":["string"],"tags":[{"id":0,"name":"string"}],"status":"available"},{"id":9223372000001087408,"category":{"id":0,"name":"string"},"name":"doggie","photoUrls":["string"],"tags":[{"id":0,"name":"string"}],"status":"available"},{"id":9223372000001087409,"category":{"id":0,"name":"string"},"name":"doggie","photoUrls":["string"],"tags":[{"id":0,"name":"string"}],"status":"available"},{"id":9223372000001087410,"category":{"id":0,"name":"string"},"name":"doggie","photoUrls":["string"],"tags":[{"id":0,"name":"string"}],"status":"available"},{"id":9223372000001087411,"category":{"id":0,"name":"string"},"name":"doggie","photoUrls":["string"],"tags":[{"id":0,"name":"string"}],"status":"available"},{"id":9223372000001087412,"category":{"id":0,"name":"string"},"name":"doggie","photoUrls":["string"],"tags":[{"id":0,"name":"string"}],"status":"available"},{"id":9223372000001087413,"category":{"id":0,"name":"string"},"name":"doggie","photoUrls":["string"],"tags":[{"id":0,"name":"string"}],"status":"available"},{"id":9223372000001087414,"category":{"id":0,"name":"string"},"name":"doggie","photoUrls":["string"],"tags":[{"id":0,"name":"string"}],"status":"available"},{"id":9223372000001087416,"category":{"id":0,"name":"string"},"name":"Puff","photoUrls":["string"],"tags":[{"id":0,"name":"string"}],"status":"available"},{"id":9223372000001087417,"category":{"id":0,"name":"string"},"name":"fish","photoUrls":["string"],"tags":[{"id":0,"name":"string"}],"status":"available"},{"id":9223372000001087427,"category":{"id":0,"name":"string"},"name":"doggie","photoUrls":["string"],"tags":[{"id":0,"name":"string"}],"status":"available"},{"id":9223372000001087429,"category":{"id":0,"name":"string"},"name":"doggie","photoUrls":["string"],"tags":[{"id":0,"name":"string"}],"status":"available"},{"id":9223372000001087430,"category":{"id":0,"name":"string"},"name":"doggie","photoUrls":["string"],"tags":[{"id":0,"name":"string"}],"status":"available"},{"id":9223372000001087431,"category":{"id":0,"n... (set the log level to DEBUG or TRACE to see the full content) 
 </msg>
<msg timestamp="20220201 16:00:32.979" level="INFO">${response} = &lt;Response [200]&gt;</msg>
<status status="PASS" starttime="20220201 16:00:31.433" endtime="20220201 16:00:32.979"/>
</kw>
<kw name="Status Should Be" library="RequestsLibrary">
<arg>200</arg>
<doc>Fails if response status code is different than the expected.</doc>
<status status="PASS" starttime="20220201 16:00:32.979" endtime="20220201 16:00:32.979"/>
</kw>
<status status="PASS" starttime="20220201 16:00:31.433" endtime="20220201 16:00:32.979"/>
</kw>
<tag>API</tag>
<status status="PASS" starttime="20220201 16:00:31.433" endtime="20220201 16:00:32.979"/>
</test>
<test id="s1-s1-t2" name="Get all pending pets in the Petstore">
<kw name="Pending Pets" library="Petstore">
<kw name="GET" library="RequestsLibrary">
<var>${response}</var>
<arg>url=${url}/pet/findByStatus?status=pending</arg>
<doc>Sends a GET request.</doc>
<msg timestamp="20220201 16:00:33.901" level="INFO">GET Request : url=https://petstore.swagger.io/v2/pet/findByStatus?status=pending 
 path_url=/v2/pet/findByStatus?status=pending 
 headers={'User-Agent': 'python-requests/2.27.1', 'Accept-Encoding': 'gzip, deflate', 'Accept': '*/*', 'Connection': 'keep-alive'} 
 body=None 
 </msg>
<msg timestamp="20220201 16:00:33.901" level="INFO">GET Response : url=https://petstore.swagger.io/v2/pet/findByStatus?status=pending 
 status=200, reason=OK 
 headers={'Date': 'Tue, 01 Feb 2022 14:00:33 GMT', 'Content-Type': 'application/json', 'Transfer-Encoding': 'chunked', 'Connection': 'keep-alive', 'Access-Control-Allow-Origin': '*', 'Access-Control-Allow-Methods': 'GET, POST, DELETE, PUT', 'Access-Control-Allow-Headers': 'Content-Type, api_key, Authorization', 'Server': 'Jetty(9.2.9.v20150224)'} 
 body=[{"id":81723614,"category":{"id":-35894100,"name":"sit reprehenderit fugiat amet aliqua"},"name":"doggie","photoUrls":["occaecat nostrud dolore fugiat tempor","id est"],"tags":[{"id":-85885711,"name":"pariatur labore Lorem"},{"id":-37987020,"name":"v"}],"status":"pending"},{"id":29366791400,"category":{"id":29366791400,"name":"string"},"name":"koalabaerchen","photoUrls":["https://updatedurl.de"],"tags":[{"id":29366791400,"name":"string"}],"status":"pending"}] 
 </msg>
<msg timestamp="20220201 16:00:33.901" level="INFO">${response} = &lt;Response [200]&gt;</msg>
<status status="PASS" starttime="20220201 16:00:32.979" endtime="20220201 16:00:33.901"/>
</kw>
<kw name="Status Should Be" library="RequestsLibrary">
<arg>200</arg>
<doc>Fails if response status code is different than the expected.</doc>
<status status="PASS" starttime="20220201 16:00:33.901" endtime="20220201 16:00:33.901"/>
</kw>
<status status="PASS" starttime="20220201 16:00:32.979" endtime="20220201 16:00:33.901"/>
</kw>
<tag>API</tag>
<status status="PASS" starttime="20220201 16:00:32.979" endtime="20220201 16:00:33.901"/>
</test>
<test id="s1-s1-t3" name="Get all sold pets in the Petstore">
<kw name="Sold Pets" library="Petstore">
<kw name="GET" library="RequestsLibrary">
<var>${response}</var>
<arg>url=${url}/pet/findByStatus?status=sold</arg>
<doc>Sends a GET request.</doc>
<msg timestamp="20220201 16:00:34.823" level="INFO">GET Request : url=https://petstore.swagger.io/v2/pet/findByStatus?status=sold 
 path_url=/v2/pet/findByStatus?status=sold 
 headers={'User-Agent': 'python-requests/2.27.1', 'Accept-Encoding': 'gzip, deflate', 'Accept': '*/*', 'Connection': 'keep-alive'} 
 body=None 
 </msg>
<msg timestamp="20220201 16:00:34.823" level="INFO">GET Response : url=https://petstore.swagger.io/v2/pet/findByStatus?status=sold 
 status=200, reason=OK 
 headers={'Date': 'Tue, 01 Feb 2022 14:00:34 GMT', 'Content-Type': 'application/json', 'Transfer-Encoding': 'chunked', 'Connection': 'keep-alive', 'Access-Control-Allow-Origin': '*', 'Access-Control-Allow-Methods': 'GET, POST, DELETE, PUT', 'Access-Control-Allow-Headers': 'Content-Type, api_key, Authorization', 'Server': 'Jetty(9.2.9.v20150224)'} 
 body=[{"id":15435006001660,"category":{"id":2432432,"name":"category_name"},"name":"5239423","photoUrls":["test URL"],"tags":[{"id":5,"name":"fact tag"}],"status":"sold"},{"id":1122338504037,"category":{"id":5436,"name":"soaspec_test"},"name":"Charlie","photoUrls":["string"],"tags":[{"id":1,"name":"string"}],"status":"sold"},{"id":134678,"name":"見響见响仮仏!$%&amp;()*+,-ƄƅƆḞḟṀʶʷʸăĄą","photoUrls":["https://petstore3.swagger.io/resources/photos/623389095.jpg"],"tags":[],"status":"sold"},{"id":9957,"category":{"id":15},"name":"zaratel","photoUrls":[],"tags":[],"status":"sold"},{"id":625,"category":{"id":0,"name":"string"},"name":"hati","photoUrls":["string"],"tags":[{"id":0,"name":"string"}],"status":"sold"},{"id":549,"name":"Timmothy","photoUrls":[],"tags":[],"status":"sold"},{"id":593,"name":"Kira","photoUrls":[],"tags":[],"status":"sold"},{"id":27419655704,"category":{"id":27419655704,"name":"string"},"name":"koalabaerchen","photoUrls":["https://updatedurl.de"],"tags":[{"id":27419655704,"name":"string"}],"status":"sold"},{"id":214214234234,"name":"Ann Lowe","photoUrls":[],"tags":[],"status":"sold"},{"id":9,"category":{"id":0,"name":"cats"},"name":"King Kong","photoUrls":["string"],"tags":[{"id":0,"name":"string"}],"status":"sold"},{"id":12,"category":{"id":0,"name":"dogs"},"name":"Fido","photoUrls":["string"],"tags":[{"id":0,"name":"string"}],"status":"sold"},{"id":1313131312,"name":"Tommy","photoUrls":[],"tags":[],"status":"sold"},{"id":25,"category":{"id":1,"name":"Cats"},"name":"Tosha","photoUrls":["string"],"tags":[{"id":0,"name":"Kot"}],"status":"sold"}] 
 </msg>
<msg timestamp="20220201 16:00:34.823" level="INFO">${response} = &lt;Response [200]&gt;</msg>
<status status="PASS" starttime="20220201 16:00:33.901" endtime="20220201 16:00:34.823"/>
</kw>
<kw name="Status Should Be" library="RequestsLibrary">
<arg>200</arg>
<doc>Fails if response status code is different than the expected.</doc>
<status status="PASS" starttime="20220201 16:00:34.838" endtime="20220201 16:00:34.838"/>
</kw>
<status status="PASS" starttime="20220201 16:00:33.901" endtime="20220201 16:00:34.838"/>
</kw>
<tag>API</tag>
<status status="PASS" starttime="20220201 16:00:33.901" endtime="20220201 16:00:34.838"/>
</test>
<test id="s1-s1-t4" name="Add pet to the Petstore">
<kw name="Add Pet" library="Petstore">
<kw name="Create Dictionary" library="BuiltIn">
<var>${body}</var>
<arg>category:id=1</arg>
<arg>category:name=DOG</arg>
<doc>Creates and returns a dictionary based on the given ``items``.</doc>
<msg timestamp="20220201 16:00:34.838" level="INFO">${body} = {'category:id': '1', 'category:name': 'DOG'}</msg>
<status status="PASS" starttime="20220201 16:00:34.838" endtime="20220201 16:00:34.838"/>
</kw>
<kw name="POST" library="RequestsLibrary">
<var>${response}</var>
<arg>url=${url}/pet</arg>
<arg>json=${body}</arg>
<doc>Sends a POST request.</doc>
<msg timestamp="20220201 16:00:35.775" level="INFO">POST Request : url=https://petstore.swagger.io/v2/pet 
 path_url=/v2/pet 
 headers={'User-Agent': 'python-requests/2.27.1', 'Accept-Encoding': 'gzip, deflate', 'Accept': '*/*', 'Connection': 'keep-alive', 'Content-Length': '44', 'Content-Type': 'application/json'} 
 body=b'{"category:id": "1", "category:name": "DOG"}' 
 </msg>
<msg timestamp="20220201 16:00:35.775" level="INFO">POST Response : url=https://petstore.swagger.io/v2/pet 
 status=200, reason=OK 
 headers={'Date': 'Tue, 01 Feb 2022 14:00:35 GMT', 'Content-Type': 'application/json', 'Transfer-Encoding': 'chunked', 'Connection': 'keep-alive', 'Access-Control-Allow-Origin': '*', 'Access-Control-Allow-Methods': 'GET, POST, DELETE, PUT', 'Access-Control-Allow-Headers': 'Content-Type, api_key, Authorization', 'Server': 'Jetty(9.2.9.v20150224)'} 
 body={"id":9223372036854775807,"photoUrls":[],"tags":[]} 
 </msg>
<msg timestamp="20220201 16:00:35.775" level="INFO">${response} = &lt;Response [200]&gt;</msg>
<status status="PASS" starttime="20220201 16:00:34.838" endtime="20220201 16:00:35.775"/>
</kw>
<kw name="Status Should Be" library="RequestsLibrary">
<arg>200</arg>
<doc>Fails if response status code is different than the expected.</doc>
<status status="PASS" starttime="20220201 16:00:35.775" endtime="20220201 16:00:35.775"/>
</kw>
<status status="PASS" starttime="20220201 16:00:34.838" endtime="20220201 16:00:35.775"/>
</kw>
<tag>API</tag>
<status status="PASS" starttime="20220201 16:00:34.838" endtime="20220201 16:00:35.775"/>
</test>
<doc>These are some Petstore API tests for the spriteCloud TA Assignment</doc>
<status status="PASS" starttime="20220201 16:00:31.120" endtime="20220201 16:00:35.775"/>
</suite>
<suite id="s1-s2" name="UI Tests" source="C:\Development\robot-scripts\spriteCloud\tests\UI_Tests.robot">
<test id="s1-s2-t1" name="Validate the UITAP tab">
<kw name="Click on UITAP tab" library="UITestingPlayground">
<tag>Functional Test</tag>
<doc>Validate that the UITAP tab is clickable and navigates to the main page</doc>
<kw name="Open Browser" library="SeleniumLibrary">
<arg>${LOGIN URL}</arg>
<arg>${BROWSER}</arg>
<doc>Opens a new browser instance to the optional ``url``.</doc>
<msg timestamp="20220201 16:00:35.791" level="INFO">Opening browser 'Chrome' to base url 'http://www.uitestingplayground.com'.</msg>
<status status="PASS" starttime="20220201 16:00:35.791" endtime="20220201 16:00:47.222"/>
</kw>
<kw name="Wait Until Page Contains" library="SeleniumLibrary">
<arg>UI Test Automation Playground</arg>
<doc>Waits until ``text`` appears on the current page.</doc>
<status status="PASS" starttime="20220201 16:00:47.222" endtime="20220201 16:00:47.241"/>
</kw>
<kw name="Click Link" library="SeleniumLibrary">
<arg>xpath=/html/body/nav/a</arg>
<doc>Clicks a link identified by ``locator``.</doc>
<msg timestamp="20220201 16:00:47.241" level="INFO">Clicking link 'xpath=/html/body/nav/a'.</msg>
<status status="PASS" starttime="20220201 16:00:47.241" endtime="20220201 16:00:47.914"/>
</kw>
<kw name="Wait Until Page Contains" library="SeleniumLibrary">
<arg>UI Test Automation Playground</arg>
<doc>Waits until ``text`` appears on the current page.</doc>
<status status="PASS" starttime="20220201 16:00:47.914" endtime="20220201 16:00:47.927"/>
</kw>
<kw name="Page Should Contain Image" library="SeleniumLibrary">
<arg>xpath=//*[@id="description"]/div/div/div[2]/img</arg>
<doc>Verifies image identified by ``locator`` is found from current page.</doc>
<msg timestamp="20220201 16:00:47.948" level="INFO">Current page contains image 'xpath=//*[@id="description"]/div/div/div[2]/img'.</msg>
<status status="PASS" starttime="20220201 16:00:47.928" endtime="20220201 16:00:47.948"/>
</kw>
<kw name="Element Text Should Be" library="SeleniumLibrary">
<arg>xpath=//*[@id="citation"]/p</arg>
<arg>Quality is not an act, it is a habit.</arg>
<doc>Verifies that element ``locator`` contains exact the text ``expected``.</doc>
<msg timestamp="20220201 16:00:47.948" level="INFO">Verifying element 'xpath=//*[@id="citation"]/p' contains exact text 'Quality is not an act, it is a habit.'.</msg>
<status status="PASS" starttime="20220201 16:00:47.948" endtime="20220201 16:00:47.969"/>
</kw>
<kw name="Element Text Should Be" library="SeleniumLibrary">
<arg>xpath=//*[@id="description"]/div/div/div[1]/div/span</arg>
<arg>The purpose of this website is to provide a platform for sharpening UI test automation skills. Use it to practice with your test automation tool. Use it to learn test automation techniques.</arg>
<doc>Verifies that element ``locator`` contains exact the text ``expected``.</doc>
<msg timestamp="20220201 16:00:47.969" level="INFO">Verifying element 'xpath=//*[@id="description"]/div/div/div[1]/div/span' contains exact text 'The purpose of this website is to provide a platform for sharpening UI test automation skills. Use it to practice with your test automation tool. Use it to learn test automation techniques.'.</msg>
<status status="PASS" starttime="20220201 16:00:47.969" endtime="20220201 16:00:48.001"/>
</kw>
<kw name="Element Text Should Be" library="SeleniumLibrary">
<arg>xpath=//*[@id="description"]/div/div/div[1]/p</arg>
<arg>Different automation pitfalls appearing in modern web applications are described and emulated below.</arg>
<doc>Verifies that element ``locator`` contains exact the text ``expected``.</doc>
<msg timestamp="20220201 16:00:48.001" level="INFO">Verifying element 'xpath=//*[@id="description"]/div/div/div[1]/p' contains exact text 'Different automation pitfalls appearing in modern web applications are described and emulated below.'.</msg>
<status status="PASS" starttime="20220201 16:00:48.001" endtime="20220201 16:00:48.016"/>
</kw>
<kw name="Close Browser" library="SeleniumLibrary">
<doc>Closes the current browser.</doc>
<status status="PASS" starttime="20220201 16:00:48.016" endtime="20220201 16:00:50.333"/>
</kw>
<status status="PASS" starttime="20220201 16:00:35.791" endtime="20220201 16:00:50.333"/>
</kw>
<tag>UI Test</tag>
<status status="PASS" starttime="20220201 16:00:35.791" endtime="20220201 16:00:50.333"/>
</test>
<test id="s1-s2-t2" name="Validate the Home tab">
<kw name="Click on Home tab" library="UITestingPlayground">
<tag>Functional Test</tag>
<doc>Validate that the Home tab is clickable and navigates to the main page</doc>
<kw name="Open Browser" library="SeleniumLibrary">
<arg>${LOGIN URL}</arg>
<arg>${BROWSER}</arg>
<doc>Opens a new browser instance to the optional ``url``.</doc>
<msg timestamp="20220201 16:00:50.333" level="INFO">Opening browser 'Chrome' to base url 'http://www.uitestingplayground.com'.</msg>
<status status="PASS" starttime="20220201 16:00:50.333" endtime="20220201 16:01:01.908"/>
</kw>
<kw name="Wait Until Page Contains" library="SeleniumLibrary">
<arg>UI Test Automation Playground</arg>
<doc>Waits until ``text`` appears on the current page.</doc>
<status status="PASS" starttime="20220201 16:01:01.908" endtime="20220201 16:01:01.927"/>
</kw>
<kw name="Click Link" library="SeleniumLibrary">
<arg>xpath=//*[@id="navbarSupportedContent"]/ul/li[1]/a</arg>
<doc>Clicks a link identified by ``locator``.</doc>
<msg timestamp="20220201 16:01:01.928" level="INFO">Clicking link 'xpath=//*[@id="navbarSupportedContent"]/ul/li[1]/a'.</msg>
<status status="PASS" starttime="20220201 16:01:01.928" endtime="20220201 16:01:02.571"/>
</kw>
<kw name="Wait Until Page Contains" library="SeleniumLibrary">
<arg>UI Test Automation Playground</arg>
<doc>Waits until ``text`` appears on the current page.</doc>
<status status="PASS" starttime="20220201 16:01:02.571" endtime="20220201 16:01:02.588"/>
</kw>
<kw name="Page Should Contain Image" library="SeleniumLibrary">
<arg>xpath=//*[@id="description"]/div/div/div[2]/img</arg>
<doc>Verifies image identified by ``locator`` is found from current page.</doc>
<msg timestamp="20220201 16:01:02.611" level="INFO">Current page contains image 'xpath=//*[@id="description"]/div/div/div[2]/img'.</msg>
<status status="PASS" starttime="20220201 16:01:02.588" endtime="20220201 16:01:02.611"/>
</kw>
<kw name="Element Text Should Be" library="SeleniumLibrary">
<arg>xpath=//*[@id="citation"]/p</arg>
<arg>Quality is not an act, it is a habit.</arg>
<doc>Verifies that element ``locator`` contains exact the text ``expected``.</doc>
<msg timestamp="20220201 16:01:02.611" level="INFO">Verifying element 'xpath=//*[@id="citation"]/p' contains exact text 'Quality is not an act, it is a habit.'.</msg>
<status status="PASS" starttime="20220201 16:01:02.611" endtime="20220201 16:01:02.645"/>
</kw>
<kw name="Element Text Should Be" library="SeleniumLibrary">
<arg>xpath=//*[@id="description"]/div/div/div[1]/div/span</arg>
<arg>The purpose of this website is to provide a platform for sharpening UI test automation skills. Use it to practice with your test automation tool. Use it to learn test automation techniques.</arg>
<doc>Verifies that element ``locator`` contains exact the text ``expected``.</doc>
<msg timestamp="20220201 16:01:02.645" level="INFO">Verifying element 'xpath=//*[@id="description"]/div/div/div[1]/div/span' contains exact text 'The purpose of this website is to provide a platform for sharpening UI test automation skills. Use it to practice with your test automation tool. Use it to learn test automation techniques.'.</msg>
<status status="PASS" starttime="20220201 16:01:02.645" endtime="20220201 16:01:02.679"/>
</kw>
<kw name="Element Text Should Be" library="SeleniumLibrary">
<arg>xpath=//*[@id="description"]/div/div/div[1]/p</arg>
<arg>Different automation pitfalls appearing in modern web applications are described and emulated below.</arg>
<doc>Verifies that element ``locator`` contains exact the text ``expected``.</doc>
<msg timestamp="20220201 16:01:02.679" level="INFO">Verifying element 'xpath=//*[@id="description"]/div/div/div[1]/p' contains exact text 'Different automation pitfalls appearing in modern web applications are described and emulated below.'.</msg>
<status status="PASS" starttime="20220201 16:01:02.679" endtime="20220201 16:01:02.712"/>
</kw>
<kw name="Close Browser" library="SeleniumLibrary">
<doc>Closes the current browser.</doc>
<status status="PASS" starttime="20220201 16:01:02.712" endtime="20220201 16:01:04.934"/>
</kw>
<status status="PASS" starttime="20220201 16:00:50.333" endtime="20220201 16:01:04.934"/>
</kw>
<tag>UI Test</tag>
<status status="PASS" starttime="20220201 16:00:50.333" endtime="20220201 16:01:04.934"/>
</test>
<test id="s1-s2-t3" name="Validate the Resource tab">
<kw name="Click on Resources tab" library="UITestingPlayground">
<tag>Functional Test</tag>
<doc>Validate that the Resources tab is clickable and navigates to the resource page</doc>
<kw name="Open Browser" library="SeleniumLibrary">
<arg>${LOGIN URL}</arg>
<arg>${BROWSER}</arg>
<doc>Opens a new browser instance to the optional ``url``.</doc>
<msg timestamp="20220201 16:01:04.934" level="INFO">Opening browser 'Chrome' to base url 'http://www.uitestingplayground.com'.</msg>
<status status="PASS" starttime="20220201 16:01:04.934" endtime="20220201 16:01:16.448"/>
</kw>
<kw name="Wait Until Page Contains" library="SeleniumLibrary">
<arg>UI Test Automation</arg>
<doc>Waits until ``text`` appears on the current page.</doc>
<status status="PASS" starttime="20220201 16:01:16.448" endtime="20220201 16:01:16.486"/>
</kw>
<kw name="Click Link" library="SeleniumLibrary">
<arg>xpath=//*[@id="navbarSupportedContent"]/ul/li[2]/a</arg>
<doc>Clicks a link identified by ``locator``.</doc>
<msg timestamp="20220201 16:01:16.486" level="INFO">Clicking link 'xpath=//*[@id="navbarSupportedContent"]/ul/li[2]/a'.</msg>
<status status="PASS" starttime="20220201 16:01:16.486" endtime="20220201 16:01:17.145"/>
</kw>
<kw name="Wait Until Page Contains" library="SeleniumLibrary">
<arg>Resources</arg>
<doc>Waits until ``text`` appears on the current page.</doc>
<status status="PASS" starttime="20220201 16:01:17.145" endtime="20220201 16:01:17.164"/>
</kw>
<kw name="Element Text Should Be" library="SeleniumLibrary">
<arg>xpath=/html/body/section/div/h3</arg>
<arg>Resources</arg>
<doc>Verifies that element ``locator`` contains exact the text ``expected``.</doc>
<msg timestamp="20220201 16:01:17.165" level="INFO">Verifying element 'xpath=/html/body/section/div/h3' contains exact text 'Resources'.</msg>
<status status="PASS" starttime="20220201 16:01:17.165" endtime="20220201 16:01:17.188"/>
</kw>
<kw name="Element Text Should Be" library="SeleniumLibrary">
<arg>xpath=/html/body/section/div/h4[1]</arg>
<arg>Learning</arg>
<doc>Verifies that element ``locator`` contains exact the text ``expected``.</doc>
<msg timestamp="20220201 16:01:17.188" level="INFO">Verifying element 'xpath=/html/body/section/div/h4[1]' contains exact text 'Learning'.</msg>
<status status="PASS" starttime="20220201 16:01:17.188" endtime="20220201 16:01:17.228"/>
</kw>
<kw name="Element Text Should Be" library="SeleniumLibrary">
<arg>xpath=/html/body/section/div/h4[2]</arg>
<arg>Standards</arg>
<doc>Verifies that element ``locator`` contains exact the text ``expected``.</doc>
<msg timestamp="20220201 16:01:17.229" level="INFO">Verifying element 'xpath=/html/body/section/div/h4[2]' contains exact text 'Standards'.</msg>
<status status="PASS" starttime="20220201 16:01:17.228" endtime="20220201 16:01:17.247"/>
</kw>
<kw name="Element Text Should Be" library="SeleniumLibrary">
<arg>xpath=/html/body/section/div/h4[3]</arg>
<arg>Articles</arg>
<doc>Verifies that element ``locator`` contains exact the text ``expected``.</doc>
<msg timestamp="20220201 16:01:17.247" level="INFO">Verifying element 'xpath=/html/body/section/div/h4[3]' contains exact text 'Articles'.</msg>
<status status="PASS" starttime="20220201 16:01:17.247" endtime="20220201 16:01:17.262"/>
</kw>
<kw name="Element Text Should Be" library="SeleniumLibrary">
<arg>xpath=/html/body/section/div/h4[4]</arg>
<arg>Community</arg>
<doc>Verifies that element ``locator`` contains exact the text ``expected``.</doc>
<msg timestamp="20220201 16:01:17.262" level="INFO">Verifying element 'xpath=/html/body/section/div/h4[4]' contains exact text 'Community'.</msg>
<status status="PASS" starttime="20220201 16:01:17.262" endtime="20220201 16:01:17.278"/>
</kw>
<kw name="Close Browser" library="SeleniumLibrary">
<doc>Closes the current browser.</doc>
<status status="PASS" starttime="20220201 16:01:17.278" endtime="20220201 16:01:19.499"/>
</kw>
<status status="PASS" starttime="20220201 16:01:04.934" endtime="20220201 16:01:19.499"/>
</kw>
<tag>UI Test</tag>
<status status="PASS" starttime="20220201 16:01:04.934" endtime="20220201 16:01:19.499"/>
</test>
<test id="s1-s2-t4" name="Validate the Dynamic ID link">
<kw name="Validate Dymanic ID link" library="UITestingPlayground">
<tag>Functional Test</tag>
<doc>Validate that the Dynamic ID link is clickable, that it navigates to the Dynamic ID page and that the button is clickable</doc>
<kw name="Open Browser" library="SeleniumLibrary">
<arg>${LOGIN URL}</arg>
<arg>${BROWSER}</arg>
<doc>Opens a new browser instance to the optional ``url``.</doc>
<msg timestamp="20220201 16:01:19.499" level="INFO">Opening browser 'Chrome' to base url 'http://www.uitestingplayground.com'.</msg>
<status status="PASS" starttime="20220201 16:01:19.499" endtime="20220201 16:01:35.340"/>
</kw>
<kw name="Wait Until Page Contains" library="SeleniumLibrary">
<arg>UI Test Automation Playground</arg>
<doc>Waits until ``text`` appears on the current page.</doc>
<status status="PASS" starttime="20220201 16:01:35.341" endtime="20220201 16:01:35.374"/>
</kw>
<kw name="Element Text Should Be" library="SeleniumLibrary">
<arg>xpath=//*[@id="overview"]/div/div[1]/div[1]/h3/a</arg>
<arg>Dynamic ID</arg>
<doc>Verifies that element ``locator`` contains exact the text ``expected``.</doc>
<msg timestamp="20220201 16:01:35.375" level="INFO">Verifying element 'xpath=//*[@id="overview"]/div/div[1]/div[1]/h3/a' contains exact text 'Dynamic ID'.</msg>
<status status="PASS" starttime="20220201 16:01:35.374" endtime="20220201 16:01:35.400"/>
</kw>
<kw name="Element Text Should Be" library="SeleniumLibrary">
<arg>xpath=//*[@id="overview"]/div/div[1]/div[1]/p</arg>
<arg>Make sure you are not recording dynamic IDs of elements</arg>
<doc>Verifies that element ``locator`` contains exact the text ``expected``.</doc>
<msg timestamp="20220201 16:01:35.400" level="INFO">Verifying element 'xpath=//*[@id="overview"]/div/div[1]/div[1]/p' contains exact text 'Make sure you are not recording dynamic IDs of elements'.</msg>
<status status="PASS" starttime="20220201 16:01:35.400" endtime="20220201 16:01:35.410"/>
</kw>
<kw name="Click Link" library="SeleniumLibrary">
<arg>xpath=//*[@id="overview"]/div/div[1]/div[1]/h3/a</arg>
<doc>Clicks a link identified by ``locator``.</doc>
<msg timestamp="20220201 16:01:35.410" level="INFO">Clicking link 'xpath=//*[@id="overview"]/div/div[1]/div[1]/h3/a'.</msg>
<status status="PASS" starttime="20220201 16:01:35.410" endtime="20220201 16:01:36.122"/>
</kw>
<kw name="Element Text Should Be" library="SeleniumLibrary">
<arg>xpath=/html/body/section/div/h3</arg>
<arg>Dynamic ID</arg>
<doc>Verifies that element ``locator`` contains exact the text ``expected``.</doc>
<msg timestamp="20220201 16:01:36.123" level="INFO">Verifying element 'xpath=/html/body/section/div/h3' contains exact text 'Dynamic ID'.</msg>
<status status="PASS" starttime="20220201 16:01:36.122" endtime="20220201 16:01:36.143"/>
</kw>
<kw name="Element Text Should Be" library="SeleniumLibrary">
<arg>xpath=/html/body/section/div/p</arg>
<arg>Modern applications often generate dynamic IDs for elements. In this case ID is not a reliable attribute for using in element selector. By default many UI automation tools record IDs and this results in tests broken from the very beginning. An automation tool needs a way to instruct it to skip dynamic IDs when XPath is generated for an element.</arg>
<doc>Verifies that element ``locator`` contains exact the text ``expected``.</doc>
<msg timestamp="20220201 16:01:36.143" level="INFO">Verifying element 'xpath=/html/body/section/div/p' contains exact text 'Modern applications often generate dynamic IDs for elements. In this case ID is not a reliable attribute for using in element selector. By default many UI automation tools record IDs and this results in tests broken from the very beginning. An automation tool needs a way to instruct it to skip dynamic IDs when XPath is generated for an element.'.</msg>
<status status="PASS" starttime="20220201 16:01:36.143" endtime="20220201 16:01:36.176"/>
</kw>
<kw name="Element Text Should Be" library="SeleniumLibrary">
<arg>xpath=/html/body/section/div/h4[1]</arg>
<arg>Scenario</arg>
<doc>Verifies that element ``locator`` contains exact the text ``expected``.</doc>
<msg timestamp="20220201 16:01:36.177" level="INFO">Verifying element 'xpath=/html/body/section/div/h4[1]' contains exact text 'Scenario'.</msg>
<status status="PASS" starttime="20220201 16:01:36.176" endtime="20220201 16:01:36.199"/>
</kw>
<kw name="Element Text Should Be" library="SeleniumLibrary">
<arg>xpath=/html/body/section/div/ul/li[1]</arg>
<arg>Record button click.</arg>
<doc>Verifies that element ``locator`` contains exact the text ``expected``.</doc>
<msg timestamp="20220201 16:01:36.199" level="INFO">Verifying element 'xpath=/html/body/section/div/ul/li[1]' contains exact text 'Record button click.'.</msg>
<status status="PASS" starttime="20220201 16:01:36.199" endtime="20220201 16:01:36.210"/>
</kw>
<kw name="Element Text Should Be" library="SeleniumLibrary">
<arg>xpath=/html/body/section/div/ul/li[2]</arg>
<arg>Then execute your test to make sure that ID is not used for button identification.</arg>
<doc>Verifies that element ``locator`` contains exact the text ``expected``.</doc>
<msg timestamp="20220201 16:01:36.210" level="INFO">Verifying element 'xpath=/html/body/section/div/ul/li[2]' contains exact text 'Then execute your test to make sure that ID is not used for button identification.'.</msg>
<status status="PASS" starttime="20220201 16:01:36.210" endtime="20220201 16:01:36.241"/>
</kw>
<kw name="Element Text Should Be" library="SeleniumLibrary">
<arg>xpath=/html/body/section/div/h4[2]</arg>
<arg>Playground</arg>
<doc>Verifies that element ``locator`` contains exact the text ``expected``.</doc>
<msg timestamp="20220201 16:01:36.241" level="INFO">Verifying element 'xpath=/html/body/section/div/h4[2]' contains exact text 'Playground'.</msg>
<status status="PASS" starttime="20220201 16:01:36.241" endtime="20220201 16:01:36.257"/>
</kw>
<kw name="Click Button" library="SeleniumLibrary">
<arg>Button with Dynamic ID</arg>
<doc>Clicks the button identified by ``locator``.</doc>
<msg timestamp="20220201 16:01:36.257" level="INFO">Clicking button 'Button with Dynamic ID'.</msg>
<status status="PASS" starttime="20220201 16:01:36.257" endtime="20220201 16:01:36.318"/>
</kw>
<kw name="Close Browser" library="SeleniumLibrary">
<doc>Closes the current browser.</doc>
<status status="PASS" starttime="20220201 16:01:36.318" endtime="20220201 16:01:38.529"/>
</kw>
<status status="PASS" starttime="20220201 16:01:19.499" endtime="20220201 16:01:38.529"/>
</kw>
<tag>UI Test</tag>
<status status="PASS" starttime="20220201 16:01:19.499" endtime="20220201 16:01:38.529"/>
</test>
<doc>This is some basic info about the whole suite</doc>
<status status="PASS" starttime="20220201 16:00:35.775" endtime="20220201 16:01:38.529"/>
</suite>
<status status="PASS" starttime="20220201 16:00:31.089" endtime="20220201 16:01:38.544"/>
</suite>
<statistics>
<total>
<stat pass="8" fail="0" skip="0">All Tests</stat>
</total>
<tag>
<stat pass="4" fail="0" skip="0">API</stat>
<stat pass="4" fail="0" skip="0">UI Test</stat>
</tag>
<suite>
<stat pass="8" fail="0" skip="0" id="s1" name="Tests">Tests</stat>
<stat pass="4" fail="0" skip="0" id="s1-s1" name="API Tests">Tests.API Tests</stat>
<stat pass="4" fail="0" skip="0" id="s1-s2" name="UI Tests">Tests.UI Tests</stat>
</suite>
</statistics>
<errors>
</errors>
</robot>
